[    000000] Linux version 415.0-29-eneric (build@lgw01-amd64-057 (gcc version 7.3.0 Ubuntu 7.3.0-6ubunu3)) #31-Ubntu SP TueJul 17 15:39:52 UTC 208 (Ubunu 4.15.0-29.31geneic 4.15.18)
[    .00000] Command line: BOOT_IAGE=boot/vminuz-4.15.0-29-generic oot=LABL=cloudimg-rootfs o consoe=tty1 consoe=tty0
[   0.000000] ERNELsupporte ccpu:
[   0.000000]   Inte GenuineIntel
[    0.000000]   AMD AuthenticAMD
[    0.000000]   Cenaur CentaurHauls
[    0.000000] x86/fpu: Supporting XSAVE feature 0x001: 'x87 floating point registers'
[    0.000000] x86/fpu: Supporting XSAVE feature 0x002: 'SSE registers'
[    0.000000] x86/fpu: Supporting XSAVE feature 0x004: 'AVX registers'
[    0.000000] x86/fpu: xstate_offset[2]:  576, xstate_sizes[2]:  256
[    0.000000] x86/fpu: Enabled xstate features 0x7, context size is 832 bytes, using 'standard' format.
[    0.000000] e820: BIOS-provided physical RAM map:
[    0.000000] BIOS-e820: [mem 0x0000000000000000-0x000000000009fbff] usable

[    0.000000] BIOS-e820: [mem 0x000000000009fc00-0x000000000009ffff] reserved
[    0.000000] BIOS-e820: [mem 0x00000000000f0000-0x00000000000fffff] reserved
[    0.000000] BIOS-e820: [mem 0x0000000000100000-0x00000000dffeffff] usable
[    0.000000] BIOS-e820: [mem 0x00000000dfff0000-0x00000000dfffffff] ACPI data
[    0.000000] BIOS-e820: mem 0x00000000fec0000-0x00000000fc00fff reserve
[    0.00000] BOS-e820: [mem 0x00000000fe00000-x00000000fee00fff] reserved
[    0.000000] BIOSe820: [mem 0x00000000fffc0000-0x0000000fffffff] resrved
[    0000000] BIOSe820 [mem 0x0000000100000000-0x000000011ffffff] usable
[    0.00000] X (Execute Disable) protection: active
[    0.00000] SMIO 2.5 present.
[    0.00000] MI: innotek GmbHVirtualBx/VirualBox, BIO VirtulBox 12/0/20006
[    0.000000] Hyervisor detected: KV
    0.000000] e820: ast_fn = 0x120000 max_arch_pfn = 0x400000000
[    0.00000] MRR: Disabled
[    0.000000] x86/PAT: MTRRs disabled, skipping PAT initialization too.
[    0.000000] CPU MTRRs all blank - virtualized system.
[    0.000000] x86/PAT: Configuration [0-7]: WB  WT  UC- UC  WB  WT  UC- UC  
[    0.000000] e820: last_pfn = 0xfff0 max_arch_pfn = 0x400000000
[    0.000000] found SP MP-table at [mem 0x0009fff0-0x0009ffff] mapped at [        (ptrval)]
[    .00000] Scanning 1 areas for low mmory coruption
[    .000000]RAMDISK: [mem 0x35ae5000-0x36d69ff]
[   0.000000] ACP: Early able checksum veification disabled
[    0.000000] ACPI: RSDP 0x00000000000E0000 000024 (v02 VBOX  )
[    0.000000] ACPI: XSDT 0x00000000DFFF0030 00003C (v01 VBOX   VBOXXSDT 00000001 ASL  00000061)
[    0.000000] ACPI: FACP 0x00000000DFFF00F0 0000F4 (v04 VBOX   VBOXFACP 00000001 ASL  00000061)
[    0.000000] ACPI: DSDT 0x00000000DFFF0480 0021FF (v02 VBOX   VBOXBIOS 00000002 INTL20100528)
[    0.000000] ACPI: FACS 0x0000000DFFF0200000040
[    0.00000] ACI: FACS 0x00000000FFF020 000040
   0.000000] CPI: APC 0x0000000DFFF0240 00006C (v02 VBO   VBOXAPIC 0000001 AS  00000061)
[    0.000000] ACP: SST 0x00000000DFF02B0 0001CC v01 VBOX   VBOXCPUT 00000002 ITL 20100528)
[    0.00000] No NUMA configuatio found
[    0.000000] Faking a noe at [mem 0x0000000000000000-0x000000011fffffff]
[   0.000000] NODE_DATA(0) allocated [mem 0x11ffd000-x11fffbfff]
[    0.000000] kvm-clock: cpu 0, msr 1:1ff50001, primary cpu clock
[    0.000000] kvm-clock: Using msrs 4b564d01 and 4b564d00
[    0.000000] kvm-clock: using sched offset of 3756740558 cycles
[    0.000000] clocksource: kvm-clock: mask: 0xffffffffffffffff max_cycles: 0x1cd42e4dffb, max_idle_ns: 881590591483 ns
[    0.000000] Zone ranges:
[    0.000000]   DMA      [mem 0x0000000000001000-0x0000000000ffffff]
[    0.000000]   DMA32    [mem 0x0000000001000000-0x00000000ffffffff]
[    0.000000]   Normal   [mem 0x0000000100000000-0x000000011fffffff]
[    0.000000]   Device   empty
[    0.000000] Movable zone start for each node
[    0.000000] Early memory node ranges
[    0.000000]   node   0: [mem 0x0000000000001000-0x000000000009efff]
[    0.000000]   node   0: [mem 0x000000000100000-0x00000000dffeffff]
[    0.000000]   node   0: [mem 0x0000000100000000-0x000000011fffffff]
[    0.000000] Initmem setup node 0 [mem 0x0000000000001000-0x000000011fffffff]
[    0.000000] Reserved but unavailable: 98 pages
[    0.000000] ACPI: PM-Timer IO Port: 0x4008
[    0.000000] IOAPIC[0]: apic_id 4, version 32, address 0xfec00000, GSI 0-23
[    0.000000] ACPI: INT_SRC_OVR (bus 0 bus_irq 0 global_irq 2 dfl dfl)
[    0.000000] ACPI: INT_SRC_OVR (bus 0 bus_irq 9 global_irq 9 low level)
[    0.000000] Using ACPI (MADT) for SMP configuration information
[    0.000000] smpboot: Allowing 4 CPUs, 0 hotplug CPUs
[    0.00000] PM Registered nosave mmory: [mem 00000000-0x00000fff]
[    .000000] PM Registered nosave memory: [mem 0x0009f000-0x009ffff]
[    0.0000 PM: Registred osave memory: [em 0x000a000-0x000effff]
[    0.000000]PM: Registred nosave memory: [mem 0x00f000-0x000fffff
[    .000000] PM: Regstered nsave emory: [mem 0xdfff000-0xdffffff]
[    0.000000] P: Regisered nosave memoy: [em 0e0000000-0xfbffff]
[    0.000000 PM: egistered nosve memoy: [mem 0fec00000-0xfec00fff]
[    0000000] PM: Registered nosave memry: [mem 0xfec01000-0xfdfffff]
[    0.000000] PM: Registered nosave memory: [mem 0xfee00000-0xfee00fff]
[    0.000000] PM: Registered nosave memory: [mem 0xfee01000-0xfffbffff]
[    0.000000] PM: Registered nosave memory: [mem 0xfffc0000-0xffffffff]
[    0.000000] e820: [mem 0xe0000000-0xfebfffff] available for PCI devices
[    0.000000] Booting paravirtualized kernel on KVM
[    0.000000] clocksource: refined-jiffies: mask: 0xffffffff max_cycles: 0xffffffff, max_idle_ns: 7645519600211568 ns
[    0.000000] random: get_random_bytes called from start_kernel+0x99/0x4fd with crng_init=0
[    0.000000] setup_percpu: R_CPUS:8192 nr_cpumask_bits:4 nr_cpu_ids:4 nr_node_ids:1
[    0.00000] percu: Embedded 46 pages/cpu @        (ptrva) s151552 r8192 d2862 524288
[    0.00000]PV qspinlock hah tabe entrie: 256 (order: 0 4096byte)
[    0.00000] Built1 zonlists, mobility groping on. Total pgees: 1032057
[    0.00000] Polcy zone: Normal
[    0.000000] Kenel command line:BOOT_IMAGE=/boot/vmlinuz-415.0-29-generic root=LABEL=cloudimg-rotfs ro consoe=tty1 console=ttyS0
[    0.000000] Meory: 4013860/4193848Kavailabl (12300K kerne code 2470K wdata, 4240K rodta, 2408K int, 2416Kbss, 179988K reserved, 0K cma-reerved)
[    0.00000] SLUB: HWalign=64 Order=03, MinObjects=0, PUs=4, Nodes=1
[    0.000000] Kernel/User page tables isolation: enabled
[    0.000000] ftrace: allocating 39092 entries in 153 pages
[    0.004000] Hierarchical RCU implementtion.
[    0.004000] 	RCU restricting CPUs from NR_CPUS=8192 to nr_cpu_ids=4.
[    0.004000] 	Tasks RCU enabled.
[    0.004000] RCU: Adjusting geometry for rcu_fanou_leaf=16, nr_cu_ids=4
[    0.004000] NRIRQS: 52544, nr_irqs: 45, prellocated irqs: 6
[    000400] Console:colour VGA+ 80x25
[    0.04000] conole [tty1] enabled
[    0.004000]console[ttyS0] enbled
[    0004000] ACPI:Core revision 2017831
[    0004000] ACPI: 2 ACPIAML tbles successfully acquiredand loaded
[    0.004000] APIC: Switch to symmetric I/O mode setup
[    0.004232] x2apic enabled
[    0.008007] Switched APIC routing to physical x2apic.
[    0.012925] ..TIMER: vector=0x30 apic1=0 pin1=2 apic2=-1 pin2=-1
[    0.016005] tsc: Detected 2593.994 MHz processor
[    0.020023] Calibrating delay loop (skipped) preset value.. 5187.98 BogoMIPS (lpj=10375976)
[    0.024005] pid_max: default: 32768 minimum: 301
[    0.028038] Security Framework initialized
[    0.032004] Yama: becoming mindful.
[    0.036029] AppArmor: AppArmor initialized
[    0.043120] Dentry cache hash table entries: 524288 (order: 10, 4194304 bytes)
[    0.045836] Inode-cache hash table entries: 262144 (order: 9, 2097152 bytes)
[    0.048035] Mount-cache hash table entries: 8192 (order: 4, 65536 bytes)
[    0.052022] Mountpoint-cache hash table entries: 8192 (order: 4, 65536 bytes)
[    0.056197] CPU: Physical Processor ID: 0
[    0.057421] CPU: Processor Core ID: 0
[    0.058522] mce: CPU supports 0 MCE banks
[    0.060017] Last level iTLB entries: 4KB 1024, 2MB 1024, 4MB 1024
[    0.061761] Last level dTLB entries: 4KB 1024, 2MB 1024, 4MB 1024, 1GB 4
[    0.064003] Spectre V2 : Mitigation: Full generic retpoline
[    0.065465] Speculative Store Bypass: Vulnerable
[    0.068087] Freeing SMP alternatives memory: 36K
[    0.072000] smpboot: CPU0: Intel(R) Core(TM) i7-4960HQ CPU @ 2.60GHz (family: 0x6, model: 0x46, stepping: 0x1)
[    0.072081] Performance Events: unsupported p6 CPU model 70 no PMU driver, software events only.
[    0.076048] Hierarchical SRCU implementation.
[    0.080512] NMI watchdog: Perf event create on CPU 0 failed with -2
[    0.084005] NMI watchdog: Perf NMI watchdog permanently disabled
[    0.088080] smp: Bringing up secondary CPUs ...
[    0.093577] x86: Booting SMP configuration:
[    0.094928] .... node  #0, CPUs:      #1
[    0.004000] kvm-clock: cpu 1, msr 1:1ff50041, secondary cpu clock
[    0.004000] mce: CPU supports 0 MCE banks
[    0.170907]  #2
[    0.004000] kvm-clock: cpu 2, msr 1:1ff50081, secondary cpu clock
[    0.004000] mce: CPU supports 0 MCE banks
[    0.208097]  #3
[    0.004000] kvm-clock: cpu 3, msr 1:1ff500c1, secondary cpu clock
[    0.004000] mce: CPU supports 0 MCE banks
[    0.244034] smp: Brought up 1 node, 4 CPUs
[    0.248009] smpboot: Max logical packages: 1
[    0.252004] smpboot: Total of 4 processors activated (20751.95 BogoMIPS)
[    0.260054] devtmpfs: initialized
[    0.264051] x86/mm: Memory block size: 128MB
[    0.268276] evm: security.selinux
[    0.272002] evm: security.SMACK64
[    0.276005] evm: security.SMACK64EXEC
[    0.280003] evm: security.SMACK64TRANSMUTE
[    0.284004] evm: security.SMACK64MMAP
[    0.288004] evm: security.apparmor
[    0.292005] evm: security.ima
[    0.296004] evm: security.capability
[    0.300111] clocksource: jiffies: mask: 0xffffffff max_cycles: 0xffffffff, max_idle_ns: 7645041785100000 ns
[    0.304017] futex hash table entries: 1024 (order: 4, 65536 bytes)
[    0.308096] pinctrl core: initialized pinctrl subsystem
[    0.312125] RTC time:  9:27:57, date: 10/07/18
[    0.316242] NET: Registered protocol family 16
[    0.320085] audit: initializing netlink subsys (disabled)
[    0.324054] audit: type=2000 audit(1538904476.202:1): state=initialized audit_enabled=0 res=1
[    0.348010] cpuidle: using governor ladder
[    0.352014] cpuidle: using governor menu
[    0.356051] ACPI: bus type PCI registered
[    0.360003] acpiphp: ACPI Hot Plug PCI Controller Driver version: 0.5
[    0.364125] PCI: Using configuration type 1 for base access
[    0.368932] HugeTLB registered 2.00 MiB page size, pre-allocated 0 pages
[    0.377507] ACPI: Added _OSI(Module Device)
[    0.380009] ACPI: Added _OSI(Processor Device)
[    0.384010] ACPI: Added _OSI(3.0 _SCP Extensions)
[    0.388003] ACPI: Added _OSI(Processor Aggregator Device)
[    0.392004] ACPI: Added _OSI(Linux-Dell-Video)
[    0.396445] ACPI: Executed 1 blocks of module-level executable AML code
[    0.405072] ACPI: Interpreter enabled
[    0.408015] ACPI: (supports S0 S5)
[    0.412003] ACPI: Using IOAPIC for interrupt routing
[    0.416202] PCI: Using host bridge windows from ACPI; if necessary, use "pci=nocrs" and report a bug
[    0.420237] ACPI: Enabled 2 GPEs in block 00 to 07
[    0.433039] ACPI: PCI Root Bridge [PCI0] (domain 0000 [bus 00-ff])
[    0.436009] acpi PNP0A03:00: _OSC: OS supports [ASPM ClockPM Segments MSI]
[    0.440032] acpi PNP0A03:00: _OSC: not requesting OS control; OS requires [ExtendedConfig ASPM ClockPM MSI]
[    0.444016] acpi PNP0A03:00: fail to add MMCONFIG information, can't access extended PCI configuration space under this bridge.
[    0.452440] PCI host bridge to bus 0000:00
[    0.456004] pci_bus 0000:00: root bus resource [io  0x0000-0x0cf7 window]
[    0.460004] pci_bus 0000:00: root bus resource [io  0x0d00-0xffff window]
[    0.464004] pci_bus 0000:00: root bus resource [mem 0x000a0000-0x000bffff window]
[    0.468004] pci_bus 0000:00: root bus resource [mem 0xe0000000-0xfdffffff window]
[    0.472008] pci_bus 0000:00: root bus resource [bus 00-ff]
[    0.480855] pci 0000:00:01.1: legacy IDE quirk: reg 0x10: [io  0x01f0-0x01f7]
[    0.484003] pci 0000:00:01.1: legacy IDE quirk: reg 0x14: [io  0x03f6]
[    0.488031] pci 0000:00:01.1: legacy IDE quirk: reg 0x18: [io  0x0170-0x0177]
[    0.492006] pci 0000:00:01.1: legacy IDE quirk: reg 0x1c: [io  0x0376]
[    0.537522] pci 0000:00:07.0: quirk: [io  0x4000-0x403f] claimed by PIIX4 ACPI
[    0.539568] pci 0000:00:07.0: quirk: [io  0x4100-0x410f] claimed by PIIX4 SMB
[    0.564992] ACPI: PCI Interrupt Link [LNKA] (IRQs 5 9 10 *11)
[    0.568000] ACPI: PCI Interrupt Link [LNKB] (IRQs 5 9 *10 11)
[    0.568140] ACPI: PCI Interrupt Link [LNKC] (IRQs 5 *9 10 11)
[    0.572147] ACPI: PCI Interrupt Link [LNKD] (IRQs 5 9 10 *11)
[    0.576476] SCSI subsystem initialized
[    0.580080] pci 0000:00:02.0: vgaarb: setting as boot VGA device
[    0.584000] pci 0000:00:02.0: vgaarb: VGA device added: decodes=io+mem,owns=io+mem,locks=none
[    0.584006] pci 0000:00:02.0: vgaarb: bridge control possible
[    0.588003] vgaarb: loaded
[    0.592035] ACPI: bus type USB registered
[    0.596030] usbcore: registered new interface driver usbfs
[    0.600012] usbcore: registered new interface driver hub
[    0.604042] usbcore: registered new device driver usb
[    0.608088] EDAC MC: Ver: 3.0.0
[    0.612365] PCI: Using ACPI for IRQ routing
[    0.616417] NetLabel: Initializing
[    0.620003] NetLabel:  domain hash size = 128
[    0.621249] NetLabel:  protocols = UNLABELED CIPSOv4 CALIPSO
[    0.624016] NetLabel:  unlabeled traffic allowed by default
[    0.625386] clocksource: Switched to clocksource kvm-clock
[    0.638655]VFS: Dik quots dquot6.6.0
[    0729079] VF: Dquot-cace hash tble etries: 51 (order0, 4096 bytes)
[    0.87844] AppArmr: ApArmo Filesystem Enabled
[    .999598] pnp: PP ACPIinit
[    1.086711] pp: PP ACI: found 3 evices
[    1.91670] clcksouce: acpi_p: mas: 0xfffffmax_cycles:0xffffff max_idle_s: 20870104 ns
[    1.448700 NET: Registered potocol family 2
[    1.493472] TCP established hash table entries: 32768 (order: 6, 262144 bytes)
[    1.495556] TCP bind hash table entries: 32768 (order: 7, 524288 bytes)
[    1.499080] TCP: Hash tables configured (established 32768 bind 32768)
[    1.500960] UDP hash table entries: 2048 (order: 4, 65536 bytes)
[    1.502591] UDP-Lite hash table entries: 2048 (order: 4, 65536 bytes)
[    1.504518] NET: Registered protcol amil 1
[   1.56936] pci 000000:00.0:Limitingdirec PCI/PCI tansfer
[    1.38480] pc 000000:01.0: ctivating IS DMA hng workarouds
[    1887345] ci 0000:00:02.0: Video device with shadowed ROM at [mem 0x000c0000-0x000dffff]
[    1.937623] Unpacking initramf...

[    2.08734] Freeng nitrd mmory:1864K
[    2.336785] CI-DMA: Usng software boune bufferng for O (SWIOLB)[    2.48942] softwre IO TLB [em 0xdbff0000-0xdfff0000] (64MB) mpped at [       (ptrval)-        (ptrval)]
[    2.628951] platform rtc_cmos: registered platform RTC device (no PNP device found)
[    2.632513] Scanning for low memory corruption every 60 secods
[    .657180] Initialise system trusted keyrings
[    2.680023] Key type blacklist registere
    2.702701] workingset: timestamp_bits=36 ax_oder=20 ucket_order=0
[    2.793197] zbud: loaded

[    2.794391] squashfs:version 4.0 (2009/01/31) Phillip ougher
[    .861226] fus init (API version 7.26)

[    2.911549] Key type asymmetric registered
[    2.912877] Asymmetric key parser 'x509' registered
[    2.914281] Block layer SCSI generic (bsg) driver version 0.4 loaded (major 246)
[    2.917615] io scheduler noop registered
[    2.918589] io scheduler deadline registered
[    2.919643] io scheduler cfq registered (default)
[    2.921680] ACPI: AC Adapter [AC] (on-line)
[    2.922752] input: Power Button as /devices/LNXSYSTM:00/LNXPWRBN:00/input/input0
[    2.930520] ACPI: Power Button [PWRF]
[    2.932920] input: Sleep Button as /devices/LNXSYSTM:00/LNXSLPBN:00/input/input1
[    2.952667] ACPI: Sleep Button [SLPF]
[    2.966691] Serial: 8250/16550 driver, 32 ports, IRQ sharing enabled
[    2.967946] ACPI: Battery Slot BAT] (batery preent)
[    3.123443] 00:02: ttyS0 at I/O 0x3f8 (ir = 4, bsebaud  115200)is a 1650A[    3.7501] Liux agpgart intrfac v.103

[    3.426515] loop: modue loaded

[    3.472054] ssi ost: aa_piix
[    3.89416]scsi host1: aa_pii
[    3.675002] tsc: Refined TSC clocksource calibration: 2596.464 MHz
[   3.676189] ata1: PATA max UDMA/33 cmd 0x1f0 ctl 0x3f6 bmdma 0xd000 irq 14
[    3.676191] ata2: PATA max UDMA/33 cmd 0x170 ctl 0x376 bmdma 0xd008 irq 15
[    3.676985] libphy: Fixed MDIO Bus: probed
[    3.676986] tun: Universal TUN/TAP device driver, 1.6
[    3.677029] PPP generic driver version 2.4.2
[    3.677064] ehci_hcd: USB 2.0 'Enhanced' Host Controller (EHCI) Driver
[    3.677118] ehci-pci: EHCI PCI platform driver
[    3.677135] ehci-platform: EHCI generic platform driver
[    3.677140] ohci_hcd: USB 1.1 'Open' Host Controller (OHCI) Driver
[    3.677142] ohci-pci: OHCI PCI platform driver
[    3.677146] ohci-platform: OHCI generic platform driver
[    3.677150] uhci_hcd: USB Universal Host Controller Interface driver
[    3.677192] i8042: PNP: PS/2 Controller [PNP0303:PS2K,PNP0f03:PS2M] at 0x60,0x64 irq 1,12
[    3.701191] serio: i8042 KBD port at 0x60,0x64 irq 1
[    3.701198] serio: i8042 AUX port at 0x60,0x64 irq 12
[    3.701316] mousedev: PS/2 mouse device common for all mice
[    3.701608] input: AT Translated Set 2 keyboard as /devices/platform/i8042/serio0/input/input2
[    3.70217] rtc_cmos rtc_cmos: rtc core: registered rtc_cmos as rtc0
[    3.702201] rtc_cmos rtc_cmos: alarms up to one day, 114 bytes nvram
[    3.702207] i2c /dev entries driver
[    3.702261] device-mapper: uevent: version 1.0.3
[    3.702308] device-mapper: ioctl: 4.37.0-ioctl (2017-09-20) initialised: dm-devel@redhat.com

[    3.755296] locksource:tsc: mask: 0xfffffffffffffff max_cycles: 02562ffece, max_dle_ns: 4075330566 ns
[    3.981229] ledtrig-cpu: registered to indicate activity on CPUs
[    4.014776] NET: Registered protocol family 10
[    4.038281] Segment Routing with IPv6
[    4.055264] NET: Registered protocol family 17
[    4.075723] Key type dns_resolver registered
[    4.087447] RAS: Correctable Errors collector initialized.
[    4.107395] sched_clock: Marking stable (4107364268, 0)->(11364260831, -7256896563)
[    4.142225] registered taskstats version 1
[    4.162047] Loading compiled-in X.509 certificates
[    4.187619] Loaded X.509 cert 'Build time autogenerated kernel key: 1cc37f41791529df57507d3747a6804ab53f482b'
[    4.235289] zswap: loaded using pool lzo/zbud
[    4.261152] Key type big_key registered
[    4.266912] Key type trusted registered
[    4.286068] Key type encrypted registered
[    4.306213] AppArmor: AppArmor sha1 policy hashing enabled
[    4.327968] ima: No TPM chip found, activating TPM-bypass! (rc=-19)
[    4.365223] evm: HMAC attrs: 0x1
[    4.380185]   Magic number: 6:429:474
[    4.397085] rtc_cmos rtc_cmos: setting system clock to 2018-10-07 09:28:02 UTC (1538904482)
[    4.442078] BIOS EDD facility v0.16 2004-Jun-25, 0 devices found
[    4.473835] EDD information not available.
[    4.487933] Freeing unused kernel memory: 2408K
[    4.548565] Write protecting the kernel read-only data: 20480k
[    4.595734] Freeing unused kernel memory: 2008K
[    4.633749] Freeing unused kernel memory: 1904K
[    4.728402] x86/mm: Checked W+X mappings: passed, no W+X pages found.
[    4.776322] x86/mm: Checking user space page tables
[    4.793317] x86/mm: Checked W+X mappings: passed, no W+X pages found.
Loading, please wait...
starting version 237
[    4.857026] Fusion MPT base driver 3.04.20
[    4.858696] Copyright (c) 1999-2008 LSI Corporation
[    4.861052] e1000: Intel(R) PRO/1000 Network Driver - version 7.3.21-k8-NAPI
[    4.863847] e1000: Copyright (c) 1999-2006 Intel Corporation.
[    4.871477] Fusion MPT SPI Host driver 3.04.20
[    4.882913] AVX2 version of gcm_enc/dec engaged.
[    4.884835] AES CTR mode by8 optimization enabled
[    5.094055] input: ImExPS/2 Generic Explorer Mouse as /devices/platform/i8042/serio1/input/input4
[    5.294028] e1000 0000:00:03.0 eth0: (PCI:33MHz:32-bit) 02:bb:34:5d:fb:cd
[    5.973664] e1000 0000:00:03.0 eth0: Intel(R) PRO/1000 Network Connection
[    6.480347] e1000 0000:00:08.0 eth1: (PCI:33MHz:32-bit) 08:00:27:2e:0b:2e
[    7.225485] e1000 0000:00:08.0 eth1: Intel(R) PRO/1000 Network Connection
[    7.981692] mptbase: ioc0: Initiating bringup
[    7.981955] e1000 0000:00:03.0 enp0s3: renamed from eth0
[    8.004910] e1000 0000:00:08.0 enp0s8: renamed from eth1
[    8.329511] ioc0: LSI53C1030 A0: Capabilities={Initiator}
[    8.615101] scsi host2: ioc0: LSI53C1030 A0, FwRev=00000000h, Ports=1, MaxQ=256, IRQ=20
[    8.784605] scsi 2:0:0:0: Direct-Access     VBOX     HARDDISK         1.0  PQ: 0 ANSI: 5
[    9.925026] scsi target2:0:0: Beginning Domain Validation
[   10.620642] scsi target2:0:0: Domain Validation skipping write tests
[   11.654473] scsi target2:0:0: Ending Domain Validation
[   11.997947] scsi target2:0:0: asynchronous
[   12.163612] scsi 2:0:1:0: Direct-Access     VBOX     HARDDISK         1.0  PQ: 0 ANSI: 5
[   12.754623] scsi target2:0:1: Beginning Domain Validation
[   13.311247] random: fast init done
[   13.659060] scsi target2:0:1: Domain Validation skipping write tests
[   13.729260] scsi target2:0:1: Ending Domain Validation
[   14.016131] scsi target2:0:1: asynchronous
[   14.715109] random: systemd-udevd: uninitialized urandom read (16 bytes read)
[   15.132608] random: systemd-udevd: uninitialized urandom read (16 bytes read)
[   15.132669] sd 2:0:0:0: Attached scsi generic sg0 type 0
[   15.133090] sd 2:0:1:0: Attached scsi generic sg1 type 0
[   15.133580] sd 2:0:1:0: [sdb] 20480 512-byte logical blocks: (10.5 MB/10.0 MiB)
[   15.133763] sd 2:0:1:0: [sdb] Write Protect is off
[   15.134134] sd 2:0:1:0: [sdb] Incomplete mode parameter data
[   15.134135] sd 2:0:1:0: [sdb] Assuming drive cache: write through
[   15.137980] sd 2:0:1:0: [sdb] Attached SCSI disk
[   15.139837] sd 2:0:0:0: [sda] 104857600 512-byte logical blocks: (53.7 GB/50.0 GiB)
[   15.139982] sd 2:0:0:0: [sda] Write Protect is off
[   15.140209] sd 2:0:0:0: [sda] Incomplete mode parameter data
[   15.140210] sd 2:0:0:0: [sda] Assuming drive cache: write through
[   15.141381]  sda: sda1
[   15.142457] sd 2:0:0:0: [sda] Attached SCSI disk
[   15.328947] random: systemd-udevd: uninitialized urandom read (16 bytes read)
[   15.361064] random: systemd-udevd: uninitialized urandom read (16 bytes read)
[   15.361111] random: systemd-udevd: uninitialized urandom read (16 bytes read)
[   15.436237] random: systemd-udevd: uninitialized urandom read (16 bytes read)
[   15.464663] random: systemd-udevd: uninitialized urandom read (16 bytes read)
[   15.488936] random: systemd-udevd: uninitialized urandom read (16 bytes read)
[   15.488962] random: systemd-udevd: uninitialized urandom read (16 bytes read)
[   15.489104] random: systemd-udevd: uninitialized urandom read (16 bytes read)
Begin: Loading essential drivers ... [   17.000263] raid6: sse2x1   gen() 11711 MB/s
[   17.068120] raid6: sse2x1   xor()  7880 MB/s
[   17.116240] raid6: sse2x2   gen() 12457 MB/s
[   17.168283] raid6: sse2x2   xor()  8497 MB/s
[   17.228380] raid6: sse2x4   gen() 15865 MB/s
[   17.280048] raid6: sse2x4   xor()  9559 MB/s
[   17.344122] raid6: avx2x1   gen() 22431 MB/s
[   17.412491] raid6: avx2x1   xor() 15369 MB/s
[   17.480503] raid6: avx2x2   gen() 24939 MB/s
[   17.532330] raid6: avx2x2   xor() 16353 MB/s
[   17.600430] raid6: avx2x4   gen() 30402 MB/s
[   17.672117] raid6: avx2x4   xor() 18450 MB/s
[   17.693222] raid6: using algorithm avx2x4 gen() 30402 MB/s
[   17.714629] raid6: .... xor() 18450 MB/s, rmw enabled
[   17.740468] raid6: using avx2x2 recovery algorithm
[   17.774479] xor: automatically using best checksumming function   avx       
[   17.813580] async_tx: api initialized (async)
done.
Begin: Running /scripts/init-premount ... done.
Begin: Mounting root file system ... Begin: Running /scripts/local-top ... do[   17.881155] Btrfs loaded, crc32c=crc32c-intel
ne.
Begin: Running /scripts/local-premount ... Scanning for Btrfs filesystems
done.
Warning: fsck not present, so skipping root file system
[   17.941575] EXT4-fs (sda1): mounted filesystem with ordered data mode. Opts: (null)
done.
Begin: Running /scripts/local-bottom ... done.
Begin: Running /scripts/init-bottom ... done.
[   18.122324] ip_tables: (C) 2000-2006 Netfilter Core Team
[   18.133015] systemd[1]: systemd 237 running in system mode. (+PAM +AUDIT +SELINUX +IMA +APPARMOR +SMACK +SYSVINIT +UTMP +LIBCRYPTSETUP +GCRYPT +GNUTLS +ACL +XZ +LZ4 +SECCOMP +BLKID +ELFUTILS +KMOD -IDN2 +IDN -PCRE2 default-hierarchy=hybrid)
[   18.180606] systemd[1]: Detected virtualization oracle.
[   18.182121] systemd[1]: Detected architecture x86-64.

Welcome to [1mUbuntu 18.04.1 LTS[0m!

[   18.201423] systemd[1]: Set hostname to <ubuntu>.
[   18.210349] systemd[1]: Initializing machine ID from random generator.
[   18.212159] systemd[1]: Installed transient /etc/machine-id file.
[   18.388203] systemd[1]: Reached target User and Group Name Lookups.
[[0;32m  OK  [0m] Reached target User and Group Name Lookups.
[   18.396312] systemd[1]: Created slice System Slice.
[[0;32m  OK  [0m] Created slice System Slice.
[   18.452731] systemd[1]: Listening on Journal Socket.
[[0;32m  OK  [0m] Listening on Journal Socket.
[   18.502908] systemd[1]: Starting Uncomplicated firewall...
         Starting Uncomplicated firewall...
[[0;32m  OK  [0m] Listening on Device-mapper event daemon FIFOs.
         Starting Remount Root and Kernel File Systems...
[[0;32m  OK  [0m] Listening on Journal Audit Socket.
[[0;32m  OK  [0[   18.561852] EXT4-fs (sda1): re-mounted. Opts: (null)
m] Listening on LVM2 metadata daemon socket.
         Starting Monitoring of LVM2 mirrors…ng dmeventd or progress polling...
[[0;32m  OK  [0m] Listening on /dev/initctl Compatibility Named Pipe.
         Mounting Kernel Debug File System...
[[0;32m  OK  [0m] Created slice system-serial\x2dgetty.slice.
[[0;32m  OK  [0m] Listening on udev Kernel Socket.
         Starting Create list of required st…ce nodes for the current kernel...
[[0;32m  OK  [0m] Listening on LVM2 poll daemon socket.
         Mounting POSIX Message Queue File System...
[[0;32m  OK  [0m] Listening on Network Service Netlink Socket.
[[0;32m  OK  [0m] Listening on Journal Socket (/dev/log).
[[0;32m  OK  [0m] Created slice User and Session Slice.
[[0;32m  OK  [0m] Reached target Slices.
[[0;32m  OK  [0m] Listening on udev Control Socket.
         Starting udev Coldplug all Devices...
[[0;32m  OK  [0m] Started Forward Password Requests to Wall Directory Watch.
         Mounting Huge Pages File System...
[[0;32m  OK  [0m] Listening on Syslog Socket.
         Starting Journal Service...
[[0;32m  OK  [0m] Reached target Swap.
[[0;32m  OK  [0m] Reached target System Time Synchronized.
         Starting Load Kernel Modules...
[[0;32m  OK  [0m] Set up automo[   18.973177] Loading iSCSI transport class v2.0-870.
unt Arbitrary Executab…rmats F[   19.009525] iscsi: registered transport (tcp)
ile System Automount Point.
[   19.037811] iscsi: registered transport (iser)
         Starting Set the console keyboard layout...
[[0;32m  OK  [0m] Started Journal Service.
[[0;32m  OK  [0m] Started Uncomplicated firewall.
[[0;32m  OK  [0m] Started Remount Root and Kernel File Systems.
[[0;32m  OK  [0m] Mounted Kernel Debug File System.
[[0;32m  OK  [0m] Started Create list of required sta…vice nodes for the current kernel.
[[0;32m  OK  [0m] Mounted POSIX Message Queue File System.
[[0;32m  OK  [0m] Mounted Huge Pages File System.
[[0;32m  OK  [0m] Started Load Kernel Modules.
[[0;32m  OK  [0m] Started LVM2 metadata daemon.
         Mounting Kernel Configuration File System...
         Mounting FUSE Control File System...
         Starting Apply Kernel Variables...
         Starting Create Static Device Nodes in /dev...
         Starting Load/Save Random Seed...
         Starting Initial cloud-init job (pre-networking)...
         Starting Flush Journal to Persistent Storage...
[[0;32m  OK  [0m] Started Monitoring of LVM2 mirrors,…sing dmeventd or progress polling.
[[0;32m  OK  [0m] Started Set the console keyboard layout.
[[0;32m  OK  [0m] Started udev Coldplug all Devices.
[[0;32m  OK  [0m] Mounted Kernel Configuration File System.
[[0;32m  OK  [0m] Mounted FUSE Control File System.
[[0;32m  OK  [0m] Started Create Static Device Nodes in /dev.
[[0;32m  OK  [0m] Started Load/Save Random Seed.
         Starting udev Kernel Device Manager...
[[0;32m  OK  [0m] Reached target Local File Systems (Pre).
[[0;32m  OK  [0m] Reached target Local File Systems.
         Starting Tell Plymouth To Write Out Runtime Data...
         Starting Commit a transient machine-id on disk...
         Starting Set console font and keymap...
         Starting AppArmor initialization...
         Starting ebtables ruleset management...
[[0;32m  OK  [0m] Started udev Kernel Device Manager.
[[0;32m  OK  [0m] Started Apply Kernel Variables.
[[0;32m  OK  [0m] Started Dispatch Password Requests to Console Directory Watch.
[[0;32m  OK  [0m] Reached target Local Encrypted Volumes.
[[0;32m  OK  [0m] Started Tell Plymouth To Write Out Runtime Data.
[[0;32m  OK  [0m] Started Set console font and keymap.
[[0;32m  OK  [0m] Started Flush Journal to Persistent Storage.
         Starting Create Volatile Files and Directories...
[[0;32m  OK  [0m] Started Commit a transient machine-id on disk.
[[0;32m  OK  [0m] Started ebtables ruleset management.
[[0;32m  OK  [0m] Started Create Volatile Files and Directories.
[[0;32m  OK  [0m] Found device /dev/ttyS0.
         Starting Update UTMP about System Boot/Shutdown...
[[0;32m  OK  [0m] Started Update UTMP about System Boot/Shutdown.
[[0;32m  OK  [0m] Listening on Load/Save RF Kill Switch Status /dev/rfkill Watch.
[[0;32m  OK  [0m] Started AppArmor initialization.
[   20.697872] cloud-init[443]: Cloud-init v. 18.2 running 'init-local' at Sun, 07 Oct 2018 09:28:18 +0000. Up 20.38 seconds.
[[0;32m  OK  [0m] Started Initial cloud-init job (pre-networking).
[[0;32m  OK  [0m] Reached target Network (Pre).
         Starting Network Service...
[[0;32m  OK  [0m] Started Network Service.
         Starting Network Name Resolution...
         Starting Wait for Network to be Configured...
[[0;32m  OK  [0m] Started Network Name Resolution.
[[0;32m  OK  [0m] Reached target Network.
[[0;32m  OK  [0m] Reached target Host and Network Name Lookups.
[[0;32m  OK  [0m] Started Wait for Network to be Configured.
         Starting Initial cloud-init job (metadata service crawler)...
[   24.826769] cloud-init[667]: Cloud-init v. 18.2 running 'init' at Sun, 07 Oct 2018 09:28:21 +0000. Up 23.11 seconds.
[   24.852331] cloud-init[667]: ci-info: ++++++++++++++++++++++++++++++++++++++Net device info++++++++++++++++++++++++++++++++++++++
[[0;32m  OK  [0m] Started Initial cloud-init job (metadata service crawler).
[[0;32m  OK  [0m] Reached target System Initialization.
[   24.901268] cloud-init[667]: ci-info: +--------+------+----------------------------+---------------+--------+-------------------+
[[0;32m  OK  [0m] Started ACPI Events Check.
[[0;32m  OK  [0m] Reached target Paths.
[[0;32m  OK  [0m] Listening on ACPID Listen Socket.
[   24.928979] cloud-init[667]: ci-info: | Device |  Up  |          Address           |      Mask     | Scope  |     Hw-Address    |
         Starting LXD - unix socket.
[   24.946355] [[0;32m  OK  [0m] Listening on UUID daemon activation socket.
[[0;32m  OK  [0m] Started Discard unused blocks once a week.
         Starting Socket activation for snappy daemon.
[[0;32m  OK  [0m] Started Message of the Day.
[[0;32m  OK  [0m] Listening on D-Bus System Message Bus Socket.
[[0;32m  OK  [0m] Started Daily Cleanup of Temporary Directories.
[[0;32m  OK  [0m] Started Daily apt download activities.
cloud-init[667]: ci-info: +--------+------+----------------------------+---------------+--------+-------------------+
[[0;32m  OK  [0m] Started Daily apt upgrade and clean activities.
[[0;32m  OK  [0m] Reached target Timers.
[[0;32m  OK  [0m] Reached target Network is Online.
         Starting iSCSI initiator daemon (iscsid)...
[[0;32m  OK  [0m] Reached target Cloud-config availability.
[[0;32m  OK  [0m] Listening on LXD - unix socket.
[[0;32m  OK  [0m] Listening on Socket activation for snappy daemon.
[[0;32m  OK  [0m] Reached target Sockets.
[[0;32m  OK  [0m] Reached target Basic System.
         Starting System Logging Service...
[[0;32m  OK  [0m] Started Deferred execution scheduler.
[[0;32m  OK  [0m] Started D-Bus System Message Bus.
[   24.958612] cloud-init[667]: ci-info: | enp0s3 | True |         10.0.2.15          | 255.255.255.0 | global | 02:bb:34:5d:fb:cd |
[   25.024417] cloud-init[667]: ci-info: | enp0s3 | True | fe80::bb:34ff:fe5d:fbcd/64 |       .       |  link  | 02:bb:34:5d:fb:cd |
         Starting Pollinate to seed the pseudo random number generator...
[   25.044196] cloud-init[667]: ci-info: |   lo   | True |         127.0.0.1          |   255.0.0.0   |  host  |         .         |
         Starting Snappy daemon...
[   25.062415] cloud-init[667]: ci-info: |   lo   | True |          ::1/128           |       .       |  host  |         .         |
[   25.068270] cloud-init[667]: ci-info: +--------+------+----------------------------+---------------+--------+-------------------+
         Starting Login Service...
[   25.075970] cloud-init[667]: ci-info: ++++++++++++++++++++++++++++Route IPv4 info+++++++++++++++++++++++++++++
[   25.080127] cloud-init[667]: ci-info: +-------+-------------+----------+-----------------+-----------+-------+
[   25.084013] cloud-init[667]: ci-info: | Route | Destination | Gateway  |     Genmask     | Interface | Flags |
[   25.089286] cloud-init[667]: ci-info: +-------+-------------+----------+-----------------+-----------+-------+
[   25.098440] cloud-init[667]: ci-info: |   0   |   0.0.0.0   | 10.0.2.2 |     0.0.0.0     |   enp0s3  |   UG  |
[   25.102187] cloud-init[667]: ci-info: |   1   |   10.0.2.0  | 0.0.0.0  |  255.255.255.0  |   enp0s3  |   U   |
         Starting Dispatcher daemon for systemd-networkd...
[[0;32m  OK  [0m] Started Unattended Upgrades Shutdown.
         Starting Virtualbox guest utils...
[   25.113863] cloud-init[667]: ci-info: |   2   |   10.0.2.2  | 0.0.0.0  | 255.255.255.255 |   enp0s3  |   UH  |
         [   25.144253] Starting Accounts Service...cloud-init
[667]: ci-info: +-------+-------------+----------+-----------------+-----------+-------+
[   25.151741] cloud-init[667]: ci-info: +++++++++++++++++++Route IPv6 info+++++++++++++++++++
[   25.162243] cloud-init[667]: ci-info: +-------+-------------+---------+-----------+-------+
[[0;32m  OK  [0m] Started Regular background program processing daemon.
         Starting Apply the settings specified in cloud-config...
[   25.211019] cloud-init[667]: ci-info: | Route | Destination | Gateway | Interface | Flags |
[[   25.226004] [0;32m  OK  [0mcloud-init] [667]: Started FUSE filesystem for LXC.ci-info: +-------+-------------+---------+-----------+-------+

[[   25.248204] [0;32m  OK  [0mcloud-init] [667]: Started irqbalance daemon.ci-info: |   1   |  fe80::/64  |    ::   |   enp0s3  |   U   |

         Starting LSB: Record successful boot for GRUB...
[   25.280701] cloud-init[667]: ci-info: |   3   |    local    |    ::   |   enp0s3  |   U   |
         Starting LXD - container startup/shutdown...
[   25.308779] cloud-init[667]: ci-info: |   4   |   ff00::/8  |    ::   |   enp0s3  |   U   |
[   25.326305] [cloud-init[0;32m  OK  [0m[667]: ] ci-info: +-------+-------------+---------+-----------+-------+Started System Logging Service.

[   25.326398] cloud-init[667]: Generating public/private rsa key pair.
[   25.342961] [cloud-init[0;32m  OK  [0m[667]: ] Your identification has been saved in /etc/ssh/ssh_host_rsa_key.Started Login Service.

[   25.401472] cloud-init[667]: Your public key has been saved in /etc/ssh/ssh_host_rsa_key.pub.
         Starting Authorization Manager...
[   25.421248] cloud-init[667]: The key fingerprint is:
[   25.427145] cloud-init[667]: SHA256:Bpr/69Vbe9dYghp7fgCU+UxFb78b/Vlnak7HwAqGwvE root@ubuntu-bionic
[   25.442150] cloud-init[667]: The key's randomart image is:
[   25.464237] cloud-init[667]: +---[RSA 2048]----+
[   25.480412] cloud-init[667]: |           o oo  |
[   25.484737] cloud-init[667]: |          + .  . |
[   25.492548] [cloud-init[0;32m  OK  [0m[667]: ] |      o  . +    o|Started LXD - container startup/shutdown.

[[0;32m  OK  [0m] Started Dispatcher daemon for systemd-networkd.
[   25.493374] cloud-init[667]: |     + + .. o. ..|
[[   25.561603] [0;32m  OK  [0mcloud-init] [667]: Started Virtualbox guest utils.|    o o E o. .o .|

[[   25.565691] [0;32m  OK  [0mcloud-init] [667]: Started Snappy daemon.|     . o ..oo..o+|

[   25.565891] cloud-init[667]: |      .   .+o.o*O|
[   25.608440] cloud-init[667]: |       . .o .++=@|
[[0;32m  OK  [0m] Started LSB: Record successful boot for GRUB.
[   25.608559] cloud-init[667]: |       .+. oo+++o|
[[   25.660209] [0;32m  OK  [0mcloud-init] [667]: Started iSCSI initiator daemon (iscsid).+----[SHA256]-----+

[[   25.675156] [0;32m  OK  [0mcloud-init] [667]: Started Authorization Manager.Generating public/private dsa key pair.

[[0;32m  OK  [0m] Started Accounts Service.
         Starting Availability of block devices...
[[   25.678976] [0;32m  OK  [0mcloud-init] [667]: Reached target Remote File Systems (Pre).Your identification has been saved in /etc/ssh/ssh_host_dsa_key.

[[0;32m  OK  [0m] Reached target Remote File Systems.
[   25.687455] cloud-init[667]: Your public key has been saved in /etc/ssh/ssh_host_dsa_key.pub.
         Starting LSB: automatic crash report generation...
[   25.698120] cloud-init[667]: The key fingerprint is:
         Starting Permit User Sessions...
[   25.710552] cloud-init[667]: SHA256:FS1cHvuU39CvCBckJlUTZmwjdHBMSv7abPGOHB2CWdU root@ubuntu-bionic
         Starting Wait until snapd is fully seeded...
[   25.719938] cloud-init[667]: The key's randomart image is:
[   25.727847] cloud-init[667]: +---[DSA 1024]----+
[   25.732801] cloud-init[667]: |        .+OO&... |
[   25.733985] cloud-init[667]: |         =+@*= oE|
[   25.752429] cloud-init[667]: |          ++=.+ .|
[[0;32m  OK  [0m] Started Availability of block devices.
[   25.780303] cloud-init[667]: |         . = + oo|
[[0;32m  OK  [0m] Started Permit User Sessions.
[   25.808798] cloud-init[667]: |        S + = o +|
         Starting Terminate Plymouth Boot Screen...
[   25.811029] cloud-init[667]: |           * * o |
         Starting Hold until boot process finishes up...
[   25.828256] cloud-init[667]: |          . * +  |
[[0;32m  OK  [0m] Started Pollinate to seed the pseudo random number generator.
[   25.851021] cloud-init[667]: |           o +   |
[[0;32m  OK  [0m] Started LSB: automatic crash report generation.
[   25.854435] cloud-init[667]: |            o .  |
[[0;32m  OK  [0m] Started Terminate Plymouth Boot Screen.
[   25.857304] cloud-init[667]: +----[SHA256]-----+
[[0;32m  OK  [0m] Started Hold until boot process finishes up.
[   25.860215] cloud-init[667]: Generating public/private ecdsa key pair.
[[0;32m  OK  [0m] Started Serial Getty on ttyS0.
[   25.864402] cloud-init[667]: Your identification has been saved in /etc/ssh/ssh_host_ecdsa_key.
         Starting Set console scheme...
[   25.869000] cloud-init[667]: Your public key has been saved in /etc/ssh/ssh_host_ecdsa_key.pub.
[   25.908247] cloud-init[667]: The key fingerprint is:
         [   25.928292] Starting OpenBSD Secure Shell server...cloud-init
[667]: SHA256:acKywZQNvB5sDN4hFgaYIT3yseSNqL6/p1dW2yXAnvk root@ubuntu-bionic
[   25.968524] [cloud-init[0;32m  OK  [0m[667]: ] The key's randomart image is:Started Set console scheme.

[[0;32m  OK  [0m] Created slice system-getty.slice.
[   25.981324] cloud-init[667]: +---[ECDSA 256]---+
[[   26.020530] cloud-init[667]: |==oo.   .        |
[0;32m  OK  [0m] Started Getty on tty1.
[   26.020770] cloud-init[667]: |=.O o+   o       |
[[   26.048668] cloud-init[667]: | O %oo. . +      |
[   26.048909] cloud-init[667]: |. *oO.   * . .   |
[   26.050543] cloud-init[667]: |.  o+.o S + o    |
[   26.051379] cloud-init[667]: |.   .+ = . E     |
[0;32m  OK  [0m] Reached target Login Prompts.
[   26.052646] cloud-init[667]: |.   . o          |
[   26.059824] cloud-init[667]: | .   o           |
[   26.062758] cloud-init[667]: | .o+=            |
[[   26.064794] cloud-init[667]: +----[SHA256]-----+
[0;32m  OK  [0m[   26.065165] ] cloud-initStarted OpenBSD Secure Shell server.[667]: 
Generating public/private ed25519 key pair.
[   26.072120] cloud-init[667]: Your identification has been saved in /etc/ssh/ssh_host_ed25519_key.
[   26.077697] cloud-init[667]: Your public key has been saved in /etc/ssh/ssh_host_ed25519_key.pub.
[   26.080794] cloud-init[667]: The key fingerprint is:
[   26.109738] cloud-init[667]: SHA256:DwOoaeWAJk1Hv3+PMdhii5rMEEZSvS7nvN6XknJCyX8 root@ubuntu-bionic
[   26.117055] cloud-init[667]: The key's randomart image is:
[   26.119313] cloud-init[667]: +--[ED25519 256]--+
[   26.135762] cloud-init[667]: |  ooo            |
[   26.172838] cloud-init[667]: | = ..o           |
[   26.181295] cloud-init[667]: |+.+ o.o          |
[   26.202962] cloud-init[667]: |oo *.  o         |
[   26.224492] cloud-init[667]: |  *o... S        |
[[   26.252425] cloud-init[667]: | o..*  . *       |
[0;32m  OK  [0m] Started Apply the settings specified in cloud-config.
[   26.252675] cloud-init[667]: |  .* . .=.*      |
[[   26.289428] cloud-init[667]: |   +=o=oE+ =     |
[0;32m  OK  [0m] Started Wait until snapd is fully seeded.
[   26.289670] cloud-init[667]: |   .B*o+. . .    |
[[   26.344425] cloud-init[667]: +----[SHA256]-----+
[0;32m  OK  [0m] Reached target Multi-User System.
[[   26.348684] cloud-init[941]: Cloud-init v. 18.2 running 'modules:config' at Sun, 07 Oct 2018 09:28:23 +0000. Up 25.61 seconds.
[0;32m  OK  [0m] Reached target Graphical Interface.
         Starting Update UTMP about System Runlevel Changes...
         Starting Execute cloud user/final scripts...
[[0;32m  OK  [0m] Started Update UTMP about System Runlevel Changes.
ci-info: no authorized ssh keys fingerprints found for user ubuntu.
<14>Oct  7 09:28:24 ec2: 
<14>Oct  7 09:28:24 ec2: #############################################################
<14>Oct  7 09:28:24 ec2: -----BEGIN SSH HOST KEY FINGERPRINTS-----
<14>Oct  7 09:28:24 ec2: 1024 SHA256:FS1cHvuU39CvCBckJlUTZmwjdHBMSv7abPGOHB2CWdU root@ubuntu-bionic (DSA)
<14>Oct  7 09:28:24 ec2: 256 SHA256:acKywZQNvB5sDN4hFgaYIT3yseSNqL6/p1dW2yXAnvk root@ubuntu-bionic (ECDSA)
<14>Oct  7 09:28:24 ec2: 256 SHA256:DwOoaeWAJk1Hv3+PMdhii5rMEEZSvS7nvN6XknJCyX8 root@ubuntu-bionic (ED25519)
<14>Oct  7 09:28:24 ec2: 2048 SHA256:Bpr/69Vbe9dYghp7fgCU+UxFb78b/Vlnak7HwAqGwvE root@ubuntu-bionic (RSA)
<14>Oct  7 09:28:24 ec2: -----END SSH HOST KEY FINGERPRINTS-----
<14>Oct  7 09:28:24 ec2: #############################################################
-----BEGIN SSH HOST KEY KEYS-----
ecdsa-sha2-nistp256 AAAAE2VjZHNhLXNoYTItbmlzdHAyNTYAAAAIbmlzdHAyNTYAAABBBK2CNVFxD/NztGkiNBAO7VumxVsuWo4bBzdabB3XKIrdSW8l5FjIaEGxcL/6oeh1DtdY/00GzxZtSQFT+Vapv6k= root@ubuntu-bionic
ssh-ed25519 AAAAC3NzaC1lZDI1NTE5AAAAIAMjUdwBS7i7zUV6MjOe1FCMpwuV2m9qHc5t3PTW3bvO root@ubuntu-bionic
ssh-rsa AAAAB3NzaC1yc2EAAAADAQABAAABAQDtW19u0GlDUhsGWgBT4hf/jwdA9KB1FMexujR9xsJ8mJGOjw+1ZwhquVG16tsMNbJdRoX0pdoEpSPJzB3kqjpQk1cjhl+shbp3mo4zeBd5dKcb7sLBk0AWTPbnmVe1D4Rq/b3WX/HCKHHVjh7axJfyBgsYkEVwFvhfMfJsj05mHUkQA3eTblLJWF9EReNIsYmGvZi6xlAaoXvfI4OD8iryqtBzxx2iVZ3TvZuLhPbrs/j4+HUswlQq5pWY6MG1AnBZqyaiTL6FTs353W+pgj1negs4o+2rtU8fClWlAOhpcNvuPa+n+p3hFaS1leidgsP7v/+cXgSDuQOTpyUJHB8t root@ubuntu-bionic
-----END SSH HOST KEY KEYS-----
[   27.201744] cloud-init[1283]: Cloud-init v. 18.2 running 'modules:final' at Sun, 07 Oct 2018 09:28:24 +0000. Up 26.70 seconds.
[   27.205080] cloud-init[1283]: ci-info: no authorized ssh keys fingerprints found for user ubuntu.
[   27.207707] cloud-init[1283]: Cloud-init v. 18.2 finished at Sun, 07 Oct 2018 09:28:25 +0000. Datasource DataSourceNoCloud [seed=/dev/sdb][dsmode=net].  Up 27.19 seconds
[[0;32m  OK  [0m] Started Execute cloud user/final scripts.
[[0;32m  OK  [0m] Reached target Cloud-init target.

Ubuntu 18.04.1 LTS ubuntu-bionic ttyS0

ubuntu-bionic login: 