[    0.00000] Initializing cgroup subsys cpuset
[    0.000000] Initializing cgroup subsys cpu
[    0.000000] Initializing cgroup subsys cpuacct
[    0.000000] Linux version 4.4.0-127-generic (buildd@lcy01-amd64-023) (gcc version 5.4.0 20160609 (Ubuntu 5.4.0-6ubuntu~16.04.9) ) #153-Ubuntu SMP Sat May 19 10:58:46 UTC 2018 (Ubuntu 4.4.0-127.153-geneic 4.4.128)
[    0.000000] Command line: BOOT_IMAGE=/boot/vmlinuz-4.4.0-127-generic root=LABEL=cloudimg-rootfs ro console=tty1 console=ttyS0
[    0.000000] KERNEL supported cpus:
[    0.000000]   Intel GenuineIntel
[    0.000000]   AMD AuthenticAMD
[    0.000000]   Centaur CentaurHauls
[    0.000000] x86/fpu: xstate_offset[2]:  576, xstate_sizes[2]:  256
[    0.000000] x86/fpu: Supporting XSAVE feature 0x01: 'x87 floating point registers'
[    0.000000] x86/fpu: Supporting XSAVE feature 0x02: 'SSE registers'
[    0.000000] x86/fpu: Supporting XSAVE feature 0x04: 'AVX rregisters'
[    0.000000] x86/fpu: Enabled xstate features 0x7, context size is 832 bytes, using 'standard' format.
[   0.000000] x86/pu: Uin 'lazy' FPU context switces
   0.000000] e820:BIOS-prvidedphsical RAM map:
[    0.000000] BIOS-e820: [mem 0x00000000000000-0x0000000009fbff] usable
[   .00000] BS-e820: [mem 0x00000009fc00-0x000000000009ffff] rseved
[    .000000] BIOS-e820: [mem 0x000000000000000-0x00000000000fffff] reserved
[    0.00000] BIOS-e820: [mem 0x0000000000100000-0x00000003fffff] usable
[    0.000000] BIOSe80:[mem 0x00000003fff00000x00000003fffffff ACPI data
[    .000000] IOS-e820 [em 0x0000000fe00000-0x00000fe00fff] reserved
[    .00000] IO-e820: [mem 0x00000000fee0000-0x0000000fe0fff] reserved
[   .00000]BIOS-e820: [mem 0x00000000ff000-x0000000ffffff reserved
[    .000000] NX(Eecute Disable) protection: active
[   0.00000] MBIOS 2.5 presnt.
[   0.000000] Hypervisor detected: KVM
[    0.000000] e820: last_pfn = 0x3fff0 max_arch_pfn = 0x400000000
[    0.000000] MTRR: Disabled
[    0.000000] x86/PAT: MTRRs disabled, skipping PAT initialization too.
[    0.000000] CPU MTRRs all blank - virtualized system.
[    0.000000] x86/PAT: Configuration [0-7]: WB  WT  UC- UC  WB  WT  UC- UC  
[    0.000000] found SMP MP-table at [mem 0x0009fff0-0x0009fff] mapped at [ffff88000009fff0]
[    0.000000] Scanning 1 areas for low memory corruption
[    0.000000] RAMDISK: [mem 0x36ab4000-0x37551fff]
[    0.000000] ACPI: Early table checksum verification disabled
[    0.000000] ACPI: RSDP 0x00000000000E0000 000024 (v02 VBOX  )
[    0.000000] ACPI: XSDT 0x000000003FFF0030 00003C (v01 VBOX   VBOXXSDT 00000001 ASL  00000061)
[    0.000000] ACPI: FACP 0x00000003FFF00F0 0000F4 (v04 VBOX   VBOXFACP 00000001 ASL  00000061)
[    0.000000] ACPI: DSDT 0x000000003FFF0470 0021FF (v02 VBOX   VBOXBIOS 00000002 INTL 20100528)
[    0.000000] ACP: FACS 0x000000003FFF0200 0000040
[    0.000000] ACPI: FACS 0x000000003FFF0200 000040
[    0.000000] ACPI: APIC 0x000000003FFF0240 00005C (v02 VBOX   VBOXAPIC 00000001 ASL  00000061)
[    0.000000] ACPI: SSDT 0x000000003FFF02A0 0001CC (v01 VBOX   VBOXCPUT 00000002 INTL 20100528)
[    0.000000] No NUMA configuration found
[    0.000000] Faking a node at [mem 0x0000000000000000-0x000000003ffeffff]
[    0.000000] NODE_DATA(0) allocated [mem 0x3ffeb000-0x3ffeffff]
[    0.000000] kvm-clock: Using msrs 4b564d01 and 4b564d00
[    0.000000] kvm-clock: cpu 0, msr 0:3ffe3001, primary cpu clock
[    0.000000] kvm-clock: using sched offset of 3341483144 cycles
[    0.000000] clocksource: kvm-clock: mask: 0xffffffffffffffff max_cycles: 0x1cd42e4dffb, max_idle_ns: 881590591483 ns
[    0.000000] Zone ranges:
[    0.000000]   DMA      [mem 0x0000000000001000-0x0000000000ffffff]
[    0.000000]   DMA32   [mem0x000000001000000-0x000000003ffeffff]
[   .0000]   Normal   empty
[    0.000000]   Device   empty
[   .0000] Movabe zone start for eac nde
[    0000000] Ealymeory node ranges
[    0.000000]   od  0:[mem 0x0000000000001000-0x000000000009efff]
[    0.00000]  node   0: [mem 0x000000000100000-0x000000003ffeffff][   0.000000] Initmem setup node0 me 00000000000001000-0x000000003ffeffff
[   .000000] ACPI: PM-Timr IO Port: 0x4008
[   .00000]IOPIC[0]: apic_id 2, version 32, address 0xfec00000, GSI 0-23
   000000] ACPI IT_RCOVR (bus 0 bus_rq 0 glob_iq 2 dfl dl)
[   .0000]] CPI: INT_SRC_OVR (bus 0 bus_irq 9 globalir 9low levl)
[    0.000000] Using ACPI (MAD) forSMP onfiguration information
[    00000] smpboot: Allowing 2 CPUs, 0 hotlug CPUs
[   0.000000 P: Registered nosave memory: [mem 0x00000000-0x00000fff
[    0.000000] PM: Registered nosave memry: mem 0x0009f000-0x0009ffff]
[    0.000000] PM: Registered nosave memory: [mem 0x000a0000-0x000effff]
[    0.000000] PM: Registered nosave memory: [mem 0x000f0000-0x000fffff]
[    0.000000] e820: [mem 0x40000000-0xfebfffff] available for PCI devices
[    0.000000] Booting paravirtualized kernel on KVM
[    0.000000] clocksource: refined-jiffies: mask: 0xffffffff max_cycles: 0xffffffff, max_idle_ns: 7645519600211568 ns
[    0.000000] setup_percpu: NR_CPUS:512 nr_cpumask_bits:512 nr_cpu_ids:2 nr_node_ids:1
[    0.000000] PERCPU: Embedded 34 pages/cpu @ffff88003fc00000 s99544 r8192 d31528 u1048576
[    0.000000] PV qspinlock hash table entries: 256 (order: 0, 4096 bytes)
[    0.000000] Built 1 zonelists in Node order, mobilitygrouping on.  Total pages: 257912
[    0.000000] Policy zone: DMA32
[    0.000000] Kernel command line: BOOT_IMAGE=/boot/vmlinuz-4.4.0-127-generic root=LABEL=cloudimg-rootfs ro console=tty1 console=ttyS0
[    0.000000] PD hash table ntries: 4096 (order: 3, 32768 bytes)
[    0000000] Meory: 101648K108120K availabble 857K kernel od, 313K rwdata, 4000K rodata, 1512K init, 1316K bss, 46472K reserved, 0K cma-reserved)
[    0.000000] SLUB: HWalign=64, Ordr=0-3, MinObjects=0, CPUs=2, Nodes=
[   .000000] Kernel/User pae abesisolation: enale
   0.000000] Hierarchical RCU implementation.
[    00000] Build-time ajutment of leaf fanout to 64.
[    0.00000 	RCU restricting CPUs from NRCPS=512 to nr_cpu_ids=2.
[    0.0000] RCU: Adjustin gomtr for rcu_fanout_leaf=64, nrcp_is=
[    0.000000] NR_IRQS:33024 nr_irqs:440 16
[    0.000000]Cosoe:colour VGA+ 80x25
[   .0000]console [tty1] eabed
[   0.000000] consol [ttyS] naled
[    0.000000] tsc: Detected 2593.994 MHz processor
[    3.155718] Calibrating delay loop (skipped) preset value.. 5187.98 BogoMIPS (lpj=10375976)
[    3.166786] pid_max: default: 32768 minimum: 301
[    3.179547] ACPI: Core revision 20150930
[    3.188690] ACPI: 2 ACPI AML tables successfully acquired and loaded
[    3.195827] Security Framework initialized
[    3.207254] Yama: becoming mindful.
[    3.226385] AppArmor: AppArmor initialized
[    3.239705] Dentry cache hash table entries: 131072 (order: 8, 1048576 bytes)
[    3.269988] Inode-cache hash table entries: 65536 (order: 7, 524288 bytes)
[    3.279503] Mount-cache hash table entries: 2048 (order: 2, 16384 bytes)
[    3.291651] Mountpoint-cache hash table entries: 2048 (order: 2, 16384 bytes)
[    3.308160] Initializing cgroup subsys io
[    3.326062] Initializing cgroup subsys memory
[    3.347679] Initializing cgroup subsys devices
[    3.351839] Initializing cgroup subsys freezer
[    3.366048] Initializing cgroup subsys net_cls
[    3.379905] Initializing cgroup subsys perf_event
[    3.384395] Initializing cgroup subsys net_prio
[    3.399188] Initializing cgroup subsys hugetlb
[    3.407596] Initializing cgroup subsys pids
[    3.416005] CPU: Physical Processor ID: 0
[    3.417453] CPU: Processor Core ID: 0
[    3.419324] mce: CPU supports 0 MCE banks
[    3.420610] Last level iTLB entries: 4KB 1024, 2MB 1024, 4MB 1024
[    3.431869] Last level dTLB entries: 4KB 1024, 2MB 1024, 4MB 1024, 1GB 4
[    3.433765] Spectre V2 : Mitigation: Full generic retpoline
[    3.435405] Spectre V2 : Speculation control IBPB not-supported IBRS not-supported
[    3.437343] Speculative Store Bypass: Vulnerable
[    3.440685] Freeing SMP alternatives memory: 32K
[    3.450209] ftrace: allocating 32237 entries in 126 pages
[    3.499977] smpboot: APIC(0) Converting physical 0 to logical package 0
[    3.519694] smpboot: Max logical packages: 1
[    3.547872] x2apic enabled
[    3.560035] Switched APIC routing to physical x2apic.
[    3.580454] ..TIMER: vector=0x30 apic1=0 pin1=2 apic2=-1 pin2=-1
[    3.690644] smpboot: CPU0: Intel(R) Core(TM) i7-4960HQ CPU @ 2.60GHz (family: 0x6, model: 0x46, stepping: 0x1)
[    3.723367] Performance Events: unsupported p6 CPU model 70 no PMU driver, software events only.
[    3.735508] KVM setup paravirtual spinlock
[    3.751872] x86: Booting SMP configuration:
[    3.766009] .... node  #0, CPUs:      #1
[    3.778798] kvm-clock: cpu 1, msr 0:3ffe3041, secondary cpu clock
[    3.787834] mce: CPU supports 0 MCE banks
[    3.798344] x86: Booted up 1 node, 2 CPUs
[    3.799773] smpboot: Total of 2 processors activated (10375.97 BogoMIPS)
[    3.811433] devtmpfs: initialized
[    3.824270] evm: security.selinux
[    3.838172] evm: security.SMACK64
[    3.858389] evm: security.SMACK64EXEC
[    3.863100] evm: security.SMACK64TRANSMUTE
[    3.882452] evm: security.SMACK64MMAP
[    3.894499] evm: security.ima
[    3.902321] evm: security.capability
[    3.906150] clocksource: jiffies: mask: 0xffffffff max_cycles: 0xffffffff, max_idle_ns: 7645041785100000 ns
[    3.922007] futex hash table entries: 512 (order: 3, 32768 bytes)
[    3.947595] pinctrl core: initialized pinctrl subsystem
[    3.957731] RTC time: 17:04:28, date: 07/28/18
[    3.962452] NET: Registered protocol family 16
[    3.981788] cpuidle: using governor ladder
[    4.005762] cpuidle: using governor menu
[    4.017742] PCCT header not found.
[    4.033425] ACPI: bus type PCI registered
[    4.046973] acpiphp: ACPI Hot Plug PCI Controller Driver version: 0.5
[    4.065775] PCI: Using configuration type 1 for base access
[    4.093903] ACPI: Added _OSI(Module Device)
[    4.105627] ACPI: Added _OSI(Processor Device)
[    4.106870] ACPI: Added _OSI(3.0 _SCP Extensions)
[    4.108109] ACPI: Added _OSI(Processor Aggregator Device)
[    4.110272] ACPI: Executed 1 blocks of module-level executable AML code
[    4.113974] ACPI: Interpreter enabled
[    4.115042] ACPI: (supports S0 S5)
[    4.116064] ACPI: Using IOAPIC for interrupt routing
[    4.117468] PCI: Using host bridge windows from ACPI; if necessary, use "pci=nocrs" and report a bug
[    4.123964] ACPI: PCI Root Bridge [PCI0] (domain 0000 [bus 00-ff])
[    4.132837] acpi PNP0A03:00: _OSC: OS supports [ASPM ClockPM Segments MSI]
[    4.153399] acpi PNP0A03:00: _OSC: not requesting OS control; OS requires [ExtendedConfig ASPM ClockPM MSI]
[    4.166886] acpi PNP0A03:00: fail to add MMCONFIG information, can't access extended PCI configuration space under this bridge.
[    4.198118] PCI host bridge to bus 0000:00
[    4.205262] pci_bus 0000:00: root bus resource [io  0x0000-0x0cf7 window]
[    4.221722] pci_bus 0000:00: root bus resource [io  0x0d00-0xffff window]
[    4.233039] pci_bus 0000:00: root bus resource [mem 0x000a0000-0x000bffff window]
[    4.260594] pci_bus 0000:00: root bus resource [mem 0x40000000-0xfdffffff window]
[    4.276731] pci_bus 0000:00: root bus resource [bus 00-ff]
[    4.291572] pci 0000:00:01.1: legacy IDE quirk: reg 0x10: [io  0x01f0-0x01f7]
[    4.306642] pci 0000:00:01.1: legacy IDE quirk: reg 0x14: [io  0x03f6]
[    4.331815] pci 0000:00:01.1: legacy IDE quirk: reg 0x18: [io  0x0170-0x0177]
[    4.345000] pci 0000:00:01.1: legacy IDE quirk: reg 0x1c: [io  0x0376]
[    4.370024] pci 0000:00:07.0: quirk: [io  0x4000-0x403f] claimed by PIIX4 ACPI
[    4.379755] pci 0000:00:07.0: quirk: [io  0x4100-0x410f] claimed by PIIX4 SMB
[    4.418769] ACPI: PCI Interrupt Link [LNKA] (IRQs 5 9 10 *11)
[    4.431719] ACPI: PCI Interrupt Link [LNKB] (IRQs 5 9 *10 11)
[    4.451250] ACPI: PCI Interrupt Link [LNKC] (IRQs 5 *9 10 11)
[    4.480258] ACPI: PCI Interrupt Link [LNKD] (IRQs 5 9 10 *11)
[    4.492167] ACPI: Enabled 2 GPEs in block 00 to 07
[    4.503853] vgaarb: setting as boot device: PCI:0000:00:02.0
[    4.511134] vgaarb: device added: PCI:0000:00:02.0,decodes=io+mem,owns=io+mem,locks=none
[    4.513506] vgaarb: loaded
[    4.514432] vgaarb: bridge control possible 0000:00:02.0
[    4.517874] SCSI subsystem initialized
[    4.519106] ACPI: bus type USB registered
[    4.520319] usbcore: registered new interface driver usbfs
[    4.522062] usbcore: registered new interface driver hub
[    4.523635] usbcore: registered new device driver usb
[    4.527434] PCI: Using ACPI for IRQ routing
[    4.529202] NetLabel: Initializing
[    4.530227] NetLabel:  domain hash size = 128
[    4.531576] NetLabel:  protocols = UNLABELED CIPSOv4
[    4.532970] NetLabel:  unlabeled traffic allowed by default
[    4.538107] amd_nb: Cannot enumerate AMD northbridges
[    4.540609] clocksource: Switched to clocksource kvm-clock
[    4.551047] AppArmor: AppArmor Filesystem Enabled
[    4.552606] pnp: PnP ACPI init
[    4.554768] pnp: PnP ACPI: found 3 devices
[    4.561819] clocksource: acpi_pm: mask: 0xffffff max_cycles: 0xffffff, max_idle_ns: 2085701024 ns
[    4.565699] NET: Registered protocol family 2
[    4.567135] TCP established hash table entries: 8192 (order: 4, 65536 bytes)
[    4.569147] TCP bind hash table entries: 8192 (order: 5, 131072 bytes)
[    4.570899] TCP: Hash tables configured (established 8192 bind 8192)
[    4.572774] UDP hash table entries: 512 (order: 2, 16384 bytes)
[    4.574469] UDP-Lite hash table entries: 512 (order: 2, 16384 bytes)
[    4.578224] NET: Registered protocol family 1
[    4.579258] pci 0000:00:00.0: Limiting direct PCI/PCI transfers
[    4.580913] pci 0000:00:01.0: Activating ISA DMA hang workarounds
[    4.584288] Unpacking initramfs...
[    6.098890] Freeing initrd memory: 10872K
[    6.101601] platform rtc_cmos: registered platform RTC device (no PNP device found)
[    6.143341] Scanning for low memory corruption every 60 seconds
[    6.185758] audit: initializing netlink subsys (disabled)
[    6.217098] audit: type=2000 audit(1532797471.647:1): initialized
[    6.224268] Initialise system trusted keyring
[    6.236435] HugeTLB registered 2 MB page size, pre-allocated 0 pages
[    6.244362] zbud: loaded
[    6.252174] VFS: Disk quotas dquot_6.6.0
[    6.305699] VFS: Dquot-cache hash table entries: 512 (order 0, 4096 bytes)
[    6.355860] squashfs: version 4.0 (2009/01/31) Phillip Lougher
[    6.387409] fuse init (API version 7.23)
[    6.410333] Key type big_key registered
[    6.426807] Allocating IMA MOK and blacklist keyrings.
[    6.439263] Key type asymmetric registered
[    6.456060] Asymmetric key parser 'x509' registered
[    6.522673] Block layer SCSI generic (bsg) driver version 0.4 loaded (major 249)
[    6.566871] io scheduler noop registered
[    6.573731] io scheduler deadline registered (default)
[    6.578298] io scheduler cfq registered
[    6.598129] pci_hotplug: PCI Hot Plug PCI Core version: 0.5
[    6.606516] pciehp: PCI Express Hot Plug Controller Driver version: 0.4
[    6.634087] ACPI: AC Adapter [AC] (on-line)
[    6.646510] input: Power Button as /devices/LNXSYSTM:00/LNXPWRBN:00/input/input0
[    6.677813] ACPI: Power Button [PWRF]
[    6.687313] input: Sleep Button as /devices/LNXSYSTM:00/LNXSLPBN:00/input/input1
[    6.725162] ACPI: Sleep Button [SLPF]
[    6.726645] GHES: HEST is not enabled!
[    6.728116] ACPI: Battery Slot [BAT0] (battery present)
[    6.739083] Serial: 8250/16550 driver, 32 ports, IRQ sharing enabled
[    6.764428] 00:02: ttyS0 at I/O 0x3f8 (irq = 4, base_baud = 115200) is a 16550A
[    6.769684] Linux agpgart interface v0.103
[    6.773850] loop: module loaded
[    6.775492] scsi host0: ata_piix
[    6.779278] scsi host1: ata_piix
[    6.780462] ata1: PATA max UDMA/33 cmd 0x1f0 ctl 0x3f6 bmdma 0xd000 irq 14
[    6.782535] ata2: PATA max UDMA/33 cmd 0x170 ctl 0x376 bmdma 0xd008 irq 15
[    6.785017] libphy: Fixed MDIO Bus: probed
[    6.786175] tun: Universal TUN/TAP device driver, 1.6
[    6.787667] tun: (C) 1999-2004 Max Krasnyansky <maxk@qualcomm.com>
[    6.789404] PPP generic driver version 2.4.2
[    6.790897] ehci_hcd: USB 2.0 'Enhanced' Host Controller (EHCI) Driver
[    6.793981] ehci-pci: EHCI PCI platform driver
[    6.795307] ehci-platform: EHCI generic platform driver
[    6.797878] ohci_hcd: USB 1.1 'Open' Host Controller (OHCI) Driver
[    6.799698] ohci-pci: OHCI PCI platform driver
[    6.801020] ohci-platform: OHCI generic platform driver
[    6.802179] uhci_hcd: USB Universal Host Controller Interface driver
[    6.803614] i8042: PNP: PS/2 Controller [PNP0303:PS2K,PNP0f03:PS2M] at 0x60,0x64 irq 1,12
[    6.805943] serio: i8042 KBD port at 0x60,0x64 irq 1
[    6.807091] serio: i8042 AUX port at 0x60,0x64 irq 12
[    6.808436] mousedev: PS/2 mouse device common for all mice
[    6.813219] rtc_cmos rtc_cmos: rtc core: registered rtc_cmos as rtc0
[    6.821917] input: AT Translated Set 2 keyboard as /devices/platform/i8042/serio0/input/input2
[    6.844790] rtc_cmos rtc_cmos: alarms up to one day, 114 bytes nvram
[    6.896519] i2c /dev entries driver
[    6.916885] device-mapper: uevent: version 1.0.3
[    6.942453] device-mapper: ioctl: 4.34.0-ioctl (2015-10-28) initialised: dm-devel@redhat.com
[    6.951674] ledtrig-cpu: registered to indicate activity on CPUs
[    6.987691] NET: Registered protocol family 10
[    7.000950] NET: Registered protocol family 17
[    7.009796] Key type dns_resolver registered
[    7.031180] registered taskstats version 1
[    7.055656] Loading compiled-in X.509 certificates
[    7.063142] Loaded X.509 cert 'Build time autogenerated kernel key: 9f6f572a3ee0cb468eb8db4aa61815bc74ef6adb'
[    7.116476] tsc: Refined TSC clocksource calibration: 2595.229 MHz
[    7.145299] clocksource: tsc: mask: 0xffffffffffffffff max_cycles: 0x2568a10945a, max_idle_ns: 440795226973 ns
[    7.145418] zswap: loaded using pool lzo/zbud
[    7.146610] Key type trusted registered
[    7.148527] Key type encrypted registered
[    7.148557] AppArmor: AppArmor sha1 policy hashing enabled
[    7.148561] ima: No TPM chip found, activating TPM-bypass!
[    7.148580] evm: HMAC attrs: 0x1
[    7.148960]   Magic number: 10:427:88
[    7.152674] rtc_cmos rtc_cmos: setting system clock to 2018-07-28 17:04:31 UTC (1532797471)
[    7.152743] BIOS EDD facility v0.16 2004-Jun-25, 0 devices found
[    7.152743] EDD information not available.
[    7.306971] Freeing unused kernel memory: 1512K
[    7.309570] Write protecting the kernel read-only data: 14336k
[    7.336806] Freeing unused kernel memory: 1692K
[    7.695790] Freeing unused kernel memory: 96K
Loading, please wait...
starting version 229
[    7.836367] random: systemd-udevd: uninitialized urandom read (16 bytes read, 4 bits of entropy available)
[    7.836495] random: udevadm: uninitialized urandom read (16 bytes read, 4 bits of entropy available)
[    7.836511] random: udevadm: uninitialized urandom read (16 bytes read, 4 bits of entropy available)
[    7.842442] random: udevadm: uninitialized urandom read (16 bytes read, 4 bits of entropy available)
[    7.842480] random: udevadm: uninitialized urandom read (16 bytes read, 4 bits of entropy available)
[    7.842640] random: udevadm: uninitialized urandom read (16 bytes read, 4 bits of entropy available)
[    7.842680] random: udevadm: uninitialized urandom read (16 bytes read, 4 bits of entropy available)
[    7.842716] random: udevadm: uninitialized urandom read (16 bytes read, 4 bits of entropy available)
[    7.842753] random: udevadm: uninitialized urandom read (16 bytes read, 4 bits of entropy available)
[    7.842787] random: udevadm: uninitialized urandom read (16 bytes read, 4 bits of entropy available)
[    7.952473] e1000: Intel(R) PRO/1000 Network Driver - version 7.3.21-k8-NAPI
[    7.961443] e1000: Copyright (c) 1999-2006 Intel Corporation.
[    7.983656] Fusion MPT base driver 3.04.20
[    7.985041] Copyright (c) 1999-2008 LSI Corporation
[    8.031990] AVX2 version of gcm_enc/dec engaged.
[    8.044427] AES CTR mode by8 optimization enabled
[    8.047813] Fusion MPT SPI Host driver 3.04.20
[    8.172054] input: ImExPS/2 Generic Explorer Mouse as /devices/platform/i8042/serio1/input/input4
[    8.435975] e1000 0000:00:03.0 eth0: (PCI:33MHz:32-bit) 02:ff:33:8f:0e:5d
[    8.449115] e1000 0000:00:03.0 eth0: Intel(R) PRO/1000 Network Connection
[    8.466597] mptbase: ioc0: Initiating bringup
[    8.553013] ioc0: LSI53C1030 A0: Capabilities={Initiator}
[    8.735794] scsi host2: ioc0: LSI53C1030 A0, FwRev=00000000h, Ports=1, MaxQ=256, IRQ=20
[    8.865357] scsi 2:0:0:0: Direct-Access     VBOX     HARDDISK         1.0  PQ: 0 ANSI: 5
[    8.893207] scsi target2:0:0: Beginning Domain Validation
[    8.896706] scsi target2:0:0: Domain Validation skipping write tests
[    8.911282] scsi target2:0:0: Ending Domain Validation
[    8.912856] scsi target2:0:0: asynchronous
[    8.916826] scsi 2:0:1:0: Direct-Access     VBOX     HARDDISK         1.0  PQ: 0 ANSI: 5
[    8.919252] scsi target2:0:1: Beginning Domain Validation
[    8.921908] scsi target2:0:1: Domain Validation skipping write tests
[    8.923616] scsi target2:0:1: Ending Domain Validation
[    8.931325] scsi target2:0:1: asynchronous
[    8.973531] sd 2:0:0:0: Attached scsi generic sg0 type 0
[    8.980890] sd 2:0:0:0: [sda] 20971520 512-byte logical blocks: (10.7 GB/10.0 GiB)
[    8.983967] sd 2:0:0:0: [sda] Write Protect is off
[    8.986859] sd 2:0:0:0: [sda] Incomplete mode parameter data
[    8.991281] sd 2:0:0:0: [sda] Assuming drive cache: write through
[    8.994006] sd 2:0:1:0: [sdb] 20480 512-byte logical blocks: (10.5 MB/10.0 MiB)
[    8.999246] sd 2:0:1:0: Attached scsi generic sg1 type 0
[    9.003786] sd 2:0:1:0: [sdb] Write Protect is off
[    9.006059] sd 2:0:1:0: [sdb] Incomplete mode parameter data
[    9.015646] sd 2:0:1:0: [sdb] Assuming drive cache: write through
[    9.021813]  sda: sda1
[    9.029488] sd 2:0:1:0: [sdb] Attached SCSI disk
[    9.034852] sd 2:0:0:0: [sda] Attached SCSI disk
[    9.270509] e1000 0000:00:08.0 eth1: (PCI:33MHz:32-bit) 08:00:27:c5:c0:97
[    9.304976] e1000 0000:00:08.0 eth1: Intel(R) PRO/1000 Network Connection
[    9.307618] e1000 0000:00:08.0 enp0s8: renamed from eth1
[    9.329007] e1000 0000:00:03.0 enp0s3: renamed from eth0
Begin: Loading essential drivers[   10.753729] md: linear personality registered for level -1
 ... [   10.776782] md: multipath personality registered for level -4
[   10.796956] md: raid0 personality registered for level 0
[   10.812764] md: raid1 personality registered for level 1
[   10.900822] raid6: sse2x1   gen() 10907 MB/s
[   10.977077] raid6: sse2x1   xor()  8320 MB/s
[   11.048838] raid6: sse2x2   gen() 13815 MB/s
[   11.132676] raid6: sse2x2   xor()  9298 MB/s
[   11.204805] raid6: sse2x4   gen() 15700 MB/s
[   11.280659] raid6: sse2x4   xor()  9776 MB/s
[   11.348782] raid6: avx2x1   gen() 19822 MB/s
[   11.428962] raid6: avx2x2   gen() 24049 MB/s
[   11.504844] raid6: avx2x4   gen() 26084 MB/s
[   11.509067] raid6: using algorithm avx2x4 gen() 26084 MB/s
[   11.533860] raid6: using avx2x2 recovery algorithm
[   11.554753] xor: automatically using best checksumming function:
[   11.620957]    avx       : 53303.000 MB/sec
[   11.657759] async_tx: api initialized (async)
[   11.676860] md: raid6 personality registered for level 6
[   11.693729] md: raid5 personality registered for level 5
[   11.702233] md: raid4 personality registered for level 4
[   11.710997] md: raid10 personality registered for level 10
done.
Begin: Running /scripts/init-premount ... done.
Begin: Mounting root file system ... Begin: Running /scripts/local-top ... done.
Begin:[   11.757721] Btrfs loaded
 Running /scripts/local-premount ... Scanning for Btrfs filesystems
done.
Warning: fsck not present, so skipping root file system
[   11.806460] EXT4-fs (sda1): mounted filesystem with ordered data mode. Opts: (null)
done.
Begin: Running /scripts/local-bottom ... done.
Begin: Running /scripts/init-bottom ... done.
[   11.874917] systemd[1]: systemd 229 running in system mode. (+PAM +AUDIT +SELINUX +IMA +APPARMOR +SMACK +SYSVINIT +UTMP +LIBCRYPTSETUP +GCRYPT +GNUTLS +ACL +XZ -LZ4 +SECCOMP +BLKID +ELFUTILS +KMOD -IDN)
[   11.902507] systemd[1]: Detected virtualization oracle.
[   11.916039] systemd[1]: Detected architecture x86-64.

Welcome to [1mUbuntu 16.04.4 LTS[0m!

[   11.936430] systemd[1]: Set hostname to <ubuntu>.
[   11.940003] systemd[1]: Initializing machine ID from random generator.
[   11.961413] systemd[1]: Installed transient /etc/machine-id file.
[   12.058497] systemd[1]: Reached target System Time Synchronized.
[[0;32m  OK  [0m] Reached target System Time Synchronized.
[   12.062035] systemd[1]: Created slice User and Session Slice.
[[0;32m  OK  [0m] Created slice User and Session Slice.
[   120931] syted[1]: Started Trigger resolvconf update for networkd DNS.
[[0;32m  OK  [0m] Started Trigger resolvconf update for networkd DNS.
[   12.241137] systemd[1]: Started Forward Password Requests to Wall Directory Watch.
[[0;32m  OK  [0m] Started Forward Password Requests to Wall Directory Watch.
[   12.249956] systemd[1]: Listening on Syslog Socket.
[[0;32m  OK  [0m] Listening on Syslog Socket.
[   12.253621] systemd[1]: Reached target Swap.
[[0;32m  OK  [0m] Reached target Swap.
[   12.261117] systemd[1]: Listening on /dev/initctl Compatibility Named Pipe.
[[0;32m  OK  [0m] Listening on /dev/initctl Compatibility Named Pipe.
[   12.266781] systemd[1]: Listening on udev Kernel Socket.
[[0;32m  OK  [0m] Listening on udev Kernel Socket.
[   12.270610] systemd[1]: Listening on udev Control Socket.
[[0;32m  OK  [0m] Listening on udev Control Socket.
[   12.279045] systemd[1]: Listening on Journal Audit Socket.
[[0;32m  OK  [0m] Listening on Journal Audit Socket.
[   12.285411] systemd[1]: Reached target User and Group Name Lookups.
[[0;32m  OK  [0m] Reached target User and Group Name Lookups.
[   12.289470] systemd[1]: Listening on Journal Socket (/dev/log).
[[0;32m  OK  [0m] Listening on Journal Socket (/dev/log).
[   12.293638] systemd[1]: Listening on LVM2 metadata daemon socket.
[[0;32m  OK  [0m] Listening on LVM2 metadata daemon socket.
[   12.297776] systemd[1]: Listening on Device-mapper event daemon FIFOs.
[[0;32m  OK  [0m] Listening on Device-mapper event daemon FIFOs.
[   12.305490] systemd[1]: Listening on Journal Socket.
[[0;32m  OK  [0m] Listening on Journal Socket.
[   12.312961] systemd[1]: Reached target Encrypted Volumes.
[[0;32m  OK  [0m] Reached target Encrypted Volumes.
[   12.326470] systemd[1]: Set up automount Arbitrary Executable File Formats File System Automount Point.
[[0;32m  OK  [0m] Set up automount Arbitrary Executab...ats File System Automount Point.
[   12.353031] systemd[1]: Listening on LVM2 poll daemon socket.
[[0;32m  OK  [0m] Listening on LVM2 poll daemon socket.
[   12.361578] systemd[1]: Created slice System Slice.
[[0;32m  OK  [0m] Created slice System Slice.
[   12.384958] systemd[1]: Mounting Huge Pages File System...
         Mounting Huge Pages File System...
[   12.393957] systemd[1]: Starting Remount Root and Kernel File Systems...
         Starting Remount Root and Kernel File Systems...[   12.399981] EXT4-fs (sda1): re-mounted. Opts: (null)

[   12.401939] systemd[1]: Reached target Slices.
[[0;32m  OK  [0m] Reached target Slices.
[   12.408476] systemd[1]: Mounting POSIX Message Queue File System...
         Mounting POSIX Message Queue File System...
[   12.436888] systemd[1]: Starting Uncomplicated firewall...
         Starting Uncomplicated firewall...
[   12.441267] systemd[1]: Starting Nameserver information manager...
         Starting Nameserver information manager...
[   12.445978] systemd[1]: Starting Monitoring of LVM2 mirrors, snapshots etc. using dmeventd or progress polling...
         Starting Monitoring of LVM2 mirrors... dmeventd or progress polling...
[   12.489906] systemd[1]: Created slice systemseia\xdgettyslice.

[[0;32m  OK  [0m] Created slice system-serial\x2dgetty.slice.
[   12.657073] systemd[1]: Starting Journal Service...
         Starting Journal Service...
[   12.670290] systemd[1]: Starting Set console keymap...
         Starting Set console keymap...
[   12.679887] systemd[1]: Mounting Debug File System...
         Mounting Debug File System...
[   12.745485] systemd[1]: Starting Create list of required static device nodes for the current kernel...
         Starting Create list of required st... nodes for the current kernel...
[   12.821489] systemd[1]: Starting Load Kernel Modules...
         Starting Load Kernel Modules...[   12.837847] Loading iSCSI transport class v2.0-870.

[   12.887976] systemd[1]: Mounted POSIX Message Queue File System.
[[0;32m  OK  [0[   12.900891] iscsi: registered transport (tcp)
m] Mounted POSIX Message Queue File System.
[   12.960085] iscsi: registered transport (iser)
[   12.965450] systemd[1]: Mounted Debug File System.
[[0;32m  OK  [0m] Mounted Debug File System.
[   13.009026] systemd[1]: Mounted Huge Pages File System.
[[0;32m  OK  [0m] Mounted Huge Pages File System.
[   13.056274] ysem[1: tarted Jurnal Srvce
[[0;32m  OK  [0m] Started Journal Service.
[[0;32m  OK  [0m] Started Remount Root and Kernel File Systems.
[[0;32m  OK  [0m] Started Uncomplicated firewall.
[[   13.338496] random: nonblocking pool is initialized
[0;32m  OK  [0m] Started Set console keymap.
[[0;32m  OK  [0m] Started Create list of required sta...ce nodes for the current kernel.
[[0;32m  OK  [0m] Started Load Kernel Modules.
[[0;32m  OK  [0m] Started Nameserver information manager.
[[0;32m  OK  [0m] Started LVM2 metadata daemon.
         Starting Apply Kernel Variables...
         Mounting FUSE Control File System...
         Starting Create Static Device Nodes in /dev...
         Starting Load/Save Random Seed...
         Starting udev Coldplug all Devices...
         Starting Flush Journal to Persistent Storage...
[[0;32m  OK  [0m] Mounted FUSE Control File System.
[[0;32m  OK  [0m] Started Apply Kernel Variables.
[[0;32m  OK  [0m] Started Create Static Device Nodes in /dev.
[[0;32m  OK  [0m] Started Load/Save Random Seed.
[[0;32m  OK  [0m] Started Flush Journal to Persistent Storage.
[[0;32m  OK  [0m] Started udev Coldplug all Devices.
         Starting udev Kernel Device Manager...
[[0;32m  OK  [0m] Started udev Kernel Device Manager.
[[0;32m  OK  [0m] Started Dispatch Password Requests to Console Directory Watch.
[[0;32m  OK  [0m] Found device /dev/ttyS0.
[[0;32m  OK  [0m] Listening on Load/Save RF Kill Switch Status /dev/rfkill Watch.
[[0;32m  OK  [0m] Started Monitoring of LVM2 mirrors,...ng dmeventd or progress polling.
[[0;32m  OK  [0m] Reached target Local File Systems (Pre).
[[0;32m  OK  [0m] Reached target Local File Systems.
         Starting LSB: AppArmor initialization...
         Starting Tell Plymouth To Write Out Runtime Data...
         Starting Initial cloud-init job (pre-networking)...
         Starting Set console font and keymap...
         Starting Create Volatile Files and Directories...
         Starting Commit a transient machine-id on disk...
[[0;32m  OK  [0m] Started Tell Plymouth To Write Out Runtime Data.
[[0;32m  OK  [0m] Started Create Volatile Files and Directories.
         Starting Update UTMP about System Boot/Shutdown...
[[0;32m  OK  [0m] Started Commit a transient machine-id on disk.
[[0;32m  OK  [0m] Started Update UTMP about System Boot/Shutdown.
[[0;32m  OK  [0m] Started Set console font and keymap.
[[0;32m  OK  [0m] Created slice system-getty.slice.
[[0;32m  OK  [0m] Started LSB: AppArmor initialization.
[   11.118745] cloud-init[647]: Cloud-init v. 18.2 running 'init-local' at Sat, 28 Jul 2018 17:04:39 +0000. Up 10.85 seconds.
[[0;32m  OK  [0m] Started Initial cloud-init job (pre-networking).
[[0;32m  OK  [0m] Reached target Network (Pre).
         Starting Raise network interfaces...
[[0;32m  OK  [0m] Started Raise network interfaces.
         Starting Initial cloud-init job (metadata service crawler)...
[[0;32m  OK  [0m] Reached target Network.
[   12.044729] cloud-init[970]: Cloud-init v. 18.2 running 'init' at Sat, 28 Jul 2018 17:04:39 +0000. Up 11.59 seconds.
[   12.096459] [cloud-init[0;32m  OK  [0m[970]: ] ci-info: +++++++++++++++++++++++++++++++++++++Net device info++++++++++++++++++++++++++++++++++++++Started Initial cloud-init job (metadata service crawler).

[   12.097527] cloud-init[970]: ci-info: +--------+-------+---------------------------+---------------+-------+-------------------+
[   12.218370] [cloud-init[0;32m  OK  [0m[970]: ] ci-info: | Device |   Up  |          Address          |      Mask     | Scope |     Hw-Address    |Reached target Cloud-config availability.

[   12.319452] cloud-init[970]: ci-info: +--------+-------+---------------------------+---------------+-------+-------------------+
[[0;32m  OK  [0m] Reached target System Initialization.
[[0;32m  OK  [0m] Listening on ACPID Listen Socket.
[[0;32m  OK  [0m] Listening on D-Bus System Message Bus Socket.
[   12.320321] cloud-init[970]: ci-info: | enp0s3 |  True |         10.0.2.15         | 255.255.255.0 |   .   | 02:ff:33:8f:0e:5d |
[   12.485039]          cloud-initStarting Socket activation for snappy daemon.[970]: 
ci-info: | enp0s3 |  True | fe80::ff:33ff:fe8f:e5d/64 |       .       |  link | 02:ff:33:8f:0e:5d |
[   12.529551] [cloud-init[0;32m  OK  [0m[970]: ] ci-info: | enp0s8 | False |             .             |       .       |   .   | 08:00:27:c5:c0:97 |Started ACPI Events Check.

[   12.596738] [cloud-init[0;32m  OK  [0m[970]: ] ci-info: |   lo   |  True |         127.0.0.1         |   255.0.0.0   |   .   |         .         |Reached target Paths.

[   12.649396] [cloud-init[0;32m  OK  [0m[970]: ] ci-info: |   lo   |  True |          ::1/128          |       .       |  host |         .         |Started Daily Cleanup of Temporary Directories.

[   12.737248] [cloud-init[0;32m  OK  [0m[970]: ] ci-info: +--------+-------+---------------------------+---------------+-------+-------------------+Started Daily apt download activities.

[   12.799060] cloud-init[970]: ci-info: +++++++++++++++++++++++++++Route IPv4 info++++++++++++++++++++++++++++
[[0;32m  OK  [0m] Started Daily apt upgrade and clean activities.
[[0;32m  OK  [0m] Reached target Timers.
[   12.800112] cloud-init[970]: ci-info: +-------+-------------+----------+---------------+-----------+-------+
[   12.848413]          Starting LXD - unix socket.
[[0;32m  OK  [0m] Listening on UUID daemon activation socket.
[[0;32m  OK  [0m] Reached target Network is Online.
cloud-init[970]: ci-info: | Route | Destination | Gateway  |    Genmask    | Interface | Flags |
[   12.860306] cloud-init[970]: ci-info: +-------+-------------+----------+---------------+-----------+-------+
[   12.863727] cloud-init[970]: ci-info: |   0   |   0.0.0.0   | 10.0.2.2 |    0.0.0.0    |   enp0s3  |   UG  |
[   12.867039] cloud-init         Starting iSCSI initiator daemon (iscsid)...
[[0;32m  OK  [0m] Listening on Socket activation for snappy daemon.
[970]: ci-info: |   1   |   10.0.2.0  | 0.0.0.0  | 255.255.255.0 |   enp0s3  |   U   |
[   12.877321] [[0;32m  OK  [0m] Listening on LXD - unix socket.cloud-init[970]: ci-info: +-------+-------------+----------+---------------+-----------+-------+

[   12.883182] cloud-init[970]: Generating public/private rsa key pair.
[   12.886420] [[0;32m  OK  [0m] Reached target Sockets.
[cloud-init[970]: Your identification has been saved in /etc/ssh/ssh_host_rsa_key.
[   12.890959] cloud-init[970]: Your public key has been saved in /etc/ssh/ssh_host_rsa_key.pub.
[   12.891467] cloud-init[970]: The key fingerprint is:
[   12.891507] cloud-init[970]: SHA256:FQ3ysTGVGHG8Id/AdgNnlH8BgpE8OQdnJjOOi0gi/pg root@ubuntu-xenial
[   12.891543] cloud-init[970]: The key's randomart image is:
[   12.891596] cloud-init[970]: +---[RSA 2048]----+
[   12.891648] cloud-init[970]: |        o*##+==. |
[   12.891689] cloud-init[970]: |        oXXOXo+. |
[0;32m  OK  [0m] Reached target Basic System.
[   12.891717]          Starting LSB: Record successful boot for GRUB...
cloud-init[970]: |.. .   . .B+ * o.|
         Starting Apply the settings specified in cloud-config...
[   12.918360] cloud-init[970]: |o o . . ..  o . o|
         Starting Pollinate to seed the pseudo random number generator...
         Starting LXD - container startup/shutdown...
         Starting /etc/rc.local Compatibility...
[[0;32m  OK  [0m] Started Deferred execution scheduler.
[[0;32m  OK  [0m] Started Regular background program processing daemon.
         Starting Login Service...
         Starting Virtualbox guest utils...
[   12.926734] cloud-init[970]: | . . . .S       .|
         Starting LSB: MD monitoring daemon...
[[0;32m  OK  [0m] Started Unattended Upgrades Shutdown.
[   12.987553] cloud-init[970]: |  +              |
[   13.012183] cloud-init[970]: | E .             |
[[0;32m  OK  [0m] Started D-Bus System Message Bus.
[   13.031884] cloud-init[970]: |                 |
[   13.040840] cloud-init[970]: |                 |
[   13.043852] cloud-init[970]: +----[SHA256]-----+
[   13.046900] cloud-init[970]: Generating public/private dsa key pair.
[   13.060645]          cloud-initStarting System Logging Service...[970]: 
Your identification has been saved in /etc/ssh/ssh_host_dsa_key.
[   13.076557]          Starting Accounts Service...
cloud-init[[0;32m  OK  [0m] Started ACPI event daemon.
[[0;32m  OK  [0m] Started FUSE filesystem for LXC.
[970]:          Starting Snappy daemon...
[[0;32m  OK  [0m] Started iSCSI initiator daemon (iscsid).
[[0;32m  OK  [0m] Started LXD - container startup/shutdown.
[[0;32m  OK  [0m] Started /etc/rc.local Compatibility.
[[0;32m  OK  [0m] Started System Logging Service.
Your public key has been saved in /etc/ssh/ssh_host_dsa_key.pub.
[   13.100758] cloud-init[970]: The key fingerprint is:
[   13.110191] cloud-init[970]: SHA256:ovqGeuo045WZHuC5iEb16LGkWV7p4tAqNwHT0D5E5YM root@ubuntu-xenial
[   13.113740] cloud-init[970]: The key's randomart image is:
[   13.134240] cloud-init[970]: +---[DSA 1024]----+
[[0;32m  OK  [0m] Started Login Service.
[[0;32m  OK  [0m] Started LSB: Record successful boot for GRUB.
[[0;32m  OK  [0m] Started LSB: MD monitoring daemon.
[   13.159349] cloud-init[970]: | o...            |
[   13.186692] cloud-init[970]: |. oo             |
[   13.189667] cloud-init[970]: | =E o            |
[   13.204530]          cloud-initStarting Authenticate and Authorize Users to Run Privileged Tasks...[970]: 
|o +. .           |
         Starting Login to default iSCSI targets...
[   13.223960] cloud-init[970]: [[0;32m  OK  [0m] Started Virtualbox guest utils.
[[0;32m  OK  [0m] Started Authenticate and Authorize Users to Run Privileged Tasks.
| +..o o S        |
[   13.245714] [[0;32m  OK  [0m] Started Accounts Service.
cloud-init[970]: |..==+= .         |
[   13.249871] cloud-init[970]: |.BBX*            |
[   13.253952] cloud-init[970]: |*+&*o.           |
[   13.271510] cloud-init[970]: |OXo*o            |
[   13.288641] cloud-init[970]: +----[SHA256]-----+
[[0;32m  OK  [0m[   13.312185] cloud-init[970]: Generating public/private ecdsa key pair.
[   13.312253] cloud-init[970]: Your identification has been saved in /etc/ssh/ssh_host_ecdsa_key.
[   13.312289] cloud-init[970]: Your public key has been saved in /etc/ssh/ssh_host_ecdsa_key.pub.
[   13.312319] cloud-init[970]: The key fingerprint is:
[   13.312392] cloud-init[970]: SHA256:kJTCwgxDTKjGjW207MTmqTG+DbeD/jZqdqvO/m6+cwQ root@ubuntu-xenial
[   13.312513] cloud-init[970]: The key's randomart image is:
[   13.312544] cloud-init[970]: +---[ECDSA 256]---+
[   13.312573] cloud-init[970]: |B* .  ..         |
[   13.312600] cloud-init[970]: |.o+.o...         |
[   13.312628] cloud-init[970]: |o B...o          |
[   13.312677] cloud-init[970]: |.+ E   .         |
[   13.312714] cloud-init[970]: |. * o   S        |
[   13.312742] cloud-init[970]: | o + .           |
[   13.312769] cloud-init[970]: |..=..            |
[   13.312797] cloud-init[970]: |.*+B..           |
[   13.312823] cloud-init[970]: |*O%XB            |
[   13.312849] cloud-init[970]: +----[SHA256]-----+
[   13.312909] cloud-init[970]: Generating public/private ed25519 key pair.
[   13.312938] cloud-init[970]: Your identification has been saved in /etc/ssh/ssh_host_ed25519_key.
[   13.312968] cloud-init[970]: Your public key has been saved in /etc/ssh/ssh_host_ed25519_key.pub.
[   13.312998] cloud-init[970]: The key fingerprint is:
[   13.313026] cloud-init[970]: SHA256:/XVdbK/zn8RgTV0jw1IXFXOwXpcQxJhLpLvp5oj6NWM root@ubuntu-xenial
[   13.313057] cloud-init[970]: The key's randomart image is:
[   13.313085] cloud-init[970]: +--[ED25519 256]--+
[   13.313114] cloud-init[970]: |          ..BBoBB|
[   13.313143] cloud-init[970]: |          .= o=oB|
[   13.313171] cloud-init[970]: |         .. o .oB|
[   13.313199] cloud-init[970]: |         ... .oo=|
[   13.313227] cloud-init[970]: |        S..  oo.+|
[   13.313256] cloud-init[970]: |          o...oo |
[   13.313287] cloud-init[970]: |       E o  . oo |
[   13.313316] cloud-init[970]: |      + =.    .o.|
[   13.313899] cloud-init[970]: |   .oo .oo     .+|
[   13.313944] cloud-init[970]: +----[SHA256]-----+
] Started Login to default iSCSI targets.
[[0;32m  OK  [0m] Started Pollinate to seed the pseudo random number generator.
[[0;32m  OK  [0m] Started Snappy daemon.
[   13.532013] cloud-init[1069]: Generating locales (this might take a while)...
         Starting Wait until snapd is fully seeded...
         Starting OpenBSD Secure Shell server...
[[0;32m  OK  [0m] Reached target Remote File Systems (Pre).
[[0;32m  OK  [0m] Reached target Remote File Systems.
         Starting LSB: automatic crash report generation...
         Starting LSB: Set the CPU Frequency Scaling governor to "ondemand"...
         Starting LSB: daemon to balance interrupts for SMP systems...
         Starting Permit User Sessions...
[[0;32m  OK  [0m] Started OpenBSD Secure Shell server.
[[0;32m  OK  [0m] Started Permit User Sessions.
[[0;32m  OK  [0m] Started LSB: Set the CPU Frequency Scaling governor to "ondemand".
[[0;32m  OK  [0m] Started LSB: automatic crash report generation.
         Starting Terminate Plymouth Boot Screen...
         Starting Hold until boot process finishes up...
[[0;32m  OK  [0m] Started LSB: daemon to balance interrupts for SMP systems.
[[0;32m  OK  [0m] Started Terminate Plymouth Boot Screen.
[[0;32m  OK  [0m] Started Hold until boot process finishes up.
[[0;32m  OK  [0m] Started Serial Getty on ttyS0.
[[0;32m  OK  [0m] Started Getty on tty1.
[[0;32m  OK  [0m] Reached target Login Prompts.
         Starting Set console scheme...
[[0;32m  OK  [0m] Started Set console scheme.
[[0;32m  OK  [0m] Started Wait until snapd is fully seeded.
[[0;32m  OK  [0m] Reached target Multi-User System.
[[0;32m  OK  [0m] Reached target Graphical Interface.
         Starting Update UTMP about System Runlevel Changes...
[[0;32m  OK  [0m] Started Update UTMP about System Runlevel Changes.
[   14.292256] cloud-init[1069]:   en_US.UTF-8... done
[   14.302264] cloud-init[1069]: Generation complete.
[   14.539614] cloud-init[1069]: Cloud-init v. 18.2 running 'modules:config' at Sat, 28 Jul 2018 17:04:41 +0000. Up 13.38 seconds.
[[0;32m  OK  [0m] Started Apply the settings specified in cloud-config.
         Starting Execute cloud user/final scripts...
ci-info: no authorized ssh keys fingerprints found for user ubuntu.
<14>Jul 28 17:04:43 ec2: 
<14>Jul 28 17:04:43 ec2: #############################################################
<14>Jul 28 17:04:43 ec2: -----BEGIN SSH HOST KEY FINGERPRINTS-----
<14>Jul 28 17:04:43 ec2: 1024 SHA256:ovqGeuo045WZHuC5iEb16LGkWV7p4tAqNwHT0D5E5YM root@ubuntu-xenial (DSA)
<14>Jul 28 17:04:43 ec2: 256 SHA256:kJTCwgxDTKjGjW207MTmqTG+DbeD/jZqdqvO/m6+cwQ root@ubuntu-xenial (ECDSA)
<14>Jul 28 17:04:43 ec2: 256 SHA256:/XVdbK/zn8RgTV0jw1IXFXOwXpcQxJhLpLvp5oj6NWM root@ubuntu-xenial (ED25519)
<14>Jul 28 17:04:43 ec2: 2048 SHA256:FQ3ysTGVGHG8Id/AdgNnlH8BgpE8OQdnJjOOi0gi/pg root@ubuntu-xenial (RSA)
<14>Jul 28 17:04:43 ec2: -----END SSH HOST KEY FINGERPRINTS-----
<14>Jul 28 17:04:43 ec2: #############################################################
-----BEGIN SSH HOST KEY KEYS-----
ecdsa-sha2-nistp256 AAAAE2VjZHNhLXNoYTItbmlzdHAyNTYAAAAIbmlzdHAyNTYAAABBBIs6tnbTFwPIZkjIFGQNQo8XAelblMjAc0pfCgle3RIUxrS7vGR+mAuPAAFqFL+vh84ooPds9/fDNTfNA2SDiaM= root@ubuntu-xenial
ssh-ed25519 AAAAC3NzaC1lZDI1NTE5AAAAIK/84xBdIw6SHKzTLjm1mvySjnB57DzPM3iNnkwv9yg/ root@ubuntu-xenial
ssh-rsa AAAAB3NzaC1yc2EAAAADAQABAAABAQC/um8LJepAHjKj9DXVbTFdLhai/xI9YIc87wXnrz5gDPc6etQPFvXED44hHMZk8nYEPA1usffUFANx2Bb2+w/14xrvxr5hpB5cw/ezf58Mp1kR3KSpp0334joQPcX15XGDLXkRIenV3DetwtivsHLfzrHVQdeM+T1Cwnl1GlgRSjJEnCHiJPW46aTMMHEQgGUbd84Dg/n5ZhD12SkRIYsGao7yTNqvAubGpb2YodVXIJLEGhDB76XMPHf9Tn6KydLCOuBDE+2eTpZjSNk2uCCEuQWszyvQfK6pDuJ2Ls/HqomE4t87KVetI8Sf/fsJ+tkd/sSrxlZmmOuABL+hKu25 root@ubuntu-xenial
-----END SSH HOST KEY KEYS-----
[   15.145682] cloud-init[1339]: Cloud-init v. 18.2 running 'modules:final' at Sat, 28 Jul 2018 17:04:43 +0000. Up 14.81 seconds.
[   15.150288] cloud-init[1339]: ci-info: no authorized ssh keys fingerprints found for user ubuntu.
[   15.154302] cloud-init[1339]: Cloud-init v. 18.2 finished at Sat, 28 Jul 2018 17:04:43 +0000. Datasource DataSourceNoCloud [seed=/dev/sdb][dsmode=net].  Up 15.13 seconds
[[0;32m  OK  [0m] Started Execute cloud user/final scripts.
[[0;32m  OK  [0m] Reached target Cloud-init target.

Ubuntu 16.04.4 LTS ubuntu-xenial ttyS0

ubuntu-xenial login: 