[   .000000] Linux verson 4.150-29-generic buuildd@lg01-amd6-057) (gcc version 7.3.0 (Ubntu 73.0-16ubuntu3)) #31-Ubuntu SMP Tue Jul 17 15:39:52 UTC 2018 (Ubuntu 4.15.0-29.31-generic 4.15.18)
[    0.000000] Commad line: BOOT_IMAGE=/boot/vmlinuz-4.15.0-29-generic root=LABEL=cloudimg-rootfs ro console=tty1 console=ttyS0
[    0.000000] KERNEL supported cpus:
[    0.000000]   Intel GenuineIntel
[   0.000000]  AMD AuthenticAM
[    .000000]  Cntaur CentaurHauls
[    0.000000] x8/fpu: Supporting XSAVE feature 0x01: 'x87 loating oint regiters'
[    0.00000] x86/fpu: Supporting XSAVE feature 0x002: 'SSE registers'
[    0.00000] 86/fpuSupportig XSAVE feature 0x004: 'AVX registers'
[    .000000] x8/fpu: xstate_offset[2]:  576, xstate_sizes[2]:  256
[    0.000000] x86/fpu: Enabled xstate features 0x7, context size is 832 bytes, using 'standard' format.
[    0.000000] e820: BIOS-provided physical RAM map:
[    0.000000] BIOS-e820: [mem 0x0000000000000000-0x000000000009fbff] usable
[    0.000000] BIOS-e820: [mem 0x000000000009fc00-0x000000000009ffff] reserved
[    0.000000] BIOS-e820: [mem 0x00000000000f0000-0x00000000000fffff] reserved
[    0.000000] BIOS-e820: [mem 0x000000000010000-0x00000000dffeffff] usable
[    0.000000] BIOS-e820: [mem 0x00000000dfff0000-0x00000000dfffffff] ACPI data
[    0.000000] BIOS-e820: [mem 0x00000000fe00000-0x00000000fec00fff] reserved
[    0.000000] BIOS-e820: [mem 0x00000000fee00000-0x00000000fee00fff] reserved
[    0.000000] BIOOS-e820: [mem 0x00000000fffc0000-0x00000000ffffffff] reserved
[    0.000000] BIOS-e820: [mem 0x0000000100000000-0x0000000213ffffff] usable
[    0.000000] NX (Execute Disable) protection: active
[    0.000000] SMBIOS 2.5 present.
[    0000000] MI: innotek GmbHVitualBox/VirtualBox, BIOS VirtuaBox 12/01/2006
[    0.000000] Hypeisor detected: KM
[    0.000000] e820: last_pfn = 0x214000 max_ar_pfn = 0x400000000
[    0.000000] MTRR: Disabled
[    .00000]x86/PAT: MTRRs disabled,skipping PAT iniialization too.
[    0.00000] CPU MTRRs all blank - virtualized system.
[    0.000000] x86PAT: Configuration 0-7]:WB  WT  UC- UC  WB  WT  UC- UC  
[    .00000] e820: las_pfn  0xdff0 max_arch_pfn = 0x40000000
[    0.000000] found SMP MP-table at [mem 0x0009fff0-0x0009ffff] mapped at [        (prval)]
[    0.00000] Scanning 1 areas for low meory crruption
[    0.000000] RAMDISK: [mem 0x35ae5000-0x36d69fff]
[    0.000000] ACPI: Early table checksum verification disabled
[    0.00000] ACPI: RSDP x00000000000E0000 000024 (v02 VBOX  )
[    0.00000] ACPI: XSDT 0x00000000DFFF0030 00003C (v01 VBOX   VBOXXSDT 00000001 ASL  00000061)
[    0.000000] ACPI: FACP 0x00000000DFFF00F0 0000F4 (v04 VBOX   VBOXFACP 00000001 ASL  00000061)
[    0.000000] ACPI: DSD 0x00000000DFFF0480 0021FF (v02 VBOX   VBOXBIOS 00000002 INTL 20100528)
[    0.000000] ACPI: FACS 0x00000000DFFF0200 000040
[    0.000000] ACPI: FACS 0x000000000DFFF0200 000040
[    0.000000] ACPI: APIC 0x00000000DFFF0240 00006C (v02 VBOX   VBOXAPIC 00000001 ASL  00000061)
[    0.000000] ACPI: SSDT 0x00000000DFFF02B0 0001CC (v01 VBOX   VBOXCPUT 00000002 INTL 20100528)
[    0.000000] No NUMA configuration found
[    0.000000] Faking a node at [mem 0x0000000000000000-0x0000000213ffffff]
[    0.000000] NODE_DATA(0) allocated [mem 0x213fd1000-0x213ffbfff]
[    0000000] kvm-clock cpu 0, msr 2:13f50001,prmary cpu clock
[    0.00000] vm-clock: Using msrs 4b564d01 and 4b564d00
[    0.000000] kvm-clock: using sched offset of 3531948414 cycles
[    0.000000] clocksource: kvm-clock: mask: 0xffffffffffffffff max_cycles: 0x1cd42e4dffb, max_idle_ns: 881590591483 ns
[    0.000000] Zone ranges:
[    0.000000]   DMA      [mem 0x0000000000001000-0x0000000000ffffff]
[    0.000000]   DMA32    [mem 0x0000000001000000-0x00000000ffffffff]
[    0.000000]   Normal   [mem 0x0000000100000000-0x0000000213ffffff]
[    0.000000]   Device   empty
[    0.000000] Movable zone start or eachnode
[    .000000 Early emory node anges
[   0.000000]   node   0: [mem 0x0000000000001000-0x000000000009efff]
[    0.000000]   node   0: [mem 0x0000000000100000-0x00000000dffeffff]
[    0.000000]   node   0: [mem 0x0000000100000000-0x0000000213ffffff]
[    0.000000] Initmem setup node 0 [mem 0x0000000000001000-0x0000000213ffffff]
[    0.00000] Reserved but unavaiable: 8 pages
[    0.00000] ACP: PM-Timer IO Port0x4008
[    0.00000] IOPIC[0]: apic_id 4, version 32, address 0xfec00000, GSI 0-23
[    0.00000] CPI: INT_SRCOVR (bus0 bus_irq 0 global_iq 2 dfl dfl)
[    0.000000] ACPI: INT_SRC_OV (bus 0 bus_rq 9 global_irq 9 lw level)
    0.00000] sing ACPI (MADT) for SMP configuration information
[    0.00000] smpboot: Allowing 4 CPUs, 0 hotplug CPUs
[    0.000000] PM: Registeed nosave memory: [mem 0x00000000-0x00000fff]
[    0.000000] PM: Registered nosave memory: [mem 0x0009f000-0x0009ffff]
[    0.000000] PM: Registered nosave memory: [mem 0x000a0000-0x000effff]
[    0.000000] PMM: Registered nosave memory: [mem 0x000f0000-0x000fffff]
[    0.000000] PM: Registered nosave memory: [mem 0xdfff0000-0xdfffffff]
[    0.000000] PM: Registered nosave memory: [mem 0xe0000000-0xfebfffff]
[    0.000000] PM: Registered nosave memory: [mem 0xfec00000-0xfec00fff]
[    0.000000] PM: Registered nosave memory: [mem 0xfec01000-0xfedfffff]
[    0.000000] PM: Registered nosave memory: [mem 0xfee00000-0xfee00fff]
[    0.000000] PM: Registered nosave memory: [mem 0xfee01000-0xfffbffff]
[    0.000000] PM: Registered nosave memory: [mem 0xfffc0000-0xffffffff]
[    0.000000] e820: [mem 0xe0000000-0xfebfffff] available for PCI devices
[    0.000000] Booting paravirtualized kernel on KVM
[    0.000000] clocksource: rfinedjiffies: mask: 0xffffffff max_cycles: 0xffffffff, max_idle_ns: 7645519600211568 ns
[    0.000000] ranm: get_random_bytes called from start_kernel+0x99/0x4fd with crng_init=0
[    0.000000] setup_percpu: NR_CPUS:8192 n_cpumas_bits:4 nr_cpuids:4 nr_noe_ids:1
[    0.00000]pecppu: Emdded 46 pages/cpu @        (ptrval) s151552 r8192 d28672 u524288
[    0.000000] PV qspinlock hash table entries: 256 (order: 0, 4096 bytes)
[    0.000000] Built 1 zonelists, mobility grouping on.  Total pages: 2015865
[  0.000000] Policy zone: Normal
[    0.000000] Kernel command line: BOOT_IMAGE=/boot/vmlinuz-4.15.0-29genericroot=LABEL=cloudimg-rootfs ro consoletty1 console=ttyS0
[    0.00000] Memor: 7948068K/8191544K available (12300K kernel code, 2470K rwdata, 4240K rodata, 2408K init, 2416K bss, 243476K reserved, 0K cma-reserved)
[    0.000000] SLUB: HWalign=64, Order=0-3, MinObjects=0, CPUs=4, Nodes=1
[    0.000000] Kernel/User page tables isolation: enabled
[    0.000000] ftrace: allocating 39092 entries in 153 pages
[    0.004000] Hierarchical RCU implementation.
[    0.004000] 	RCU restricting CPUs from NR_CPUS=8192 to nr_cpu_ids=4.
[    0.004000] 	TasksRCU enabed.
[    0.004000] RC: Adjustng geometry fr rcufanout_leaf=16, nr_cpu_ids=4
[    0.004000] NR_IRQS: 524544, nr_irqs: 456, prealloated irqs: 16
[    0.004000] Console: colour VGA+ 80x25
[    0.004000] console [tty1] enabled
[    0.004000] console [ttyS0] enabled
[    0.004000] ACPI: Core revision 20170831
[    0.004000] ACPI: 2 ACPI AML tables successfully acquired and loaded
[    0.004000] APIC: Switch to symmetric I/O mode setup
[    0.004000] x2apic enabled
[    0.004000] Switched APIC routing to physical x2apic.
[    0.004000] ..TIMER: vector=0x30 apic1=0 pin1=2 apic2=-1 pin2=-1
[    0.004004] tsc: Detected 2593.994 MHz processor
[    0.005211] Calibrating delay loop (skipped) preset value.. 5187.98 BogoMIPS (lpj=10375976)
[    0.008003] pid_max: default: 32768 minimum: 301
[    0.009194] Security Framework initialized
[    0.010251] Yama: becoming mindful.
[    0.012042] AppArmor: AppArmor initialized
[    0.020164] Dentry cace hash table entries: 1048576 (order: 11, 8388608 bytes)
[    0.026893] Inode-cache hash table entries: 524288 (order: 10, 4194304 bytes)
[    0.028035] Mount-cache hash table entries: 16384 (order: 5, 131072 bytes)
[    0.032018] Mountpoint-cache hash table entries: 16384 (order: 5, 131072 bytes)
[    0.036183] CPU: Physical Processor ID: 0
[    0.040002] CPU: Processor Core ID: 0
[    0.044020] mce: CPU supports 0 MCE banks
[    0.048014] Last level iTLB entries: 4KB 1024, 2MB 1024, 4MB 1024
[    0.052003] Last level dTLB entries: 4KB 1024, 2MB 1024, 4MB 1024, 1GB 4
[    0.056006] Spectre V2 : Mitigation: Full generic retpoline
[    0.060002] Speculative Store Bypass: Vulnerable
[    0.064091] Freeing SMP alternatives memory: 36K
[    0.072000] smpboot: CPU0: Intel(R) Core(TM) i7-4960HQ CPU @ 2.60GHz (family: 0x6, model: 0x46, stepping: 0x1)
[    0.072072] Performance Events: unsupported p6 CPU model 70 no PMU driver, software events only.
[    0.076036] Hierarchical SRCU implementation.
[    0.081851] NMI watchdog: Perf event create on CPU 0 failed with -2
[    0.084005] NMI watchdog: Perf NMI watchdog permanently disabled
[    0.088063] smp: Bringing up secondary CPUs ...
[    0.089632] x86: Booting SMP configuration:
[    0.092003] .... node  #0, CPUs:      #1
[    0.004000] kvm-clock: cpu 1, msr 2:13f50041, secondary cpu clock
[    0.004000] mce: CPU supports 0 MCE banks
[    0.126554]  #2
[    0.004000] kvm-clock: cpu 2, msr 2:13f50081, secondary cpu clock
[    0.004000] mce: CPU supports 0 MCE banks
[    0.178527]  #3
[    0.004000] kvm-clock: cpu 3, msr 2:13f500c1, secondary cpu clock
[    0.004000] mce: CPU supports 0 MCE banks
[    0.216020] smp: Brought up 1 node, 4 CPUs
[    0.220000] smpboot: Max logical packages: 1
[    0.220005] smpboot: Total of 4 processors activated (20751.95 BogoMIPS)
[    0.224386] devtmpfs: initialized
[    0.228048] x86/mm: Memory block size: 128MB
[    0.232480] evm: security.selinux
[    0.236002] evm: security.SMACK64
[    0.240002] evm: security.SMACK64EXEC
[    0.244002] evm: security.SMACK64TRANSMUTE
[    0.248002] evm: security.SMACK64MMAP
[    0.252002] evm: security.apparmor
[    0.256002] evm: security.ima
[    0.260002] evm: security.capability
[    0.268003] clocksource: jiffies: mask: 0xffffffff max_cycles: 0xffffffff, max_idle_ns: 7645041785100000 ns
[    0.288018] futex hash table entries: 1024 (order: 4, 65536 bytes)
[    0.304101] pinctrl core: initialized pinctrl subsystem
[    0.320096] RTC time: 17:34:07, date: 07/29/18
[    0.332198] NET: Registered protocol family 16
[    0.340066] audit: initializing netlink subsys (disabled)
[    0.352029] audit: type=2000 audit(1532885648.479:1): state=initialized audit_enabled=0 res=1
[    0.356012] cpuidle: using governor ladder
[    0.364008] cpuidle: using governor menu
[    0.372031] ACPI: bus type PCI registered
[    0.380003] acpiphp: ACPI Hot Plug PCI Controller Driver version: 0.5
[    0.400103] PCI: Using configuration type 1 for base access
[    0.410294] HugeTLB registered 2.00 MiB page size, pre-allocated 0 pages
[    0.428115] ACPI: Added _OSI(Module Device)
[    0.436010] ACPI: Added _OSI(Processor Device)
[    0.444003] ACPI: Added _OSI(3.0 _SCP Extensions)
[    0.456003] ACPI: Added _OSI(Processor Aggregator Device)
[    0.472004] ACPI: Added _OSI(Linux-Dell-Video)
[    0.480369] ACPI: Executed 1 blocks of module-level executable AML code
[    0.508733] ACPI: Interpreter enabled
[    0.520014] ACPI: (supports S0 S5)
[    0.524003] ACPI: Using IOAPIC for interrupt routing
[    0.540195] PCI: Using host bridge windows from ACPI; if necessary, use "pci=nocrs" and report a bug
[    0.564194] ACPI: Enabled 2 GPEs in block 00 to 07
[    0.586369] ACPI: PCI Root Bridge [PCI0] (domain 0000 [bus 00-ff])
[    0.600029] acpi PNP0A03:00: _OSC: OS supports [ASPM ClockPM Segments MSI]
[    0.608047] acpi PNP0A03:00: _OSC: not requesting OS control; OS requires [ExtendedConfig ASPM ClockPM MSI]
[    0.624021] acpi PNP0A03:00: fail to add MMCONFIG information, can't access extended PCI configuration space under this bridge.
[    0.640395] PCI host bridge to bus 0000:00
[    0.641328] pci_bus 0000:00: root bus resource [io  0x0000-0x0cf7 window]
[    0.643294] pci_bus 0000:00: root bus resource [io  0x0d00-0xffff window]
[    0.644004] pci_bus 0000:00: root bus resource [mem 0x000a0000-0x000bffff window]
[    0.646647] pci_bus 0000:00: root bus resource [mem 0xe0000000-0xfdffffff window]
[    0.648005] pci_bus 0000:00: root bus resource [bus 00-ff]
[    0.666469] pci 0000:00:01.1: legacy IDE quirk: reg 0x10: [io  0x01f0-0x01f7]
[    0.668004] pci 0000:00:01.1: legacy IDE quirk: reg 0x14: [io  0x03f6]
[    0.669626] pci 0000:00:01.1: legacy IDE quirk: reg 0x18: [io  0x0170-0x0177]
[    0.672004] pci 0000:00:01.1: legacy IDE quirk: reg 0x1c: [io  0x0376]
[    0.736212] pci 0000:00:07.0: quirk: [io  0x4000-0x403f] claimed by PIIX4 ACPI
[    0.748020] pci 0000:00:07.0: quirk: [io  0x4100-0x410f] claimed by PIIX4 SMB
[    0.806039] ACPI: PCI Interrupt Link [LNKA] (IRQs 5 9 10 *11)
[    0.828366] ACPI: PCI Interrupt Link [LNKB] (IRQs 5 9 *10 11)
[    0.832162] ACPI: PCI Interrupt Link [LNKC] (IRQs 5 *9 10 11)
[    0.833598] ACPI: PCI Interrupt Link [LNKD] (IRQs 5 9 10 *11)
[    0.836229] SCSI subsystem initialized
[    0.837062] pci 0000:00:02.0: vgaarb: setting as boot VGA device
[    0.837345] pci 0000:00:02.0: vgaarb: VGA device added: decodes=io+mem,owns=io+mem,locks=none
[    0.839029] pci 0000:00:02.0: vgaarb: bridge control possible
[    0.844004] vgaarb: loaded
[    0.844939] ACPI: bus type USB registered
[    0.844939] usbcore: registered new interface driver usbfs
[    0.845333] usbcore: registered new interface driver hub
[    0.852033] usbcore: registered new device driver usb
[    0.853107] EDAC MC: Ver: 3.0.0
[    0.853107] PCI: Using ACPI for IRQ routing
[    0.856006] NetLabel: Initializing
[    0.856006] NetLabel:  domain hash size = 128
[    0.856006] NetLabel:  protocols = UNLABELED CIPSOv4 CALIPSO
[    0.864017] NetLabel:  unlabeled traffic allowed by default
[    0.876128] clocksource: Switched to clocksource kvm-clock
[    0.90464] VFS: Diskquotas dquot_.6.0[    0.994327] VFS: Dquot-cache hash table entries: 512 (order 0, 409bytes)
[    1.058803] ppArmor: AppArmor Filesystem Enabled
[    1.092794] pnp: PnPACPI init
[    1.137331] pnp:PnP ACPI: fund 3devices
[    1.06520] cocksource acpipm: mas: 0xffffff ax_cycles: 0xffffff, max_idle_ns: 20857024 ns
[    1.376983] NET: Registeedprotocolfamily 2
[    1.41162] TCPestablishedhash table entris: 65536 orer: 7, 24288 btes)
[    1.10819] TCP ind hash tbl entries: 65536 (order: 8, 1048576 tes)
[    1.4560] TCP: Hash tables configured (established 65536 bind 65536)
[    1.791592] UDP hash table entries: 4096 (order: 5, 131072 bytes)
[    1.793113] UDP-Lite hash table entries: 4096 (order: 5, 131072 bytes)
[    1.794737] NET: Registered protocol family 1
[    1.795918] pci 0000:00:00.0: Limiting direct PCI/PCI transfers
[    1.797359] pci 0000:00:01.0: Activating ISA DMA hang workarounds
[    1.798936] pci 0000:00:02.0: Video device with shadowed ROM at [mem 0x000c0000-0x000dffff]
[    1.801193] Unpacking initramfs...

[    2.044044] Freeing initrd memory: 18964K
[    2.063041] PCI-DMA: Using software bounce buffering for IO (SWIOTLB)
[    2.082134] software IO TLB [mem 0xdbff0000-0xdfff0000] (64MB) mapped at [        (ptrval)-        (ptrval)]
[    2.121881] platform rtc_cmos: registered platform RTC device (no PNP device found)
[    2.134045] Scanning for low memory corruption every 60 seconds
[    2.143397] Initialise system trusted keyrings
[    2.149091] Key type blacklist registered
[    2.153743] workingset: timestamp_bits=36 max_order=21 bucket_order=0[    2.191531] zbud: loaded

[    2.213875] squashfs: version 4.0 (2009/01/31) Phillip Lougher
[    2.220848] fuse init (API version 7.26)
[    2.230795] Key type asymmetric registered
[    2.231837] Asymmetric key parser 'x509' registered
[    2.233327] Block layer SCSI generic (bsg) driver version 0.4 loaded (major 246)
[    2.241001] io scheduler noop registered
[    2.252888] io scheduler deadline registered
[    2.257108] io scheduler cfq registered (default)
[    2.269142] ACPI: AC Adapter [AC] (on-line)
[    2.273861] input: Power Button as /devices/LNXSYSTM:00/LNXPWRBN:00/input/input0
[    2.278681] ACPI: Power Button [PWRF]
[    2.294057] input: Sleep Button as /devices/LNXSYSTM:00/LNXSLPBN:00/input/input1
[    2.309566] ACPI: Sleep Button [SLPF]
[    2.317129] Serial: 8250/16550 driver, 32 ports, IRQ sharing enabled
[    2.318185] ACPI: Battery Slot [BAT0] (battery present)
[   2.35946] 00:02: ttyS0 at I/O 0x3f8 (irq = , base_bad = 115200) is a 16550A
[    2.440966] Linux agpgart interface v0.103

[    2.444992] loop: module loaded
[    2.454096] scsi host0: ata_piix
[    2.457263] scsi host1: ata_piix
[    2.461277] ata1: PATA max UDMA/33 cmd 0x1f0 ctl 0x3f6 bmdma 0xd000 irq 14
[    2.463215] ata2: PATA max UDMA/33 cmd 0x170 ctl 0x376 bmdma 0xd008 irq 15
[    2.470599] libphy: Fixed MDIO Bus: probed
[    2.473998] tun: Universal TUN/TAP device driver, 1.6
[    .48488] PP generic driver version 2.4.2
[    2.54879] ehci_hcd:USB 2.0 'Enhanced' Host Controller (EHI) Driver
[    2.613666] ehci-pci: EHCI PCI platform driver
[    2.629421] ehci-platform: EHCI generic platform driver
[    2.637327] ohci_hcd: USB 1.1 'Open' Host Controller (OHCI) Driver
[    2.638946] ohci-pci: OHCI PCI platform driver
[    2.640147] ohci-platform: OHCI generic platform driver
[    2.64673] uci_hcd: USB Universal Host Controller Interface driver
[    2.685508] i8042: PNP: PS/2 Controller [PNP0303:PS2K,PNP0f03:PS2M] at 0x60,064 irq 1,12
[    2.728367] serio: i8042 KBD port t 0x60,0x6 irq 1
[    2.772326] serio: i8042 AUX port at 0x6,0x64 rq 12
[   2.81520] mousedev: PS/2 mouse device common for all mice
[    2.859706] rc_cms rtc_cmos: rtc core: registered rtc_cmos as rtc0
[    2.05649] rtc_cmos rtc_cmos: alarms up to one ay, 114 bytes nvram
[    2.952238] i2c /dev entries driver
[    2.953619] input: AT Translated Set 2 keyboard as /devices/platform/i8042/serio0/input/input2
[   2.955401] devce-mapper: event: version1.0.3
[   3.041822] device-mapper: iotl: 437.0ioctl (2017-09-20) initialised: dm-devel@redhat.com
[    3.132374] tsc: Refined TSC clocksource calibration: 2596.390 MHz
[    3.132392] clocksorce:tsc: mask: 0xffffffffffffffff max_cycles: 0x256ce9e449b, max_idle_ns: 440795225603 ns

[    3.188392] ledtrig-cpu: registered to indicate activity on CPUs
[    3.194893] NET: Registered protocol family 10
[    3.206835] Segment Routing with IPv6
[    3.212815] NET: Registered protocol family 17
[    3.220687] Key type dns_resolver registered
[    3.224201] RAS: Correctable Errors collector initialized.
[    3.233656] sched_clock: Marking stable (3233634279, 0)->(7989525811, -4755891532)
[    3.244359] registered taskstats version 1
[    3.24962] Loang compiledin X.509 certifiates
[    3.36296] Loded X.50 cert 'Build time autogenerated kernel key: 1cc37f41791529df57507d3747a6804b53f482b'
[    3.471936] zswap: loaded using pool lzo/zbud

[    3.47730] Key type bg_key registered
    3.52858] Key yp trusted registered

[    3.630377] Key type encrypted registered
[    3.632847] AppArmor: AppArr sha1 policy hashing enabled
[    3.676843] ma: No TPM chip found, activating TPM-bypass! (rc=-19)
[    3.700305] evm: HMAC attrs: 0x1
[    3.70902]  Magic number: 10:20:594

[    3.753970] rtc_cmos rtc_cmos: setting system clock to 2018-07-29 17:34:11 UTC (132885651)
[    3.780615] BIOS EDD facility v0.16 204-Jun-225, 0 devices found
[    3.84802] EDDinfoation not availabl.

[    3.916432] Freeing unused kernel memory: 2408K
[    4.124152] Write protecting the kernel read-only data: 20480k
[    4.220913] Freeing unused kernel memory: 2008K
[    4.466254] Freeing unused kernel memory: 1904K
[    4.477095] x86/mm: Checked W+X mappings: passed, no W+X pages found.
[    4.706402] x86/mm: Checking user space page tables
[    4.718714] x86/mm: Checked W+X mappings: passed, no W+X pages found.
Loading, please wait...
starting version 237
[    5.143751] Fusion MPT base driver 3.04.20
[    5.145462] Copyright (c) 1999-2008 LSI Corporation
[    5.149090] e1000: Intel(R) PRO/1000 Network Driver - version 7.3.21-k8-NAPI
[    5.152853] e1000: Copyright (c) 1999-2006 Intel Corporation.
[    5.167191] AVX2 version of gcm_enc/dec engaged.
[    5.170743] AES CTR mode by8 optimization enabled
[    5.172906] Fusion MPT SPI Host driver 3.04.20
[    5.383778] input: ImExPS/2 Generic Explorer Mouse as /devices/platform/i8042/serio1/input/input4
[    5.554209] e1000 0000:00:03.0 eth0: (PCI:33MHz:32-bit) 02:bb:34:5d:fb:cd
[    5.743064] e1000 0000:00:03.0 eth0: Intel(R) PRO/1000 Network Connection
[    6.714202] mptbase: ioc0: Initiating bringup
[    7.108859] ioc0: LSI53C1030 A0: Capabilities={Initiator}
[    8.257296] scsi host2: ioc0: LSI53C1030 A0, FwRev=00000000h, Ports=1, MaxQ=256, IRQ=20
[    8.630655] scsi 2:0:0:0: Direct-Access     VBOX     HARDDISK         1.0  PQ: 0 ANSI: 5
[    8.796118] scsi target2:0:0: Beginning Domain Validation
[    8.799931] scsi target2:0:0: Domain Validation skipping write tests
[    8.809058] scsi target2:0:0: Ending Domain Validation
[    8.810571] scsi target2:0:0: asynchronous
[    8.818920] scsi 2:0:1:0: Direct-Access     VBOX     HARDDISK         1.0  PQ: 0 ANSI: 5
[    9.012700] scsi target2:0:1: Beginning Domain Validation
[    9.030251] e1000 0000:00:08.0 eth1: (PCI:33MHz:32-bit) 08:00:27:b4:cb:d8
[    9.030255] e1000 0000:00:08.0 eth1: Intel(R) PRO/1000 Network Connection
[    9.047543] e1000 0000:00:03.0 enp0s3: renamed from eth0
[    9.063890] random: fast init done
[    9.107017] scsi target2:0:1: Domain Validation skipping write tests
[    9.116700] random: systemd-udevd: uninitialized urandom read (16 bytes read)
[    9.116721] random: systemd-udevd: uninitialized urandom read (16 bytes read)
[    9.116753] random: systemd-udevd: uninitialized urandom read (16 bytes read)
[    9.116819] random: systemd-udevd: uninitialized urandom read (16 bytes read)
[    9.116822] random: systemd-udevd: uninitialized urandom read (16 bytes read)
[    9.116845] e1000 0000:00:08.0 enp0s8: renamed from eth1
[    9.120205] random: systemd-udevd: uninitialized urandom read (16 bytes read)
[    9.120342] random: systemd-udevd: uninitialized urandom read (16 bytes read)
[    9.120352] random: systemd-udevd: uninitialized urandom read (16 bytes read)
[    9.120354] random: systemd-udevd: uninitialized urandom read (16 bytes read)
[    9.144413] random: systemd-udevd: uninitialized urandom read (16 bytes read)
[    9.546303] scsi target2:0:1: Ending Domain Validation
[    9.558710] scsi target2:0:1: asynchronous
[    9.575315] sd 2:0:0:0: Attached scsi generic sg0 type 0
[    9.575606] sd 2:0:0:0: [sda] 104857600 512-byte logical blocks: (53.7 GB/50.0 GiB)
[    9.575684] sd 2:0:0:0: [sda] Write Protect is off
[    9.575837] sd 2:0:0:0: [sda] Incomplete mode parameter data
[    9.575838] sd 2:0:0:0: [sda] Assuming drive cache: write through
[    9.579350]  sda: sda1
[    9.580244] sd 2:0:0:0: [sda] Attached SCSI disk
[    9.592738] sd 2:0:1:0: Attached scsi generic sg1 type 0
[    9.592910] sd 2:0:1:0: [sdb] 20480 512-byte logical blocks: (10.5 MB/10.0 MiB)
[    9.592984] sd 2:0:1:0: [sdb] Write Protect is off
[    9.593097] sd 2:0:1:0: [sdb] Incomplete mode parameter data
[    9.593099] sd 2:0:1:0: [sdb] Assuming drive cache: write through
[    9.595089] sd 2:0:1:0: [sdb] Attached SCSI disk
Begin: Loading essential drivers ... [   11.004196] raid6: sse2x1   gen() 12121 MB/s
[   11.064247] raid6: sse2x1   xor()  8581 MB/s
[   11.128319] raid6: sse2x2   gen() 14307 MB/s
[   11.188175] raid6: sse2x2   xor()  9119 MB/s
[   11.248170] raid6: sse2x4   gen() 17074 MB/s
[   11.300263] raid6: sse2x4   xor() 10188 MB/s
[   11.352209] raid6: avx2x1   gen() 23006 MB/s
[   11.412312] raid6: avx2x1   xor() 15886 MB/s
[   11.468156] raid6: avx2x2   gen() 27072 MB/s
[   11.524369] raid6: avx2x2   xor() 17029 MB/s
[   11.576270] raid6: avx2x4   gen() 30607 MB/s
[   11.632396] raid6: avx2x4   xor() 18239 MB/s
[   11.653414] raid6: using algorithm avx2x4 gen() 30607 MB/s
[   11.676510] raid6: .... xor() 18239 MB/s, rmw enabled
[   11.692813] raid6: using avx2x2 recovery algorithm
[   11.702877] xor: automatically using best checksumming function   avx       
[   11.738322] async_tx: api initialized (async)
done.
Begin: Running /scripts/init-premount ... done.
Begin: Mounting root file system ... Begin: Running /scripts/local-top .[   11.782556] Btrfs loaded, crc32c=crc32c-intel
.. done.
Begin: Running /scripts/local-premount ... Scanning for Btrfs filesystems
done.
Warning: fsck not present, so skipping root file system
[   11.817261] EXT4-fs (sda1): mounted filesystem with ordered data mode. Opts: (null)
done.
Begin: Running /scripts/local-bottom ... done.
Begin: Running /scripts/init-bottom ... done.
[   12.222180] ip_tables: (C) 2000-2006 Netfilter Core Team
[   12.230485] systemd[1]: systemd 237 running in system mode. (+PAM +AUDIT +SELINUX +IMA +APPARMOR +SMACK +SYSVINIT +UTMP +LIBCRYPTSETUP +GCRYPT +GNUTLS +ACL +XZ +LZ4 +SECCOMP +BLKID +ELFUTILS +KMOD -IDN2 +IDN -PCRE2 default-hierarchy=hybrid)
[   12.234681] systemd[1]: Detected virtualization oracle.
[   12.235885] systemd[1]: Detected architecture x86-64.

Welcome to [1mUbuntu 18.04.1 LTS[0m!

[   12.244613] systemd[1]: Set hostname to <ubuntu>.
[   12.255727] systemd[1]: Initializing machine ID from random generator.
[   12.257089] systemd[1]: Installed transient /etc/machine-id file.
[   12.797635] systemd[1]: Set up automount Arbitrary Executable File Formats File System Automount Point.
[[0;32m  OK  [0m] Set up automount Arbitrary Executab…rmats File System Automount Point.
[   12.820829] systemd[1]: Started Forward Password Requests to Wall Directory Watch.
[[0;32m  OK  [0m] Started Forward Password Requests to Wall Directory Watch.
[   13.686646] systemd[1]: Reached target Swap.
[[0;32m  OK  [0m] Reached target Swap.
[   14.015470] systemd[1]: Reached target User and Group Name Lookups.
[[0;32m  OK  [0m] Reached target User and Group Name Lookups.
[[0;32m  OK  [0m] Created slice System Slice.
[[0;32m  OK  [0m] Listening on LVM2 poll daemon socket.
[[0;32m  OK  [0m] Listening on Journal Socket (/dev/log).
[[0;32m  OK  [0m] Listening on /dev/initctl Compatibility Named Pipe.
[[0;32m  OK  [0m] Listening on udev Kernel Socket.
[[0;32m  OK  [0m] Listening on Journal Audit Socket.
[[0;32m  OK  [0m] Listening on Network Service Netlink Socket.
[[0;32m  OK  [0m] Listening on Syslog Socket.
[[0;32m  OK  [0m] Listening on LVM2 metadata daemon socket.
[[0;32m  OK  [0m] Reached target System Time Synchronized.
[[0;32m  OK  [0m] Listening on Device-mapper event daemon FIFOs.
[[0;32m  OK  [0m] Listening on udev Control Socket.
[[0;32m  OK  [0m] Created slice system-serial\x2dgetty.slice.
[[0;32m  OK  [0m] Listening on Journal Socket.
         Mounting Huge Pages File System...
         Starting Monitoring of LVM2 mirrors…ng dmeventd or progress polling...
         Mounting POSIX Message Queue File System...
         Mounting Kernel Debug File System...
         Starting Remount Root and Kernel File Systems...
         Starting Uncomplicated firewall...
         Starting Load Kernel Modules...
         Starting Journal Service...
         Starting Create list of[   14.132844] Loading iSCSI transport class v2.0-870.
 required st…c[   14.141959] EXT4-fs (sda1): re-mounted. Opts: (null)
e nodes for the current kernel...
         Starting udev Coldplug [   14.179046] iscsi: registered transport (tcp)
all Devices...
         Starting Set the console keyboard layout...
[[0;32m  OK  [0m] Created slice User and Session Slice.
[   14.223740] iscsi: registered transport (iser)
[[0;32m  OK  [0m] Reached target Slices.
[[0;32m  OK  [0m] Started Journal Service.
[[0;32m  OK  [0m] Mounted Huge Pages File System.
[[0;32m  OK  [0m] Mounted POSIX Message Queue File System.
[[0;32m  OK  [0m] Mounted Kernel Debug File System.
[[0;32m  OK  [0m] Started Remount Root and Kernel File Systems.
[[0;32m  OK  [0m] Started Uncomplicated firewall.
[[0;32m  OK  [0m] Started Load Kernel Modules.
[[0;32m  OK  [0m] Started Create list of required sta…vice nodes for the current kernel.
[[0;32m  OK  [0m] Started Set the console keyboard layout.
[[0;32m  OK  [0m] Started LVM2 metadata daemon.
         Starting Create Static Device Nodes in /dev...
         Mounting Kernel Configuration File System...
         Starting Apply Kernel Variables...
         Mounting FUSE Control File System...
         Starting Initial cloud-init job (pre-networking)...
         Starting Load/Save Random Seed...
         Starting Flush Journal to Persistent Storage...
[[0;32m  OK  [0m] Started Monitoring of LVM2 mirrors,…sing dmeventd or progress polling.
[[0;32m  OK  [0m] Started udev Coldplug all Devices.
[[0;32m  OK  [0m] Started Create Static Device Nodes in /dev.
[[0;32m  OK  [0m] Mounted Kernel Configuration File System.
[[0;32m  OK  [0m] Started Apply Kernel Variables.
[[0;32m  OK  [0m] Mounted FUSE Control File System.
         Starting udev Kernel Device Manager...
[[0;32m  OK  [0m] Reached target Local File Systems (Pre).
[[0;32m  OK  [0m] Reached target Local File Systems.
         Starting Commit a transient machine-id on disk...
         Starting ebtables ruleset management...
         Starting Set console font and keymap...
         Starting AppArmor initialization...
         Starting Tell Plymouth To Write Out Runtime Data...
[[0;32m  OK  [0m] Started Load/Save Random Seed.
[[0;32m  OK  [0m] Started udev Kernel Device Manager.
[[0;32m  OK  [0m] Started Dispatch Password Requests to Console Directory Watch.
[[0;32m  OK  [0m] Reached target Local Encrypted Volumes.
[[0;32m  OK  [0m] Started Set console font and keymap.
[[0;32m  OK  [0m] Started Tell Plymouth To Write Out Runtime Data.
[[0;32m  OK  [0m] Started Flush Journal to Persistent Storage.
         Starting Create Volatile Files and Directories...
[[0;32m  OK  [0m] Started Commit a transient machine-id on disk.
[[0;32m  OK  [0m] Found device /dev/ttyS0.
[[0;32m  OK  [0m] Started Create Volatile Files and Directories.
         Starting Update UTMP about System Boot/Shutdown...
[[0;32m  OK  [0m] Started Update UTMP about System Boot/Shutdown.
[[0;32m  OK  [0m] Listening on Load/Save RF Kill Switch Status /dev/rfkill Watch.
[[0;32m  OK  [0m] Started ebtables ruleset management.
[[0;32m  OK  [0m] Started AppArmor initialization.
[   15.832338] cloud-init[445]: Cloud-init v. 18.2 running 'init-local' at Sun, 29 Jul 2018 17:34:23 +0000. Up 15.48 seconds.
[[0;32m  OK  [0m] Started Initial cloud-init job (pre-networking).
[[0;32m  OK  [0m] Reached target Network (Pre).
         Starting Network Service...
[[0;32m  OK  [0m] Started Network Service.
         Starting Wait for Network to be Configured...
         Starting Network Name Resolution...
[[0;32m  OK  [0m] Started Network Name Resolution.
[[0;32m  OK  [0m] Reached target Network.
[[0;32m  OK  [0m] Reached target Host and Network Name Lookups.
[[0;32m  OK  [0m] Started Wait for Network to be Configured.
         Starting Initial cloud-init job (metadata service crawler)...
[   18.509941] cloud-init[661]: Cloud-init v. 18.2 running 'init' at Sun, 29 Jul 2018 17:34:25 +0000. Up 17.63 seconds.
[   18.512870] cloud-init[661]: ci-info: ++++++++++++++++++++++++++++++++++++++Net device info++++++++++++++++++++++++++++++++++++++
[   18.515779] cloud-init[661]: ci-info: +--------+------+----------------------------+---------------+--------+-------------------+
[   18.518591] cloud-init[661]: ci-info: | Device |  Up  |          Address           |      Mask     | Scope  |     Hw-Address    |
[   18.521618] cloud-init[661]: ci-info: +--------+------+----------------------------+---------------+--------+-------------------+
[   18.524472] cloud-init[661]: ci-info: | enp0s3 | True |         10.0.2.15          | 255.255.255.0 | global | 02:bb:34:5d:fb:cd |
[   18.526490] cloud-init[661]: ci-info: | enp0s3 | True | fe80::bb:34ff:fe5d:fbcd/64 |       .       |  link  | 02:bb:34:5d:fb:cd |
[   18.528487] cloud-init[661]: ci-info: |   lo   | True |         127.0.0.1          |   255.0.0.0   |  host  |         .         |
[   18.530464] cloud-init[661]: ci-info: |   lo   | True |          ::1/128           |       .       |  host  |         .         |
[   18.532753] cloud-init[661]: ci-info: +--------+------+----------------------------+---------------+--------+-------------------+
[   18.535306] cloud-init[661]: ci-info: ++++++++++++++++++++++++++++Route IPv4 info+++++++++++++++++++++++++++++
[   18.574945] cloud-init[661]: ci-info: +-------+-------------+----------+-----------------+-----------+-------+
[[0;32m  OK  [0m] Started Initial cloud-init job (metadata service crawler).
[   18.617077] cloud-init[661]: ci-info: | Route | Destination | Gateway  |     Genmask     | Interface | Flags |
[[0;32m  OK  [0m] Reached target Network is Online.
[   18.637297] cloud-init[661]: ci-info: +-------+-------------+----------+-----------------+-----------+-------+
         Starting iSCSI initiator daemon (iscsid)...
[   18.686358] cloud-init[661]: ci-info: |   0   |   0.0.0.0   | 10.0.2.2 |     0.0.0.0     |   enp0s3  |   UG  |
[[0;32m  OK  [0m] Reached target Cloud-config availability.
[   18.701189] cloud-init[661]: ci-info: |   1   |   10.0.2.0  | 0.0.0.0  |  255.255.255.0  |   enp0s3  |   U   |
[[0;32m  OK  [0m] Reached target System Initialization.
[   18.728715] cloud-init[661]: ci-info: |   2   |   10.0.2.2  | 0.0.0.0  | 255.255.255.255 |   enp0s3  |   UH  |
         Starting LXD - unix socket.
[   18.772939] cloud-init[661]: ci-info: +-------+-------------+----------+-----------------+-----------+-------+
[[0;32m  OK  [0m] Started ACPI Events Check.
[   18.813702] cloud-init[661]: ci-info: +++++++++++++++++++Route IPv6 info+++++++++++++++++++
[[0;32m  OK  [0m] Reached target Paths.
[   18.853109] cloud-init[661]: ci-info: +-------+-------------+---------+-----------+-------+
[[0;32m  OK  [0m] Started Daily apt download activities.
[   18.893011] cloud-init[661]: ci-info: | Route | Destination | Gateway | Interface | Flags |
[[0;32m  OK  [0m] Started Daily apt upgrade and clean activities.
[   18.950933] cloud-init[661]: ci-info: +-------+-------------+---------+-----------+-------+
[[0;32m  OK  [0m] Listening on ACPID Listen Socket.
[   18.989567] cloud-init[661]: ci-info: |   1   |  fe80::/64  |    ::   |   enp0s3  |   U   |
[[0;32m  OK  [0m] Listening on UUID daemon activation socket.
[   19.033619] cloud-init[661]: ci-info: |   3   |    local    |    ::   |   enp0s3  |   U   |
[[0;32m  OK  [0m] Listening on D-Bus System Message Bus Socket.
[[   19.057865] [0;32m  OK  [0mcloud-init] [661]: Started Daily Cleanup of Temporary Directories.ci-info: |   4   |   ff00::/8  |    ::   |   enp0s3  |   U   |

[[0;32m  OK  [0m] Started Discard unused blocks once a week.
[   19.117426] cloud-init[661]: ci-info: +-------+-------------+---------+-----------+-------+
         Starting Socket activation for snappy daemon.
[   19.168694] cloud-init[661]: Generating public/private rsa key pair.
[[0;32m  OK  [0m] Started Message of the Day.
[[   19.192728] [0;32m  OK  [0mcloud-init] [661]: Reached target Timers.Your identification has been saved in /etc/ssh/ssh_host_rsa_key.

[[0;32m  OK  [0m] Listening on LXD - unix socket.
[   19.224347] cloud-init[661]: Your public key has been saved in /etc/ssh/ssh_host_rsa_key.pub.
[[0;32m  OK  [0m] Listening on Socket activation for snappy daemon.
[   19.260863] cloud-init[661]: The key fingerprint is:
[[0;32m  OK  [0m] Started iSCSI initiator daemon (iscsid).
[   19.288682] cloud-init[661]: SHA256:SxMzGh0VG4qW5XMnm7EQbCoCVv3a28A5BSgNowC0kmQ root@ubuntu-bionic
[[0;32m  OK  [0m] Reached target Remote File Systems (Pre).
[   19.354942] cloud-init[661]: The key's randomart image is:
[[0;32m  OK  [0m] Reached target Remote File Systems.
[   19.373479] cloud-init[661]: +---[RSA 2048]----+
         Starting Availability of block devices...
[   19.433046] cloud-init[661]: |=E.++ ..+.+.     |
[[0;32m  OK  [0m] Reached target Sockets.
[   19.460644] cloud-init[661]: |=oo..+ Bo+ o     |
[[0;32m  OK  [0m] Reached target Basic System.
[   19.488890] cloud-init[661]: |++  . *o@ = .    |
[[0;32m  OK  [0m] Started Regular background program processing daemon.
[   19.520612] cloud-init[661]: |. . ...+ O B     |
         Starting System Logging Service...
[   19.545636] cloud-init         Starting Permit User Sessions...
         Starting LSB: Record successful boot for GRUB...
         Starting Apply the settings specified in cloud-config...
[661]: |   . .= S +      |
[   19.555080] cloud-init[661]: |     . B o       |
[   19.557440] cloud-init[661]: |        *        |         Starting Login Service...
[[0;32m  OK  [0m] Started Deferred execution scheduler.
[[0;32m  OK  [0m] Started D-Bus System Message Bus.

[   19.568175] cloud-init[661]: |       . .       |
[   19.570855] cloud-init[661]: |                 |
[   19.574051] cloud-init[661]: +----[SHA256]-----+
[   19.579088] cloud-init[661]: Generating public/private dsa key pair.
[   19.585124] cloud-init[661]: Your identification has been saved in /etc/ssh/ssh_host_dsa_key.
[   19.591185] cloud-init[661]: Your public key has been saved in /etc/ssh/ssh_host_dsa_key.pub.
[   19.596840] cloud-init[661]: The key fingerprint is:
[   19.608416] cloud-init[661]: SHA256:l9BvBOLL/aw9zW8QJXsHxejVkxUibuMucCvITCScvz8 root@ubuntu-bionic
[   19.614118] cloud-init[661]: The key's randomart image is:
[   19.617214] cloud-init[661]: +---[DSA 1024]----+
[   19.628269] [cloud-init[0;32m  OK  [0m[661]: ] |        . .. . =B|Started irqbalance daemon.

         Starting Pollinate to seed the pseudo random number generator...
[   19.634315] cloud-init[661]: |  . .  . o... =o=|
[   19.638622] cloud-init[661]: |   + .  o .+.. *.|
[   19.640458] cloud-init[661]: |    +  . +o+. + o|
[   19.642567]          cloud-initStarting Snappy daemon...[661]: 
|     o .S.+.o  o.|
[[0;32m  OK  [0m] Started FUSE filesystem for LXC.
[   19.646791] cloud-init[661]: |    + o o.o+  .  |
         Starting LSB: automatic crash report generation...
[   19.656319] cloud-init[661]: |     = . o .oo . |
[   19.671208] cloud-init[661]: |      .E. .o. o .|
[   19.673361] cloud-init[661]: |       .. . .. o.|
[   19.675302] cloud-init[661]: +----[SHA256]-----+
[   19.692331] cloud-init[661]: Generating public/private ecdsa key pair.
[   19.709009] cloud-init[661]: Your identification has been saved in /etc/ssh/ssh_host_ecdsa_key.
[   19.711756] cloud-init[661]: Your public key has been saved in /etc/ssh/ssh_host_ecdsa_key.pub.
[   19.714614] cloud-init[661]: The key fingerprint is:
[   19.717765] cloud-init[661]: SHA256:VJpnAkIepCtNzsF5h3jyXSgVIr/BIfubtNJVTc8QKDk root@ubuntu-bionic
[   19.721036] cloud-init[661]: The key's randomart image is:
[   19.729490] cloud-init[661]: +---[ECDSA 256]---+
         Starting Dispatcher daemon for systemd-networkd...
[   19.739125] cloud-init[661]: |  ooB +o .=.     |
[[0;32m  OK  [0m] Started Unattended Upgrades Shutdown.
[   19.745172] cloud-init         Starting Accounts Service...
         Starting Virtualbox guest utils...
         Starting LXD - container startup/shutdown...
[661]: | . @ BEo.* +     |
[[0;32m  OK  [0m] Started System Logging Service.
[   19.755471] cloud-init[[0;32m  OK  [0m] Started Availability of block devices.
[[0;32m  OK  [0m] Started Permit User Sessions.
[661]: |  X X ooB + o    |
[[0;32m  OK  [0m] Started Login Service.
[   19.771722] cloud-init[661]: | = O * + +       |         Starting Hold until boot process finishes up...

[   19.784441]          Starting Terminate Plymouth Boot Screen...
cloud-init[661]: |. = = o S        |[
[0;32m  OK  [0m] Started Hold until boot process finishes up.
[   19.790744] [[0;32m  OK  [0m] Started Serial Getty on ttyS0.
         Starting Set console scheme...
cloud-init[661]: | . o =           |
[   19.797618] cloud-init[661]: |  . =            |
[   19.797951] cloud-init[661]: |   .             |
[[0;32m  OK  [0m] Started Terminate Plymouth Boot Screen.
[   19.803047] cloud-init[661]: |                 |
[   19.811655] cloud-init[661]: +----[SHA256]-----+
[   19.815850] cloud-init[661]: Generating public/private ed25519 key pair.
[   19.826839] cloud-init[661]: Your identification has been saved in /etc/ssh/ssh_host_ed25519_key.
[   19.833496] cloud-init[661]: Your public key has been saved in /etc/ssh/ssh_host_ed25519_key.pub.
[   19.841322] cloud-init[661]: The key fingerprint is:
[   19.845323] cloud-init[661]: SHA256:BID9CUpm0yvt92Iqc5WddNNtXR9/a9VdiOps3Jma6mk root@ubuntu-bionic
[   19.851090] cloud-init[661]: The key's randomart image is:
[   19.861415] cloud-init[661]: +--[ED25519 256]--+
[[0;32m  OK  [0m] Started LXD - container startup/shutdown.
[   19.877282] cloud-init[661]: |   +...      . . |
[[0;32m  OK  [0m] Started LSB: automatic crash report generation.
[   19.933368] cloud-init[661]: |  * +  .    . ..o|
[   19.939293] cloud-init[661]: | + + + ..  o . .O|
[[0;32m  OK  [0m] Started Set console scheme.
[[0;32m  OK  [0m] Created slice system-getty.slice.
[[0;32m  OK  [0m] Started Getty on tty1.
[[0;32m  OK  [0m] Reached target Login Prompts.
[   19.987139] cloud-init[661]: |  o o o.. + . o O|
[   19.992637] cloud-init[661]: |   o   +S* o +  +|
[   19.997394] cloud-init[661]: |    . + o = +  o |
[[0;32m  OK  [0m] Started LSB: Record successful boot for GRUB.
[   20.013823] [[0;32m  OK  [0m] Started Virtualbox guest utils.
cloud-init[661]: |     o . . o  .  |
[   20.024919]          Starting Authorization Manager...
cloud-init[661]: |  o . o E.o      |
[   20.031295] cloud-init[661]: |   +.o ++.       |
[   20.034526] cloud-init[661]: +----[SHA256]-----+
[[0;32m  OK  [0m] Started Authorization Manager.
[[0;32m  OK  [0m] Started Dispatcher daemon for systemd-networkd.
[[0;32m  OK  [0m] Started Accounts Service.
[[0;32m  OK  [0m] Started Snappy daemon.
         Starting Wait until snapd is fully seeded...
[[0;32m  OK  [0m] Started Pollinate to seed the pseudo random number generator.
         Starting OpenBSD Secure Shell server...
[   20.529982] cloud-init[826]: Cloud-init v. 18.2 running 'modules:config' at Sun, 29 Jul 2018 17:34:27 +0000. Up 20.05 seconds.
[[0;32m  OK  [0m] Started OpenBSD Secure Shell server.
[[0;32m  OK  [0m] Started Apply the settings specified in cloud-config.
[[0;32m  OK  [0m] Started Wait until snapd is fully seeded.
[[0;32m  OK  [0m] Reached target Multi-User System.
         Starting Execute cloud user/final scripts...
[[0;32m  OK  [0m] Reached target Graphical Interface.
         Starting Update UTMP about System Runlevel Changes...
[[0;32m  OK  [0m] Started Update UTMP about System Runlevel Changes.
ci-info: no authorized ssh keys fingerprints found for user ubuntu.
<14>Jul 29 17:34:29 ec2: 
<14>Jul 29 17:34:29 ec2: #############################################################
<14>Jul 29 17:34:29 ec2: -----BEGIN SSH HOST KEY FINGERPRINTS-----
<14>Jul 29 17:34:29 ec2: 1024 SHA256:l9BvBOLL/aw9zW8QJXsHxejVkxUibuMucCvITCScvz8 root@ubuntu-bionic (DSA)
<14>Jul 29 17:34:29 ec2: 256 SHA256:VJpnAkIepCtNzsF5h3jyXSgVIr/BIfubtNJVTc8QKDk root@ubuntu-bionic (ECDSA)
<14>Jul 29 17:34:29 ec2: 256 SHA256:BID9CUpm0yvt92Iqc5WddNNtXR9/a9VdiOps3Jma6mk root@ubuntu-bionic (ED25519)
<14>Jul 29 17:34:29 ec2: 2048 SHA256:SxMzGh0VG4qW5XMnm7EQbCoCVv3a28A5BSgNowC0kmQ root@ubuntu-bionic (RSA)
<14>Jul 29 17:34:29 ec2: -----END SSH HOST KEY FINGERPRINTS-----
<14>Jul 29 17:34:29 ec2: #############################################################
-----BEGIN SSH HOST KEY KEYS-----
ecdsa-sha2-nistp256 AAAAE2VjZHNhLXNoYTItbmlzdHAyNTYAAAAIbmlzdHAyNTYAAABBBG5G/7xFnP7XOkBCPe4+gEvZTroaPavfHNdsx4xw6Eo1fsOOuNWXZmfr/bUI38j1oECda1HmzZqQaq2nOraOG4I= root@ubuntu-bionic
ssh-ed25519 AAAAC3NzaC1lZDI1NTE5AAAAII1E5TmhUY1pvFtS8c2n1XEBIbeYNaLIEhipXMdaPw6a root@ubuntu-bionic
ssh-rsa AAAAB3NzaC1yc2EAAAADAQABAAABAQDIS52On3IUEP0p44uSn8MsCy4mM/PfIO0xA4aWjt4t+FnZQuKcf54GxO8ZBmFjRUZ9gDXM/GGJLV4JmLeZ0dAl8isCZTGu+0W4EVhWPH91Gl7FvWkeWK4nvIK2SCKYrs212tlqRM2uBFZng2DVOa5Ft8VCnBmvU0IAVK5LeUjNIMAKzrXpqoe/7Nz2/WZAATsfclNTUrUH1Az9NrAyvd3CPmhu6xmzZoLAkKJEaVrnlI5srzzNFdlTOuu0tTc0DPQbHwKJiGklLlFj1Fm/qS5NZdFwWVHziyl52Os7jAVcE5EksmYYn5WV2mnHQtq7uXf/Qb7kMEE/mSVz0DBT1L4D root@ubuntu-bionic
-----END SSH HOST KEY KEYS-----
[   21.862259] cloud-init[1177]: Cloud-init v. 18.2 running 'modules:final' at Sun, 29 Jul 2018 17:34:29 +0000. Up 21.50 seconds.
[   21.870608] cloud-init[1177]: ci-info: no authorized ssh keys fingerprints found for user ubuntu.
[   21.873309] cloud-init[1177]: Cloud-init v. 18.2 finished at Sun, 29 Jul 2018 17:34:29 +0000. Datasource DataSourceNoCloud [seed=/dev/sdb][dsmode=net].  Up 21.85 seconds
[[0;32m  OK  [0m] Started Execute cloud user/final scripts.
[[0;32m  OK  [0m] Reached target Cloud-init target.

Ubuntu 18.04.1 LTS ubuntu-bionic ttyS0

ubuntu-bionic login: 