[    0.000000] Linux version 4.15.0-45-generic (buidd@lgw01-md64031) (gcc version7..3.0(Ubuntu 7.30-16ubuntu3)) #48-Ubuntu SMP Tue Jan 29 16:28:13 UTC 2019 (Ubuntu 4.15.0-45.48-generic 4.15.18)
[    0.000000] Command line: BOOT_IMAGE=/boot/vmlinuz-4.15.0-45-generic root=UID=35dd8d0d-6b18-4f03-bb7f-85f521e7494 ro console=tty1 console=ttyS0
[    0.000000] KERNEL supported cpus:
[    0.000000]   Intel GenuineIntel
[    0.000000]   AMD AuthenticAMD
[    0.000000]   Centaur CentaurHauls
[    0.000000] x86/fpu: Supporting XSAVE feature 0x001: 'x87 floating point registers'
[    0.000000] x86/fpu: Supporting XSAVE feature 0x002: 'SSE registers'
[    0.000000] x86/fpu: Supporting XSAVE feature 0x004: 'AVX registers'
[    0.000000] x86/fpu: xstate_offset[2]:  576, xstate_sizes[2]:  256
[    0.000000] x86/fpu: Enabled xstate features 0x7, context size is 832 bytes, using 'standard' format.
[    0.000000] e820: BIOS-provided physical RAM map:
[    0.000000] BIOS-e820: [mem 0x0000000000000000-0x000000000009fbff] usable
[    0.000000] BIOS-e820: [em 0x000000000009fc00-0x00000000009ffff] reserved
[    0.00000] BIOS-e80: [em 000000000000f0000-0x00000000000fffff] reserve
[    0.000000] BIOS-e820: [mem 0x00000000001000-0x00000000dffeffff] sable
[    0.00000] BIOS-e820: [mem 0x0000000dff00000x00000000dfffffff] ACPIdata
[    0.00000] BIOS-e820: [mem0x00000000fec00000-0x00000000fec00fff] reserved
    .000000] BIOS-e820: [mem 0x00000000fee0000-0x00000000fe00ff] reserved
[    0.000000] BIOS-e820: [mem0x0000000fffc0000-0x0000000fffffff] reserved
[    0.000000] BIOS-e820: [mem 0x0000000100000000-0x0000000213ffffff] usable
[    .000000] NX (Execute Disable) protetion: active[    0.000000 SMBIOS 2.5 pesent.
[    0.000000] DMI: innotek GmbH VirtualBox/VirtualBox, BIOS VirtualBox 12/01/2006
[    0.00000] Hypervisr detected: KVM
[    0.000000] 820:last_pfn = 0x214000 max_arch_pfn = 0x400000000
[    0.000000] MTRR: Disabled
[    0.000000] x86/PAT: MTRRs disabled, skipping PAT initialization too.
[    0.000000] CPU MTRRs all blank - virtualized system.
[    0.000000] x86/PAT: Configuration [0-7]: WB  WT  UC- UC  WB  WT  UC- UC  
[    0.000000] e820: last_pfn = 0xdfff0 max_arch_pfn = 0x400000000
[    0.000000] found SMP MP-table at [mem 0x0009fff0-0x0009ffff] mapped at [        (ptrval)]
[    0.000000] Scanning 1 areas for low memory corruption
[    0.000000] RAMDISK: [mem 0x359d1000-0x36cdffff]
[    0.000000] ACPI: Early table checksum verification disabled
[    0.000000] ACPI: RSDP 0x00000000000E0000 000024 (v02 VBOX  )
[    0.000000] ACPI: XSDT 0x00000000DFFF0030 00003C (v01 VBOX   VBOXXSDT 00000001 ASL  00000061)
[    0.000000] ACPI: FACP 0x00000000DFFF00F0 0000F4 (v04 VBOX   VBOXFACP 00000001 ASL  00000061)
[    0.000000] ACPI: DSDT 0x00000000DFFF0480 0021FF (v02 VBOX   VBOXBIOS 00000002 INTL 20100528)
[    0.000000] ACPI: FACS 0x00000000DFFF0200 000040
[    0.000000] ACPI: FACS 0x00000000DFFF0200 000040
[    0.000000] ACPI: APIC 0x00000000DFFF0240 00006C (v02 VBOX   VBOXAPIC 00000001 ASL  00000061)
[    0.000000] ACPI: SSDT 0x00000000DFFF02B0 0001CC (v01 VBOX   VBOXCPUT 00000002 INTL 20100528)
[    0.000000] No NUMA configuration found
[    0.000000] Faking a node at [mem 0x0000000000000000-0x0000000213ffffff]
[    0.000000] NODE_DATA(0) allocated [mem 0x213fd1000-0x213ffbfff]
[    0.000000] kvm-clock: cpu 0, msr 2:13f50001, primary cpu clock
[    0.000000] kvm-clock: Using msrs 4b564d01 and 4b564d00
[    0.000000] kvm-clock: using sched offset of 4416323891 cycles
[    0.000000] clocksource: kvm-clock: mask: 0xffffffffffffffff max_cycles: 0x1cd42e4dffb, max_idle_ns: 881590591483 ns
[    0.000000] Zone ranges:
[    0.000000]   DMA      [mem 0x000000000001000-0x0000000000ffffff]
[    0.000000]   DMA32    [mem 0x0000000001000000-0x00000000ffffffff]
[    0.000000]   Normal   [mem 0x0000000100000000-0x0000000213ffffff]
[    0.000000]   Device   empty
[    0.000000] Movable zone start for each node
[    0.000000] Early memory node ranges
[    0.000000]   node   0: [mem 0x0000000000001000-0x000000000009efff]
[    0.000000]   node   0: [mem 0x0000000000100000-0x00000000dffeffff]
[    0.000000]   node   0: [mem 0x0000000100000000-0x0000000213ffffff]
[    0.000000] Reserved but unaailable: 114 pages
[    0.0000000] Initmem setup node 0 [mem 0x00000000001000-0x0000002113ffffff]
[    0000000 ACPI: PM-Tier IOPort: 0x4008
[   0.00000] IOAPIC[0: apic_id 4, version 32 addess 0xfec00000, GSI 0-23
[    0.00000] ACPI: INT_SRC_OVR (bus 0 bus_iq 0 globl_irq 2 dfl dfl)
[    0.000000] ACPI: INT_SRC_OVR (bus 0 bus_ir 9 glbal_iq 9 low level)
[    0.000000 Using ACPI (MADT for SMP configuration information
[    0.000000] smpboot: Alowing 4 CPU, 0 hotplg CPs
[    .000000] PM: Registerd nosave memor: [mem 0x00000000-0x00000fff]
[    0.000000] PM: Registered nosve memry: [mem 0x0009f000-0x0009ffff]
[    0.000000 PM:Registered nosave memory: [me 0x000a0000-0x000efff]
[    0.000000] PM:Registered nosavememory: [mem 0x000f0000-0x00fffff]
[    0000000] PM: Registered nosave memory: [mem 0xdfff0000-0xdfffffff]
[    0.000000] PM: Registered nosave memory: [mem 0xe0000000-0xfebfffff]
[    0.000000] PM: Registered nosave memory: [mem 0xfec00000-0xfec00fff]
[    0.000000] PM: Registered nosave memory: [mem 0xfec01000-0xfedfffff]
[    0.000000] PM: Registered nosave memory: [mem 0xfee00000-0xfee00fff]
[    0.000000] PM: Registered nosave memory: [mem 0xfee01000-0xfffbffff]
[    0.000000] PM: Registered nosave memory: [mem 0xfffc000-0xffffffff]
[    0.000000] e820: [mem 0xe0000000-0xfebfffff] available for PCI devices
[    0.000000] Booting paravirtualized kernel on KVM
[    0.000000] clocksource: refined-jiffies: mask: 0xffffffff max_cycles: 0xffffffff, max_idle_ns: 76455196002111568 ns
[    0.000000] random: get_ranom_bytes clled from start_kernel+0x990x4fd with crnginit=0
[    0.000000] setu_perpu: NR_CPUS:8192 nr_cumask_bits:4nr_cpu_ids:4 nr_nde_ids:
[    0.000000] percpu: Embedded 46 pages/cu @        (prval s151552 r8192 d2862 524288
[    .000000]PV qspinlock hash table entries: 56 (rder: 0, 4096 bytes)
[    0.000000] Built 1 zonelists, mobility grouping on.  Toal pages: 2015865
[    0.000000] olicy zone: Nrmal
[    0.000000] Kernel command line: BOOT_IMAGE=/boot/vmlinuz-4.15.0-45-generic root=UUID=35dd8d0d-6b18-4f03-bb7f-85f521e74694 ro console=tty1 console=ttyS0
[    0.000000] Memory: 7947516K/8191544K available (12300K kernel code, 2473K rwdata, 4252K rodata, 2408K init, 2416K bss, 244028K reserved, 0K cma-reserved)
[    0.000000] SLUB: HWalign=64, Order=0-3, MinObjects=0, CPUs=4, Nodes=1
[    0.000000] Kernel/User page tables isolation: enabled
[    0.000000] ftrace: allocating 39194 entries in 154 pages
[    0.004000] Hierarchical RCU implementation.
[    0.004000] 	RCU restricting CPUs from NR_CPUS=8192 to nrcpu_ds=4.
[    0.004000] 	Tasks CU enabled.
[    0.004000] RCU: Adjusting geometry for rcu_fanout_leaf=16, nr_cpu_ids=4
[    0.004000] NRIRQS: 524544, nr_irq: 456, preallocated irqs: 16
[    0004000] Console: colour VGA+ 80x25
[    0.004000] console [tty1] enabled
[    0.004000] console [ttyS0] enabled
[    000400] ACPI: Core revision 20170831
[    0.00400] API: 2 ACPI AML tables successfuly acquired and loaded
[    0.004000] APIC: Switch to symmetric I/O mode setup
[    0.004000] x2apic enabled
[    0.004000] Switched APIC routing to physical x2apic.
[    0.005086] ..TIMER: vector=0x30 apic1=0 pin1=2 apic2=-1 pin2=-1
[    0.008004] tsc: Detected 2593.994 MHz processor
[    0.012012] Calibrating delay loop (skipped) preset value.. 5187.98 BogoMIPS (lpj=10375976)
[    0.014279] pid_max: default: 32768 minimum: 301
[    0.016036] Security Framework initialized
[    0.017283] Yama: becoming mindful.
[    0.018398] AppArmor: AppArmor initialized
[    0.028141] Dentry cache hash table entries: 1048576 (order: 11, 8388608 bytes)

[    0.032136] Inode-cache hash table entries: 524288 (order: 10, 4194304 bytes)
[    0.036027] Mount-cache hash table entries: 16384 (order: 5, 131072 bytes)
[    0.037974] Mountpoint-cache hash table entries: 16384 (order: 5, 131072 bytes)
[    0.040199] mce: CPU supports 0 MCE banks
[    0.041738] Last level iTLB entries: 4KB 1024, 2MB 1024, 4MB 1024
[    0.044007] Last level dTLB entries: 4KB 1024, 2MB 1024, 4MB 1024, 1GB 4
[    0.046257] Spectre V2 : Mitigation: Full generic retpoline
[    0.048002] Spectre V2 : Spectre v2 / SpectreRSB mitigation: Filling RSB on context switch
[    0.050351] Speculative Store Bypass: Vulnerable
[    0.052084] Freeing SMP alternatives memory: 36K
[    0.060000] APIC calibration not consistent with PM-Timer: 98ms instead of 100ms
[    0.060000] APIC delta adjusted to PM-Timer: 6245201 (6180299)
[    0.060082] smpboot: CPU0: Intel(R) Core(TM) i7-4960HQ CPU @ 2.60GHz (family: 0x6, model: 0x46, stepping: 0x1)
[    0.064085] Performance Events: unsupported p6 CPU model 70 no PMU driver, software events only.
[    0.068058] Hierarchical SRCU implementation.
[    0.074444] NMI watchdog: Perf event create on CPU 0 failed with -2
[    0.076006] NMI watchdog: Perf NMI watchdog permanently disabled
[    0.080077] smp: Bringing up secondary CPUs ...
[    0.084129] x86: Booting SMP configuration:
[    0.088006] .... node  #0, CPUs:      #1
[    0.004000] kvm-clock: cpu 1, msr 2:13f50041, secondary cpu clock
[    0.004000] mce: CPU supports 0 MCE banks
[    0.146547]  #2
[    0.004000] kvm-clock: cpu 2, msr 2:13f50081, secondary cpu clock
[    0.004000] mce: CPU supports 0 MCE banks
[    0.168085]  #3
[    0.004000] kvm-clock: cpu 3, msr 2:13f500c1, secondary cpu clock
[    0.004000] mce: CPU supports 0 MCE banks
[    0.194174] smp: Brought up 1 node, 4 CPUs
[    0.196007] smpboot: Max logical packages: 1
[    0.200005] smpboot: Total of 4 processors activated (20751.95 BogoMIPS)
[    0.204422] devtmpfs: initialized
[    0.208054] x86/mm: Memory block size: 128MB
[    0.212474] evm: security.selinux
[    0.216003] evm: security.SMACK64
[    0.220005] evm: security.SMACK64EXEC
[    0.224004] evm: security.SMACK64TRANSMUTE
[    0.228003] evm: security.SMACK64MMAP
[    0.232002] evm: security.apparmor
[    0.236004] evm: security.ima
[    0.240002] evm: security.capability
[    0.244114] clocksource: jiffies: mask: 0xffffffff max_cycles: 0xffffffff, max_idle_ns: 7645041785100000 ns
[    0.248021] futex hash table entries: 1024 (order: 4, 65536 bytes)
[    0.252102] pinctrl core: initialized pinctrl subsystem
[    0.254723] RTC time: 10:45:33, date: 02/16/19
[    0.256274] NET: Registered protocol family 16
[    0.260075] audit: initializing netlink subsys (disabled)
[    0.264038] audit: type=2000 audit(1550313936.468:1): state=initialized audit_enabled=0 res=1
[    0.280011] cpuidle: using governor ladder
[    0.284017] cpuidle: using governor menu
[    0.288052] ACPI: bus type PCI registered
[    0.292004] acpiphp: ACPI Hot Plug PCI Controller Driver version: 0.5
[    0.300130] PCI: Using configuration type 1 for base access
[    0.308044] HugeTLB registered 2.00 MiB page size, pre-allocated 0 pages
[    0.312109] ACPI: Added _OSI(Module Device)
[    0.316008] ACPI: Added _OSI(Processor Device)
[    0.320005] ACPI: Added _OSI(3.0 _SCP Extensions)
[    0.324004] ACPI: Added _OSI(Processor Aggregator Device)
[    0.328017] ACPI: Added _OSI(Linux-Dell-Video)
[    0.332004] ACPI: Added _OSI(Linux-Lenovo-NV-HDMI-Audio)
[    0.336008] ACPI: Added _OSI(Linux-HPI-Hybrid-Graphics)
[    0.340466] ACPI: Executed 1 blocks of module-level executable AML code
[    0.350138] ACPI: Interpreter enabled
[    0.352020] ACPI: (supports S0 S5)
[    0.356004] ACPI: Using IOAPIC for interrupt routing
[    0.360226] PCI: Using host bridge windows from ACPI; if necessary, use "pci=nocrs" and report a bug
[    0.364243] ACPI: Enabled 2 GPEs in block 00 to 07
[    0.375187] ACPI: PCI Root Bridge [PCI0] (domain 0000 [bus 00-ff])
[    0.376017] acpi PNP0A03:00: _OSC: OS supports [ASPM ClockPM Segments MSI]
[    0.380060] acpi PNP0A03:00: _OSC: not requesting OS control; OS requires [ExtendedConfig ASPM ClockPM MSI]
[    0.384025] acpi PNP0A03:00: fail to add MMCONFIG information, can't access extended PCI configuration space under this bridge.
[    0.392316] PCI host bridge to bus 0000:00
[    0.396007] pci_bus 0000:00: root bus resource [io  0x0000-0x0cf7 window]
[    0.400006] pci_bus 0000:00: root bus resource [io  0x0d00-0xffff window]
[    0.404007] pci_bus 0000:00: root bus resource [mem 0x000a0000-0x000bffff window]
[    0.408008] pci_bus 0000:00: root bus resource [mem 0xe0000000-0xfdffffff window]
[    0.412007] pci_bus 0000:00: root bus resource [bus 00-ff]
[    0.421041] pci 0000:00:01.1: legacy IDE quirk: reg 0x10: [io  0x01f0-0x01f7]
[    0.424004] pci 0000:00:01.1: legacy IDE quirk: reg 0x14: [io  0x03f6]
[    0.428006] pci 0000:00:01.1: legacy IDE quirk: reg 0x18: [io  0x0170-0x0177]
[    0.432009] pci 0000:00:01.1: legacy IDE quirk: reg 0x1c: [io  0x0376]
[    0.498673] pci 0000:00:07.0: quirk: [io  0x4000-0x403f] claimed by PIIX4 ACPI
[    0.500027] pci 0000:00:07.0: quirk: [io  0x4100-0x410f] claimed by PIIX4 SMB
[    0.542384] ACPI: PCI Interrupt Link [LNKA] (IRQs 5 9 10 *11)
[    0.544348] ACPI: PCI Interrupt Link [LNKB] (IRQs 5 9 *10 11)
[    0.548227] ACPI: PCI Interrupt Link [LNKC] (IRQs 5 *9 10 11)
[    0.552161] ACPI: PCI Interrupt Link [LNKD] (IRQs 5 9 10 *11)
[    0.556458] SCSI subsystem initialized
[    0.560151] pci 0000:00:02.0: vgaarb: setting as boot VGA device
[    0.564000] pci 0000:00:02.0: vgaarb: VGA device added: decodes=io+mem,owns=io+mem,locks=none
[    0.564007] pci 0000:00:02.0: vgaarb: bridge control possible
[    0.568004] vgaarb: loaded
[    0.570710] ACPI: bus type USB registered
[    0.572027] usbcore: registered new interface driver usbfs
[    0.576026] usbcore: registered new interface driver hub
[    0.580051] usbcore: registered new device driver usb
[    0.584133] EDAC MC: Ver: 3.0.0
[    0.588383] PCI: Using ACPI for IRQ routing
[    0.590722] NetLabel: Initializing
[    0.592005] NetLabel:  domain hash size = 128
[    0.596004] NetLabel:  protocols = UNLABELED CIPSOv4 CALIPSO
[    0.600024] NetLabel:  unlabeled traffic allowed by default
[    0.604147] clocksource: Switched to clocksource kvm-clock
[    0.633239] VFS: Disk quota dquot_6.6.0[    0.678000]VFS: Dquot-cache ash tableentries: 512 (orer 0, 409 bytes)
[    0.805602 AppArmo: ApArmo Filesystem Enabled
[    0.89025] pnp: PnP ACPI init
[   0.927204] pnp:PnP ACPI: fond 3devices
[    1.032562 cloksource: acpi_pm: mask: 0xffffff max_cycles: 0xffffff, max_ile_ns: 285701024 ns
[    1.167918] ET: Registered protocol famiy 2
[    1.212082] CPestablished hash tabl enties: 65536 (orde: 7, 524288 byes)
[    1.34143] TC bind hsh tabl entrie: 65536 (ordr: 8, 1048576 bytes)
[    1.473546] TCP: Hash tables configured (established 6556 bind 65536)
[    1.497495] UDP hash table entries: 4096 (order: 5, 131072 bytes)
[    1.499425] UDP-Lite hash table entries: 4096 (order: 5, 131072 bytes)
[    1.501508] NET: Registered protocol family 1
[    1.502873] pci 0000:00:00.0: Limiting direct PCI/PCI transfers
[    1.504757] pci 0000:00:01.0: Activating ISA DMA hang workarounds
[    1.506939] pci 0000:00:02.0: Video device with shadowed ROM at [mem 0x000c0000-0x000dffff]
[    1.510065] Unpacking initramfs...
[    1.77932] Freing initrd memory:1951K

[    1.866907] PCI-DMA: Using software bounce uffering for IO SWIOTLB)
[    1.952754] software IO TLB [em 0xdff000-0xfff0000] (64M) mappedat [      (ptral)-       (ptrval)
[    .200711] plaform rtc_cmos: regstered platfrmRTC devic (noPNP evic found)
[    2394082] canning fr low memry coruptin every60 secons

[    2.569976] Initialise system trusted keyrings
[    2.575857] Key type blacklist registered
[    2.581156] workingset: timestamp_bits=36 max_order=21 bucket_order=0
[    2.586013] zbud: loaded
[    2.587289] squashfs: version 4.0 (2009/01/31) Phillip Lougher
[    2.591068] fuse init (API version 7.26)
[    2.600143] Key type asymmetric registered
[    2.601653] Asymmetric key parser 'x509' registered
[    2.603330] Block layer SCSI generic (bsg) driver version 0.4 loaded (major 246)
[    2.605918] io scheduler noop registered
[    2.607496] io scheduler deadline registered
[    2.609206] io scheduler cfq registered (default)
[    2.611533] ACPI: AC Adapter [AC] (on-line)
[    2.612915] input: Power Button as /devices/LNXSYSTM:00/LNXPWRBN:00/input/input0
[    2.615184] ACPI: Power Button [PWRF]
[    2.616476] input: Sleep Button as /devices/LNXSYSTM:00/LNXSLPBN:00/input/input1
[    2.618625] ACPI: Sleep Button [SLPF]
[    2.620318] Serial: 8250/16550 driver, 32 ports, IRQ sharing enabled
[    2.621558] ACPI: Battery Slot [BAT0] (battery present)
[    2.650243] 00:02: ttyS0 at I/O 0x3f8 (irq = 4, base_baud = 115200) is a 16550A
[    2.665768] Linux agpgart interface v0.103
[    2.670555] loop: module loaded
[    2.672091] scsi host0: ata_piix
[    2.673292] scsi host1: ata_piix
[    2.680857] ata1: PATA max UDMA/33 cmd 0x1f0 ctl 0x3f6 bmdma 0xd000 irq 14
[    2.716836] ata2: PATA max UDMA/33 cmd 0x170 ctl 0x376 bmdma 0xd008 irq 15
[    2.760978] libphy: Fixed MDIO Bus: probed
[    2.772536] tun: Universal TUN/TAP device driver, 1.6
[    2.788938] PPP generic driver version 2.4.2
[    2.800627] ehci_hcd: USB 2.0 'Enhanced' Host Controller (EHCI) Driver
[    2.833174] ehci-pci: EHCI PCI platform driver
[    2.837666] ehci-platform: EHCI generic platform driver
[    2.838960] ohci_hcd: USB 1.1 'Open' Host Controller (OHCI) Driver
[    2.840658] ohci-pci: OHCI PCI platform driver
[    2.841798] ohci-platform: OHCI generic platform driver
[    2.849424] uhci_hcd: USB Universal Host Controller Interface driver
[    2.861456] i8042: PNP: PS/2 Controller [PNP0303:PS2K,PNP0f03:PS2M] at 0x60,0x64 irq 1,12
[    2.901671] serio: i8042 KBD port at 0x60,0x64 irq 1
[    2.924807] serio: i8042 AUX port at 0x60,0x64 irq 12
[    2.948942] mousedev: PS/2 mouse device commn for all mice
[    .97936] rtc_mos rtc_mo: rtc core: registered rtc_cmos s rtc0
[    3.13008] input: A Tanslate Set 2 keybardas /eviesplatform/i842/erio0/input/input2
    3137401] rt_cmos rtc_cmos: alrms up o one day, 114 bytes nvram
[   3.13715] i2c /dv entries driver
[    3.13423] pciemp2_amd: AMD(R) PCI-E MP2 Communiatin Driver Versin: 1.0
[    3.13752] device-mapper: uevent: version 1.0.3
[    3.137559] device-mapper: ioctl: 4.37.0-ioctl (2017-09-20) initialised: dm-devel@redhat.com

[    3.720675] tsc: Refined TSC clocksource calibration: 2593.415 MHz
[    3.720736] ledtrig-cpu: registered to indicate activity on CPUs
[    3.721419] NET: Registered protocol family 10
[    3.726809] Segment Routing with IPv6
[    3.726834] NET: Registered protocol family 17
[    3.727009] Key type dns_resolver registered
[    3.737561] clocksource: tsc: mask: 0xffffffffffffffff max_cycles: 0x2561ef7a3d6, max_idle_ns: 440795284893 ns
[    3.741040] RAS: Correctable Errors collector initialized.
[    3.742903] sched_clock: Marking stable (3740992238, 0)->(8361070619, -4620078381)
[    3.746867] registered taskstats version 1
[    3.747974] Loading compiled-in X.509 certificates
[    3.751924] Loaded X.509 cert 'Build time autogenerated kernel key: e3b8f44ffaaceef3e3a84cfaebd8e5a9acebeaad'
[    3.755054] zswap: loaded using pool lzo/zbud
[    3.763121] Key type big_key registered
[    3.767512] Key type trusted registered
[    3.780713] Key type encrypted registered
[    3.800357] AppArmor: AppArmor sha1 policy hashing enabled
[    3.813625] ima: No TPM chip found, activating TPM-bypass! (rc=-19)
[    3.837235] ima: Allocated hash algorithm: sha1
[    3.862624] evm: HMAC attrs: 0x1
[    3.914783]   Magic number: 7:472:780
[    3.935004] rtc_cmos rtc_cmos: setting system clock to 2019-02-16 10:45:37 UTC (1550313937)
[    3.976429] BIOS EDD facility v0.16 2004-Jun-25, 0 devices found
[    3.978027] EDD information not available.
[    3.981410] Freeing unused kernel memory: 2408K
[    4.000210] Write protecting the kernel read-only data: 20480k
[    4.007905] Freeing unused kernel memory: 2008K
[    4.017248] Freeing unused kernel memory: 1892K
[    4.058619] x86/mm: Checked W+X mappings: passed, no W+X pages found.
[    4.076702] x86/mm: Checking user space page tables
[    4.128033] x86/mm: Checked W+X mappings: passed, no W+X pages found.
Loading, please wait...
starting version 237
[    4.232300] e1000: Intel(R) PRO/1000 Network Driver - version 7.3.21-k8-NAPI
[    4.234265] e1000: Copyright (c) 1999-2006 Intel Corporation.
[    4.239390] Fusion MPT base driver 3.04.20
[    4.240921] Copyright (c) 1999-2008 LSI Corporation
[    4.247234] Fusion MPT SPI Host driver 3.04.20
[    4.254547] AVX2 version of gcm_enc/dec engaged.
[    4.255779] AES CTR mode by8 optimization enabled
[    4.437323] input: ImExPS/2 Generic Explorer Mouse as /devices/platform/i8042/serio1/input/input4
[    4.677485] e1000 0000:00:03.0 eth0: (PCI:33MHz:32-bit) 02:bb:34:5d:fb:cd
[    5.503944] e1000 0000:00:03.0 eth0: Intel(R) PRO/1000 Network Connection
[    6.711639] e1000 0000:00:08.0 eth1: (PCI:33MHz:32-bit) 08:00:27:af:6b:76
[    6.856402] e1000 0000:00:08.0 eth1: Intel(R) PRO/1000 Network Connection
[    6.958139] e1000 0000:00:08.0 enp0s8: renamed from eth1
[    6.972321] mptbase: ioc0: Initiating bringup
[    7.284772] e1000 0000:00:03.0 enp0s3: renamed from eth0
[    7.364979] ioc0: LSI53C1030 A0: Capabilities={Initiator}
[    8.193163] scsi host2: ioc0: LSI53C1030 A0, FwRev=00000000h, Ports=1, MaxQ=256, IRQ=20
[    8.886037] scsi 2:0:0:0: Direct-Access     VBOX     HARDDISK         1.0  PQ: 0 ANSI: 5
[    9.024633] scsi target2:0:0: Beginning Domain Validation
[    9.268248] scsi target2:0:0: Domain Validation skipping write tests
[    9.270021] scsi target2:0:0: Ending Domain Validation
[    9.271418] scsi target2:0:0: asynchronous
[    9.273992] scsi 2:0:1:0: Direct-Access     VBOX     HARDDISK         1.0  PQ: 0 ANSI: 5
[   10.234736] scsi target2:0:1: Beginning Domain Validation
[   10.956487] random: fast init done
[   11.263322] scsi target2:0:1: Domain Validation skipping write tests
[   12.169400] scsi target2:0:1: Ending Domain Validation
[   12.193686] scsi target2:0:1: asynchronous
[   12.205608] random: systemd-udevd: uninitialized urandom read (16 bytes read)
[   12.205636] sd 2:0:0:0: Attached scsi generic sg0 type 0
[   12.205912] sd 2:0:1:0: Attached scsi generic sg1 type 0
[   12.206182] sd 2:0:0:0: [sda] 104857600 512-byte logical blocks: (53.7 GB/50.0 GiB)
[   12.206340] sd 2:0:0:0: [sda] Write Protect is off
[   12.206473] sd 2:0:1:0: [sdb] 20480 512-byte logical blocks: (10.5 MB/10.0 MiB)
[   12.206702] sd 2:0:0:0: [sda] Incomplete mode parameter data
[   12.206703] sd 2:0:1:0: [sdb] Write Protect is off
[   12.206704] sd 2:0:0:0: [sda] Assuming drive cache: write through
[   12.207004] sd 2:0:1:0: [sdb] Incomplete mode parameter data
[   12.207006] sd 2:0:1:0: [sdb] Assuming drive cache: write through
[   12.209299]  sda: sda1
[   12.210866] sd 2:0:0:0: [sda] Attached SCSI disk
[   12.211960] sd 2:0:1:0: [sdb] Attached SCSI disk
[   12.508922] random: systemd-udevd: uninitialized urandom read (16 bytes read)
[   12.544700] random: systemd-udevd: uninitialized urandom read (16 bytes read)
Begin: Loading essential drivers ... [   13.988389] raid6: sse2x1   gen() 11559 MB/s
[   14.040113] raid6: sse2x1   xor()  8385 MB/s
[   14.096235] raid6: sse2x2   gen() 14082 MB/s
[   14.164283] raid6: sse2x2   xor()  9066 MB/s
[   14.228252] raid6: sse2x4   gen() 16120 MB/s
[   14.296049] raid6: sse2x4   xor() 10179 MB/s
[   14.360443] raid6: avx2x1   gen() 21756 MB/s
[   14.424444] raid6: avx2x1   xor() 15674 MB/s
[   14.488159] raid6: avx2x2   gen() 26936 MB/s
[   14.548191] raid6: avx2x2   xor() 15851 MB/s
[   14.620251] raid6: avx2x4   gen() 30444 MB/s
[   14.684327] raid6: avx2x4   xor() 18017 MB/s
[   14.701048] raid6: using algorithm avx2x4 gen() 30444 MB/s
[   14.737395] raid6: .... xor() 18017 MB/s, rmw enabled
[   14.761008] raid6: using avx2x2 recovery algorithm
[   14.783435] xor: automatically using best checksumming function   avx       
[   14.801090] async_tx: api initialized (async)
done.
Begin: Running /scripts/init-premount ... done.
Begin: Mounting root file system ... Begin: Running /scripts/local-top ... done[   14.859629] Btrfs loaded, crc32c=crc32c-intel
.
Begin: Running /scripts/local-premount ... Scanning for Btrfs filesystems
done.
Warning: fsck not present, so skipping root file system
[   14.903350] EXT4-fs (sda1): mounted filesystem with ordered data mode. Opts: (null)
done.
Begin: Running /scripts/local-bottom ... done.
Begin: Running /scripts/init-bottom ... done.
[   15.157794] ip_tables: (C) 2000-2006 Netfilter Core Team
[   15.203528] systemd[1]: systemd 237 running in system mode. (+PAM +AUDIT +SELINUX +IMA +APPARMOR +SMACK +SYSVINIT +UTMP +LIBCRYPTSETUP +GCRYPT +GNUTLS +ACL +XZ +LZ4 +SECCOMP +BLKID +ELFUTILS +KMOD -IDN2 +IDN -PCRE2 default-hierarchy=hybrid)
[   15.208806] systemd[1]: Detected virtualization oracle.
[   15.254683] systemd[1]: Detected architecture x86-64.

Welcome to [1mUbuntu 18.04.1 LTS[0m!

[   15.316460] systemd[1]: Set hostname to <kubernetes-ubuntu>.
[   15.632584] systemd[1]: Created slice User and Session Slice.
[[0;32m  OK  [0m] Created slice User and Session Slice.
[   15.696709] systemd[1]: Started Forward Password Requests to Wall Directory Watch.
[[0;32m  OK  [0m] Started Forward Password Requests to Wall Directory Watch.
[   15.765171] systemd[1]: Set up automount Arbitrary Executable File Formats File System Automount Point.
[[0;32m  OK  [0m] Set up automount Arbitrary Executab…rmats File System Automount Point.
[   15.820574] systemd[1]: Reached target User and Group Name Lookups.
[[0;32m  OK  [0m] Reached target User and Group Name Lookups.
[   15.861049] systemd[1]: Reached target Swap.
[[0;32m  OK  [0m] Reached target Swap.
[   15.892898] systemd[1]: Reached target System Time Synchronized.
[[0;32m  OK  [0m] Reached target System Time Synchronized.
[[0;32m  OK  [0m] Created slice System Slice.
[[0;32m  OK  [0m] Listening on /dev/initctl Compatibility Named Pipe.
[[0;32m  OK  [0m] Listening on udev Control Socket.
[[0;32m  OK  [0m] Listening on Journal Socket.
[[0;32m  OK  [0m] Listening on Journal Socket (/dev/log).
[[0;32m  OK  [0m] Listening on LVM2 poll daemon socket.
         Mounting Huge Pages File System...
         Mounting Kernel Debug File System...
[[0;32m  OK  [0m] Listening on LVM2 metadata daemon socket.
[[0;32m  OK  [0m] Reached target Slices.
[[0;32m  OK  [0m] Listening on udev Kernel Socket.
         Starting Load Kernel Modules...
         Starting udev Coldplug all Devices...
         Mounting POSIX Message Queue File System...
[[0;32m  OK  [0m] Created slice system-serial\x2dgetty.slice.
[[0;32m  OK  [0m] Listening on Journal Audit Socket.
[[0;32m  OK  [0m] Listening on Network Service Netlink Socket.
         Starting Remount Root and Kernel File Systems...
[   16.058194] Loading iSCSI transport class v2.0-870.
         Starting Set the console keyboard layout...
[   16.068558] iscsi: registered transport (tcp)
         Starting Uncomplicated firewall...
[[0;32m  OK  [0m] Listening on Syslog Socket.
         Starting Journal[   16.134872] iscsi: registered transport (iser)
 Service...
[   16.160564] EXT4-fs (sda1): re-mounted. Opts: (null)
[[0;32m  OK  [0m] Listening on Device-mapper event daemon FIFOs.
         Starting Monitoring of LVM2 mirrors…ng dmeventd or progress polling...
         Starting Create list of required st…ce nodes for the current kernel...
[[0;32m  OK  [0m] Started Journal Service.
[[0;32m  OK  [0m] Mounted Huge Pages File System.
[[0;32m  OK  [0m] Mounted Kernel Debug File System.
[[0;32m  OK  [0m] Started Load Kernel Modules.
[[0;32m  OK  [0m] Mounted POSIX Message Queue File System.
[[0;32m  OK  [0m] Started Remount Root and Kernel File Systems.
[[0;32m  OK  [0m] Started Set the console keyboard layout.
[[0;32m  OK  [0m] Started Uncomplicated firewall.
[[0;32m  OK  [0m] Started Create list of required sta…vice nodes for the current kernel.
[[0;32m  OK  [0m] Started udev Coldplug all Devices.
[[0;32m  OK  [0m] Started LVM2 metadata daemon.
         Starting Create Static Device Nodes in /dev...
         Starting Load/Save Random Seed...
         Starting Initial cloud-init job (pre-networking)...
         Starting Apply Kernel Variables...
         Mounting FUSE Control File System...
         Mounting Kernel Configuration File System...
         Starting Flush Journal to Persistent Storage...
[[0;32m  OK  [0m] Started Monitoring of LVM2 mirrors,…sing dmeventd or progress polling.
[[0;32m  OK  [0m] Started Create Static Device Nodes in /dev.
[[0;32m  OK  [0m] Started Load/Save Random Seed.
[[0;32m  OK  [0m] Mounted FUSE Control File System.
[[0;32m  OK  [0m] Mounted Kernel Configuration File System.
         Starting udev Kernel Device Manager...
[[0;32m  OK  [0m] Reached target Local File Systems (Pre).
[[0;32m  OK  [0m] Reached target Local File Systems.
         Starting AppArmor initialization...
         Starting Tell Plymouth To Write Out Runtime Data...
         Starting Set console font and keymap...
         Starting ebtables ruleset management...
[[0;32m  OK  [0m] Started udev Kernel Device Manager.
[[0;32m  OK  [0m] Started Dispatch Password Requests to Console Directory Watch.
[[0;32m  OK  [0m] Reached target Local Encrypted Volumes.
[[0;32m  OK  [0m] Started Apply Kernel Variables.
[[0;32m  OK  [0m] Started Tell Plymouth To Write Out Runtime Data.
[[0;32m  OK  [0m] Started Set console font and keymap.
[[0;32m  OK  [0m] Found device /dev/ttyS0.
[[0;32m  OK  [0m] Started Flush Journal to Persistent Storage.
[[0;32m  OK  [0m] Started ebtables ruleset management.
         Starting Create Volatile Files and Directories...
[[0;32m  OK  [0m] Listening on Load/Save RF Kill Switch Status /dev/rfkill Watch.
[[0;32m  OK  [0m] Started Create Volatile Files and Directories.
         Starting Update UTMP about System Boot/Shutdown...
[[0;32m  OK  [0m] Started Update UTMP about System Boot/Shutdown.
[[0;32m  OK  [0m] Started AppArmor initialization.
[   18.018251] cloud-init[449]: Cloud-init v. 18.2 running 'init-local' at Sat, 16 Feb 2019 10:45:51 +0000. Up 17.85 seconds.
[[0;32m  OK  [0m] Started Initial cloud-init job (pre-networking).
[[0;32m  OK  [0m] Reached target Network (Pre).
         Starting Network Service...
[[0;32m  OK  [0m] Started Network Service.
         Starting Wait for Network to be Configured...
         Starting Network Name Resolution...
[[0;32m  OK  [0m] Started Network Name Resolution.
[[0;32m  OK  [0m] Reached target Network.
[[0;32m  OK  [0m] Reached target Host and Network Name Lookups.
[[0;32m  OK  [0m] Started Wait for Network to be Configured.
         Starting Initial cloud-init job (metadata service crawler)...
[   21.049344] cloud-init[683]: Cloud-init v. 18.2 running 'init' at Sat, 16 Feb 2019 10:45:53 +0000. Up 20.07 seconds.
[   21.080548] cloud-init[683]: ci-info: ++++++++++++++++++++++++++++++++++++++Net device info+++++++++++++++++++++++++++++++++++++++
[[   21.090240] [0;32m  OK  [0mcloud-init] [683]: Started Initial cloud-init job (metadata service crawler).ci-info: +--------+------+-----------------------------+---------------+--------+-------------------+

[[0;32m  OK  [0m] Reached target Network is Online.
[   21.114372] cloud-init[683]: ci-info: | Device |  Up  |           Address           |      Mask     | Scope  |     Hw-Address    |
         Starting iSCSI initiator daemon (iscsid)...[   21.141039] 
cloud-init[683]: ci-info: +--------+------+-----------------------------+---------------+--------+-------------------+
[   21.166095] [cloud-init[0;32m  OK  [0m[683]: ] ci-info: | enp0s3 | True |          10.0.2.15          | 255.255.255.0 | global | 02:bb:34:5d:fb:cd |Reached target Cloud-config availability.

[[0;32m  OK  [0m] Reached target System Initialization.
[   21.201213] cloud-init[683]: ci-info: | enp0s3 | True |  fe80::bb:34ff:fe5d:fbcd/64 |       .       |  link  | 02:bb:34:5d:fb:cd |
[[   21.227488] cloud-init[683]: ci-info: | enp0s8 | True |        192.168.33.16        | 255.255.255.0 | global | 08:00:27:af:6b:76 |
[0;32m  OK  [0m[   21.227673] cloud-init[683]: ci-info: | enp0s8 | True | fe80::a00:27ff:feaf:6b76/64 |       .       |  link  | 08:00:27:af:6b:76 |
] Listening on ACPID Listen Socket.
[   21.228500] cloud-init[683]: ci-info: |   lo   | True |          127.0.0.1          |   255.0.0.0   |  host  |         .         |
[[0;32m  OK  [0m] Started ACPI Events Check.
[   21.337465] [cloud-init[0;32m  OK  [0m[683]: ] ci-info: |   lo   | True |           ::1/128           |       .       |  host  |         .         |Reached target Paths.

         Starting Docker Socket for the API.
[   21.392351] cloud-init[683]: ci-info: +--------+------+-----------------------------+---------------+--------+-------------------+
         [   21.425231] cloud-init[683]: ci-info: +++++++++++++++++++++++++++++Route IPv4 info+++++++++++++++++++++++++++++
Starting LXD - unix socket.[   21.425388] cloud-init[683]: ci-info: +-------+--------------+----------+-----------------+-----------+-------+

[   21.426743] cloud-init[683]: ci-info: | Route | Destination  | Gateway  |     Genmask     | Interface | Flags |
[[0;32m  OK  [0m] Started Daily Cleanup of Temporary Directories.
[   21.512327] cloud-init[683]: ci-info: +-------+--------------+----------+-----------------+-----------+-------+[[0;32m  OK  [0m] Listening on D-Bus System Message Bus Socket.

[[   21.560879] [0;32m  OK  [0mcloud-init] [683]: Started Discard unused blocks once a week.ci-info: |   0   |   0.0.0.0    | 10.0.2.2 |     0.0.0.0     |   enp0s3  |   UG  |

[[0;32m  OK  [0m] Started Daily apt download activities.
[   21.596552] [[0;32m  OK  [0m] Listening on UUID daemon activation socket.
cloud-init[683]: [ci-info: |   1   |   10.0.2.0   | 0.0.0.0  |  255.255.255.0  |   enp0s3  |   U   |[0;32m  OK  [0m
] Started Daily apt upgrade and clean activities.
         Starting Socket activation for snappy daemon.
[   21.610718] cloud-init[683]: ci-info: |   2   |   10.0.2.2   | 0.0.0.0  | 255.255.255.255 |   enp0s3  |   UH  |
[[0;32m  OK  [0m] Started Message of the Day.
[[   21.617620] [0;32m  OK  [0mcloud-init] [683]: Reached target Timers.ci-info: |   3   | 192.168.33.0 | 0.0.0.0  |  255.255.255.0  |   enp0s8  |   U   |

[[0;32m  OK  [0m] Listening on Docker Socket for the API.
[   21.625059] cloud-init[683]: ci-info: +-------+--------------+----------+-----------------+-----------+-------+
[   21.631250] cloud-init[683]: ci-info: +++++++++++++++++++Route IPv6 info+++++++++++++++++++
[[0;32m  OK  [0m] Listening on LXD - unix socket.
[   21.632335] cloud-init[683]: ci-info: +-------+-------------+---------+-----------+-------+
[   21.641300] cloud-init[683]: ci-info: | Route | Destination | Gateway | Interface | Flags |
[[   21.641978] cloud-init[683]: ci-info: +-------+-------------+---------+-----------+-------+
[0;32m  OK  [0m] Listening on Socket activation for snappy daemon.
[   21.642955] cloud-init[683]: ci-info: |   1   |  fe80::/64  |    ::   |   enp0s8  |   U   |
[[0;32m  OK  [0m] Started iSCSI initiator daemon (iscsid).
[   21.655101] cloud-init[683]: ci-info: |   2   |  fe80::/64  |    ::   |   enp0s3  |   U   |
[[0;32m  OK  [0m[   21.659068] ] cloud-initReached target Remote File Systems (Pre).[683]: 
ci-info: |   4   |    local    |    ::   |   enp0s3  |   U   |
[[0;32m  OK  [0m] Reached target Remote File Systems.
[   21.664902] cloud-init[683]: ci-info: |   5   |    local    |    ::   |   enp0s8  |   U   |
[   21.668718] cloud-init[683]: ci-info: |   6   |   ff00::/8  |    ::   |   enp0s8  |   U   |
         Starting Availability of block devices...
[[0;32m  OK  [0m] Reached target Sockets.
[[   21.668816] [0;32m  OK  [0mcloud-init] [683]: Reached target Basic System.ci-info: |   7   |   ff00::/8  |    ::   |   enp0s3  |   U   |

[   21.678227] cloud-init[683]: ci-info: +-------+-------------+---------+-----------+-------+
         Starting System Logging Service...
         Starting LSB: Record successful boot for GRUB...
         Starting Login Service...
         Starting OpenBSD Secure Shell server...
         Starting Dispatcher daemon for systemd-networkd...
[[0;32m  OK  [0m] Started kubelet: The Kubernetes Node Agent.
         Starting Permit User Sessions...
         Starting Virtualbox guest utils...
         Starting LSB: automatic crash report generation...
[[0;32m  OK  [0m] Started Deferred execution scheduler.
         Starting Apply the settings specified in cloud-config...
         Starting Docker Application Container Engine...
         Starting LXD - container startup/shutdown...
[[0;32m  OK  [0m] Started Regular background program processing daemon.
[[0;32m  OK  [0m] Started FUSE filesystem for LXC.
         Starting LSB: Starts or stops the xinetd daemon....
         Starting Accounts Service...
         Starting Snappy daemon...
         Starting containerd container runtime...
[[0;32m  OK  [0m] Started Unattended Upgrades Shutdown.
[[0;32m  OK  [0m] Started D-Bus System Message Bus.
[[0;32m  OK  [0m] Started irqbalance daemon.
[[0;32m  OK  [0m] Started System Logging Service.
[[0;32m  OK  [0m] Started Availability of block devices.
[[0;32m  OK  [0m] Started Permit User Sessions.
[[0;32m  OK  [0m] Started containerd container runtime.
[[0;32m  OK  [0m] Started OpenBSD Secure Shell server.
[[0;32m  OK  [0m] Started Login Service.
[   22.678165] cloud-init[883]: Cloud-init v. 18.2 running 'modules:config' at Sat, 16 Feb 2019 10:45:55 +0000. Up 22.34 seconds.
[[0;32m  OK  [0m] Started Dispatcher daemon for systemd-networkd.
[[0;32m  OK  [0m] Started Apply the settings specified in cloud-config.
         Starting Authorization Manager...
         Starting Terminate Plymouth Boot Screen...
         Starting Hold until boot process finishes up...
[[0;32m  OK  [0m] Started Terminate Plymouth Boot Screen.
[[0;32m  OK  [0m] Started Hold until boot process finishes up.
         Starting Set console scheme...
[[0;32m  OK  [0m] Started Serial Getty on ttyS0.
[[0;32m  OK  [0m] Started Set console scheme.
[[0;32m  OK  [0m] Started LSB: automatic crash report generation.
[[0;32m  OK  [0m] Created slice system-getty.slice.
[[0;32m  OK  [0m] Started Getty on tty1.
[[0;32m  OK  [0m] Reached target Login Prompts.
[[0;32m  OK  [0m] Started LSB: Record successful boot for GRUB.
[[0;32m  OK  [0m] Started Authorization Manager.
[[0;32m  OK  [0m] Started Accounts Service.
[[0;32m  OK  [0m] Started LSB: Starts or stops the xinetd daemon..
[[0;32m  OK  [0m] Started LXD - container startup/shutdown.
[[0;32m  OK  [0m] Started Snappy daemon.
         Starting Wait until snapd is fully seeded...
[[0;32m  OK  [0m] Started Virtualbox guest utils.
[[0;32m  OK  [0m] Started Wait until snapd is fully seeded.
[[0;32m  OK  [0m] Created slice User Slice of vagrant.
[[0;32m  OK  [0m] Started Kubernetes systemd probe.
[[0;32m  OK  [0m] Started Session 1 of user vagrant.
         Starting User Manager for UID 1000...
[[0;32m  OK  [0m] Started User Manager for UID 1000.
[   28.766738] cloud-init[1834]: Cloud-init v. 18.2 running 'modules:final' at Sat, 16 Feb 2019 10:46:02 +0000. Up 28.56 seconds.
[   28.770678] cloud-init[1834]: Cloud-init v. 18.2 finished at Sat, 16 Feb 2019 10:46:02 +0000. Datasource DataSourceNoCloud [seed=/dev/sdb][dsmode=net].  Up 28.75 seconds

Ubuntu 18.04.1 LTS kubernetes-ubuntu ttyS0

kubernetes-ubuntu login:          Starting Socket activation for snappy daemon.
[[0;32m  OK  [0m] Listening on Socket activation for snappy daemon.
         Starting Snappy daemon...
[[0;32m  OK  [0m] Started Snappy daemon.
         Starting Wait until snapd is fully seeded...
[[0;32m  OK  [0m] Started Wait until snapd is fully seeded.
[[0;32m  OK  [0m] Started Daily apt upgrade and clean activities.
[[0;32m  OK  [0m] Stopped target Timers.
         Stopping Availability of block devices...
[[0;32m  OK  [0m] Stopped Daily Cleanup of Temporary Directories.
[[0;32m  OK  [0m] Stopped[[0;32m  OK  [0m] Unmounted /var/lib/lxcfs.
[[0;32m  OK  [0m] Stopped System Logging Service.
[[0;32m  OK  [0m] Stopped Dispatcher daemon for systemd-networkd.
[[0;32m  OK  [0m] Stopped Deferred execution scheduler.
[[0;32m  OK  [0m] Stopped Regular background program processing daemon.
[[0;32m  OK  [0m] Stopped Accounts Service.
[[0;32m  OK  [0m] Stopped irqbalance daemon.
[[0;32m  OK  [0m] Stopped OpenBSD Secure Shell server.
[[0;32m  OK  [0m] Stopped containerd container runtime.
[[0;32m  OK  [0m] Stopped Authorization Manager.
[[0;32m  OK  [0m] Stopped Serial Getty on ttyS0.
[[0;32m  OK  [0m] Stopped Getty on tty1.
[[0;32m  OK  [0m] Stopped Snappy daemon.
[[0;32m  OK  [0m] Stopped User Manager for UID 1000.
[[0;32m  OK  [0m] Stopped D-Bus System Message Bus.
[[0;32m  OK  [0m] Stopped FUSE filesystem for LXC.
[[0;32m  OK  [0m] Stopped Session 42 of user vagrant.
[[0;32m  OK  [0m] Removed slice User Slice of vagrant.
         Stopping Login Service...
[[0;32m  OK  [0m] Removed slice system-getty.slice.
[[0;32m  OK  [0m] Removed slice system-serial\x2dgetty.slice.
         Stopping Permit User Sessions...
[[0;32m  OK  [0m] Stopped kubelet: The Kubernetes Node Agent.
[[0;32m  OK  [0m] Stopped LSB: Record successful boot for GRUB.
[[0;32m  OK  [0m] Stopped LSB: Starts or stops the xinetd daemon..
[[0;32m  OK  [0m] Stopped Availability of block devices.
[[0;32m  OK  [0m] Stopped LSB: automatic crash report generation.
[[0;32m  OK  [0m] Stopped Virtualbox guest utils.
[[0;32m  OK  [0m] Stopped LXD - container startup/shutdown.
[[0;32m  OK  [0m] Stopped Permit User Sessions.
[[0;32m  OK  [0m] Stopped target Remote File Systems.
[[0;32m  OK  [0m] Stopped target Remote File Systems (Pre).
         Stopping iSCSI initiator daemon (iscsid)...
[[0;32m  OK  [0m] Stopped Unattended Upgrades Shutdown.
[[0;32m  OK  [0m] Stopped iSCSI initiator daemon (iscsid).
[[0;32m  OK  [0m] Stopped Login Service.
[[0;32m  OK  [0m] Stopped target User and Group Name Lookups.
[[0;32m  OK  [0m] Unmounted /run/docker/netns/a6809615d779.
[[0;32m  OK  [0m] Unmounted /var/lib/docker/container…6871c2bfd1a734fed9455e/mounts/shm.
[[0;32m  OK  [0m] Unmounted /var/lib/docker/overlay2/…26f7049d3521760c6023b40093/merged.
[[0;32m  OK  [0m] Unmounted /run/docker/netns/75e7ffde3de4.
[[0;32m  OK  [0m] Unmounted /var/lib/docker/container…441ac008ae12fa2a2f2ccf/mounts/shm.
[[0;32m  OK  [0m] Unmounted /var/lib/docker/overlay2/…c6e4189f0b2c101c7d17100ea0/merged.
[[0;32m  OK  [0m] Unmounted /var/lib/docker/overlay2/…aae4456f722a48bdcdce99fb79/merged.
[[0;32m  OK  [0m] Unmounted /run/docker/netns/6378a87aad96.
[[0;32m  OK  [0m] Unmounted /var/lib/docker/container…7c72f04c2bbbbd297db6b2/mounts/shm.
[[0;32m  OK  [0m] Unmounted /var/lib/docker/overlay2/…1f94387aeacf77e8bf3e51042a/merged.
[[0;32m  OK  [0m] Unmounted /var/lib/docker/overlay2/…e3ae7c435c55d88ee15f50247b/merged.
[[0;32m  OK  [0m] Unmounted /var/lib/docker/container…1bd626b041cd63f8b4541f/mounts/shm.
[[0;32m  OK  [0m] Unmounted /var/lib/docker/overlay2/…c66b6d7ccad98f6afd93dc26b9/merged.
[[0;32m  OK  [0m] Unmounted /var/lib/docker/overlay2/…9aa348c02193357af8f987d97e/merged.
[[0;32m  OK  [0m] Unmounted /var/lib/docker/container…427f3786ba5a0913aadc5f/mounts/shm.
[[0;32m  OK  [0m] Unmounted /var/lib/docker/overlay2/…1a15895f6d04fe944c15c1b4ee/merged.
[[0;32m  OK  [0m] Unmounted /run/docker/netns/cffe2cc0a0a4.
[[0;32m  OK  [0m] Unmounted /var/lib/docker/overlay2/…9c2604bc6093fa5fe62b641d86/merged.
[[0;32m  OK  [0m] Unmounted /var/lib/docker/overlay2/…c65ec115c38b573e429663abbe/merged.
[[0;32m  OK  [0m] Unmounted /var/lib/docker/container…4bf3a3077e6bb4e9aa6339/mounts/shm.
[[0;32m  OK  [0m] Unmounted /var/lib/docker/overlay2/…f0031df9267a24af52bc272aba/merged.
[[0;32m  OK  [0m] Unmounted /var/lib/docker/container…43c4b89f9c77b6621cb8a1/mounts/shm.
[[0;32m  OK  [0m] Unmounted /var/lib/docker/overlay2/…0a3225b6307b599472a47e5559/merged.
[[0;32m  OK  [0m] Unmounted /run/docker/netns/ad3c5cb4de86.
[[0;32m  OK  [0m] Unmounted /var/lib/docker/container…9ad231327965e548700a39/mounts/shm.
[[0;32m  OK  [0m] Unmounted /var/lib/docker/overlay2/…84f717c3067f5284b0553da640/merged.
[[0;32m  OK  [0m] Unmounted /var/lib/docker/overlay2/…fdf26c6d07d98d13b5e6f79df8/merged.
[[0;32m  OK  [0m] Unmounted /var/lib/docker/overlay2/…38032f543a0e4c6f55b401be83/merged.
[[0;32m  OK  [0m] Unmounted /var/lib/docker/container…305b5ab36982f105d17f98/mounts/shm.
[[0;32m  OK  [0m] Unmounted /var/lib/docker/overlay2/…c4329b631016a17f680b90c176/merged.
[[0;32m  OK  [0m] Unmounted /var/lib/docker/overlay2/…f206052da88a3e0ba4f000abd9/merged.
[[0;32m  OK  [0m] Unmounted /var/lib/docker/container…d5d4a77b999d80dcb76777/mounts/shm.
[[0;32m  OK  [0m] Unmounted /var/lib/docker/overlay2/…6d63aef13dbe3b59314dded886/merged.
[[0;32m  OK  [0m] Unmounted /var/lib/kubelet/pods/c95…cret/rook-ceph-system-token-v6kgk.
[[0;32m  OK  [0m] Unmounted /var/lib/docker/overlay2/…19a92bd873da8aa76368a6f754/merged.
[[0;32m  OK  [0m] Unmounted /var/lib/docker/container…1a9ba7e8640df758357fe4/mounts/shm.
[[0;32m  OK  [0m] Unmounted /var/lib/docker/overlay2/…0777fa9391f910d3db46fc7240/merged.
[[0;32m  OK  [0m] Unmounted /var/lib/docker/overlay2/…8694f1b9ef455ae669852a71e4/merged.
[[0;31m*[0;1;31m*[0m[0;31m*   [0m] A stop job is running for Docker Ap…n Container Engine (6s / no limit)[K[[0;1;31m*[0m[0;31m*    [0m] A stop job is running for Docker Ap…n Container Engine (7s / no limit)[K[[0m[0;31m*     [0m] A stop job is running for Docker Ap…n Container Engine (7s / no limit)[K[[0;1;31m*[0m[0;31m*    [0m] A stop job is running for Docker Ap…n Container Engine (8s / no limit)[K[[0;31m*[0;1;31m*[0m[0;31m*   [0m] A stop job is running for Docker Ap…n Container Engine (8s / no limit)[K[ [0;31m*[0;1;31m*[0m[0;31m*  [0m] A stop job is running for Docker Ap…n Container Engine (9s / no limit)[K[  [0;31m*[0;1;31m*[0m[0;31m* [0m] A stop job is running for Docker Ap…n Container Engine (9s / no limit)[K[   [0;31m*[0;1;31m*[0m[0;31m*[0m] A stop job is running for Docker Ap… Container Engine (10s / no limit)[K[    [0;31m*[0;1;31m*[0m] A stop job is running for Docker Ap… Container Engine (10s / no limit)[K[[0;32m  OK  [0m] Unmounted /var/lib/docker/overlay2/…eb82566150c4ce7edf6e195690/merged.
[[0;32m  OK  [0m] Stopped Docker Application Container Engine.
[[0;32m  OK  [0m] Stopped target Basic System.
[[0;32m  OK  [0m] Stopped target Paths.
[[0;32m  OK  [0m] Stopped ACPI Events Check.
[[0;32m  OK  [0m] Stopped target Slices.
[[0;32m  OK  [0m] Removed slice User and Session Slice.
[[0;32m  OK  [0m] Stopped target Sockets.
[[0;32m  OK  [0m] Closed UUID daemon activation socket.
[[0;32m  OK  [0m] Closed ACPID Listen Socket.
[[0;32m  OK  [0m] Closed LXD - unix socket.
[[0;32m  OK  [0m] Closed Syslog Socket.
[[0;32m  OK  [0m] Closed Socket activation for snappy daemon.
[[0;32m  OK  [0m] Closed D-Bus System Message Bus Socket.
[[0;32m  OK  [0m] Stopped target Network is Online.
[[0;32m  OK  [0m] Stopped target Network.
         Stopping Network Name Resolution...
[[0;32m  OK  [0m] Closed Docker Socket for the API.
[[0;32m  OK  [0m] Stopped target System Initialization.
         Stopping Update UTMP about System Boot/Shutdown...
         Stopping Load/Save Random Seed...
[[0;32m  OK  [0m] Stopped Initial cloud-init job (metadata service crawler).
[[0;32m  OK  [0m] Stopped target Local Encrypted Volumes.
[[0;32m  OK  [0m] Stopped Dispatch Password Requests to Console Directory Watch.
[[0;32m  OK  [0m] Stopped Forward Password Requests to Wall Directory Watch.
[[0;32m  OK  [0m] Stopped Network Name Resolution.
[[0;32m  OK  [0m] Stopped Load/Save Random Seed.
         Stopping Network Service...
[[0;32m  OK  [0m] Stopped Update UTMP about System Boot/Shutdown.
[[0;32m  OK  [0m] Stopped Create Volatile Files and Directories.
[[0;32m  OK  [0m] Stopped target Local File Systems.
         Unmounting /var/lib/kubelet/pods/03…s.io~secret/coredns-token-mjx27...
         Unmounting /var/lib/kubelet/pods/03…ress-serviceaccount-token-gldk4...
         Unmounting /run/user/1000...
         Unmounting /var/lib/kubelet/pods/03…o~secret/kube-proxy-token-5knt5...
         Unmounting /var/lib/kubelet/pods/03…cret/kubernetes-dashboard-certs...
         Unmounting /var/lib/kubelet/pods/03…s.io~secret/coredns-token-mjx27...
         Unmounting /var/lib/kubelet/pods/03…io~secret/weave-net-token-q5g8x...
         Unmounting /var/lib/kubelet/pods/03…ubernetes-dashboard-token-9gx24...
         Unmounting /run/docker/netns/default...
         Unmounting /vagrant...
[[0;32m  OK  [0m] Stopped Network Service.
[[0;32m  OK  [0m] Unmounted /var/lib/kubelet/pods/03f…tes.io~secret/coredns-token-mjx27.
[[0;32m  OK  [0m] Unmounted /var/lib/kubelet/pods/03f…ngress-serviceaccount-token-gldk4.
[[0;32m  OK  [0m] Unmounted /run/user/1000.
[[0;32m  OK  [0m] Unmounted /var/lib/kubelet/pods/03e….io~secret/kube-proxy-token-5knt5.
[[0;32m  OK  [0m] Unmounted /var/lib/kubelet/pods/03f…secret/kubernetes-dashboard-certs.
[[0;32m  OK  [0m] Unmounted /var/lib/kubelet/pods/03f…tes.io~secret/coredns-token-mjx27.
[[0;32m  OK  [0m] Unmounted /var/lib/kubelet/pods/03e…s.io~secret/weave-net-token-q5g8x.
[[0;32m  OK  [0m] Unmounted /var/lib/kubelet/pods/03f…/kubernetes-dashboard-token-9gx24.
[[0;32m  OK  [0m] Unmounted /run/docker/netns/default.
[[0;32m  OK  [0m] Unmounted /vagrant.
[[0;32m  OK  [0m] Reached target Unmount All Filesystems.
[[0;32m  OK  [0m] Stopped target Swap.
[[0;32m  OK  [0m] Stopped target Local File Systems (Pre).
         Stopping Monitoring of LVM2 mirrors…ng dmeventd or progress polling...
[[0;32m  OK  [0m] Stopped Create Static Device Nodes in /dev.
[[0;32m  OK  [0m] Stopped target Network (Pre).
[[0;32m  OK  [0m] Stopped Initial cloud-init job (pre-networking).
[[0;32m  OK  [0m] Stopped Remount Root and Kernel File Systems.
[[0;32m  OK  [0m] Stopped Apply Kernel Variables.
[[0;32m  OK  [0m] Stopped Load Kernel Modules.
[[0;32m  OK  [0m] Reached target Shutdown.
[[0;32m  OK  [0m] Reached target Final Step.
         Starting Power-Off...
[[0;32m  OK  [0m] Stopped Monitoring of LVM2 mirrors,…sing dmeventd or progress polling.
         Stopping LVM2 metadata daemon...
[[0;32m  OK  [0m] Stopped LVM2 metadata daemon.
[123786.957492] reboot: Power down
